===========================================================================
|                       Total Energy                                      |
===========================================================================
Total energy of system:     -3188.9342996909
===========================================================================
|                       Band Energy                                       |
===========================================================================
Band energy of system:    -8.8586825843
===========================================================================
|                     Magnetization                                       |
===========================================================================
Total magnetization:     0.0000000014
Spin moment of atom   1:  0.000000
Spin moment projections of atom   1:  0.000000  0.000000 -0.000000
Magnetic force on atom   1:        0.000000        0.000000       -0.000000
Spin moment of atom   2:  0.000000
Spin moment projections of atom   2:  0.000000  0.000000 -0.000000
Magnetic force on atom   2:        0.000000        0.000000       -0.000000
===========================================================================
|                       Charge Transfer                                   |
===========================================================================
Charge at atom   1:  9.440048
Charge transfer at atom   1: -0.559952
Charge at atom   2:  4.559952
Charge transfer at atom   2:  0.559952
===========================================================================
|                       Fermi Energy                                      |
===========================================================================
Fermi energy:  -0.375664
