 irec           2           1           2
 irec type           1           2
 ndi=       25606
25606
 LATTICE COORDINATES
    1  0.0000  0.0000  0.0000    2  2.0842  2.0842  2.0842
 ndi=       25606
 remd
 outmap           0           2
 NEAREST NEIGHBOUR MAP
      ATOM   TYPE  CONNECTIVITY     NEIGHBOURS
    1   1  19   5625 5626 5652 6225 6226 6251 6252 6277 6278 6843 6869 6870187121873818739
                             193301933119357
    2   2  19   6252 6278 6279 6870 6871 6897187391874018766193311933219357193581938319384
                             199571998319984
25606   19
 Sbar atom no:    1 Ntot:    2
  461
  0.0000  0.0000  0.0000
  2.0842  2.0842  2.0842
 -6.2526 -6.2526  4.1684
 -6.2526 -4.1684  6.2526
 -4.1684 -6.2526  6.2526
 -8.3368 -4.1684  0.0000
 -8.3368 -2.0842  2.0842
 -8.3368  0.0000  4.1684
 -6.2526 -6.2526  0.0000
 -6.2526 -4.1684  2.0842
 -6.2526 -2.0842  4.1684
 -6.2526  0.0000  6.2526
 -4.1684 -8.3368  0.0000
 -4.1684 -6.2526  2.0842
 -4.1684 -4.1684  4.1684
 -4.1684 -2.0842  6.2526
 -4.1684  0.0000  8.3368
 -2.0842 -8.3368  2.0842
 -2.0842 -6.2526  4.1684
 -2.0842 -4.1684  6.2526
 -2.0842 -2.0842  8.3368
  0.0000 -8.3368  4.1684
  0.0000 -6.2526  6.2526
  0.0000 -4.1684  8.3368
 -8.3368 -2.0842 -2.0842
 -8.3368  0.0000  0.0000
 -8.3368  2.0842  2.0842
 -6.2526 -6.2526 -4.1684
 -6.2526 -4.1684 -2.0842
 -6.2526 -2.0842  0.0000
 -6.2526  0.0000  2.0842
 -6.2526  2.0842  4.1684
 -6.2526  4.1684  6.2526
 -4.1684 -6.2526 -2.0842
 -4.1684 -4.1684  0.0000
 -4.1684 -2.0842  2.0842
 -4.1684  0.0000  4.1684
 -4.1684  2.0842  6.2526
 -2.0842 -8.3368 -2.0842
 -2.0842 -6.2526  0.0000
 -2.0842 -4.1684  2.0842
 -2.0842 -2.0842  4.1684
 -2.0842  0.0000  6.2526
 -2.0842  2.0842  8.3368
  0.0000 -8.3368  0.0000
  0.0000 -6.2526  2.0842
  0.0000 -4.1684  4.1684
  0.0000 -2.0842  6.2526
  0.0000  0.0000  8.3368
  2.0842 -8.3368  2.0842
  2.0842 -6.2526  4.1684
  2.0842 -4.1684  6.2526
  2.0842 -2.0842  8.3368
  4.1684 -6.2526  6.2526
 -8.3368  0.0000 -4.1684
 -8.3368  2.0842 -2.0842
 -8.3368  4.1684  0.0000
 -6.2526 -4.1684 -6.2526
 -6.2526 -2.0842 -4.1684
 -6.2526  0.0000 -2.0842
 -6.2526  2.0842  0.0000
 -6.2526  4.1684  2.0842
 -6.2526  6.2526  4.1684
 -4.1684 -6.2526 -6.2526
 -4.1684 -4.1684 -4.1684
 -4.1684 -2.0842 -2.0842
 -4.1684  0.0000  0.0000
 -4.1684  2.0842  2.0842
 -4.1684  4.1684  4.1684
 -4.1684  6.2526  6.2526
 -2.0842 -6.2526 -4.1684
 -2.0842 -4.1684 -2.0842
 -2.0842 -2.0842  0.0000
 -2.0842  0.0000  2.0842
 -2.0842  2.0842  4.1684
 -2.0842  4.1684  6.2526
  0.0000 -8.3368 -4.1684
  0.0000 -6.2526 -2.0842
  0.0000 -4.1684  0.0000
  0.0000 -2.0842  2.0842
  0.0000  0.0000  4.1684
  0.0000  2.0842  6.2526
  0.0000  4.1684  8.3368
  2.0842 -8.3368 -2.0842
  2.0842 -6.2526  0.0000
  2.0842 -4.1684  2.0842
  2.0842 -2.0842  4.1684
  2.0842  0.0000  6.2526
  2.0842  2.0842  8.3368
  4.1684 -8.3368  0.0000
  4.1684 -6.2526  2.0842
  4.1684 -4.1684  4.1684
  4.1684 -2.0842  6.2526
  4.1684  0.0000  8.3368
  6.2526 -6.2526  4.1684
  6.2526 -4.1684  6.2526
 -6.2526  0.0000 -6.2526
 -6.2526  2.0842 -4.1684
 -6.2526  4.1684 -2.0842
 -6.2526  6.2526  0.0000
 -4.1684 -2.0842 -6.2526
 -4.1684  0.0000 -4.1684
 -4.1684  2.0842 -2.0842
 -4.1684  4.1684  0.0000
 -4.1684  6.2526  2.0842
 -2.0842 -4.1684 -6.2526
 -2.0842 -2.0842 -4.1684
 -2.0842  0.0000 -2.0842
 -2.0842  2.0842  0.0000
 -2.0842  4.1684  2.0842
 -2.0842  6.2526  4.1684
  0.0000 -6.2526 -6.2526
  0.0000 -4.1684 -4.1684
  0.0000 -2.0842 -2.0842
  0.0000  2.0842  2.0842
  0.0000  4.1684  4.1684
  0.0000  6.2526  6.2526
  2.0842 -6.2526 -4.1684
  2.0842 -4.1684 -2.0842
  2.0842 -2.0842  0.0000
  2.0842  0.0000  2.0842
  2.0842  2.0842  4.1684
  2.0842  4.1684  6.2526
  4.1684 -6.2526 -2.0842
  4.1684 -4.1684  0.0000
  4.1684 -2.0842  2.0842
  4.1684  0.0000  4.1684
  4.1684  2.0842  6.2526
  6.2526 -6.2526  0.0000
  6.2526 -4.1684  2.0842
  6.2526 -2.0842  4.1684
  6.2526  0.0000  6.2526
 -6.2526  4.1684 -6.2526
 -6.2526  6.2526 -4.1684
 -4.1684  0.0000 -8.3368
 -4.1684  2.0842 -6.2526
 -4.1684  4.1684 -4.1684
 -4.1684  6.2526 -2.0842
 -4.1684  8.3368  0.0000
 -2.0842 -2.0842 -8.3368
 -2.0842  0.0000 -6.2526
 -2.0842  2.0842 -4.1684
 -2.0842  4.1684 -2.0842
 -2.0842  6.2526  0.0000
 -2.0842  8.3368  2.0842
  0.0000 -4.1684 -8.3368
  0.0000 -2.0842 -6.2526
  0.0000  0.0000 -4.1684
  0.0000  2.0842 -2.0842
  0.0000  4.1684  0.0000
  0.0000  6.2526  2.0842
  0.0000  8.3368  4.1684
  2.0842 -4.1684 -6.2526
  2.0842 -2.0842 -4.1684
  2.0842  0.0000 -2.0842
  2.0842  2.0842  0.0000
  2.0842  4.1684  2.0842
  2.0842  6.2526  4.1684
  4.1684 -6.2526 -6.2526
  4.1684 -4.1684 -4.1684
  4.1684 -2.0842 -2.0842
  4.1684  0.0000  0.0000
  4.1684  2.0842  2.0842
  4.1684  4.1684  4.1684
  4.1684  6.2526  6.2526
  6.2526 -6.2526 -4.1684
  6.2526 -4.1684 -2.0842
  6.2526 -2.0842  0.0000
  6.2526  0.0000  2.0842
  6.2526  2.0842  4.1684
  6.2526  4.1684  6.2526
  8.3368 -4.1684  0.0000
  8.3368 -2.0842  2.0842
  8.3368  0.0000  4.1684
 -4.1684  6.2526 -6.2526
 -2.0842  2.0842 -8.3368
 -2.0842  4.1684 -6.2526
 -2.0842  6.2526 -4.1684
 -2.0842  8.3368 -2.0842
  0.0000  0.0000 -8.3368
  0.0000  2.0842 -6.2526
  0.0000  4.1684 -4.1684
  0.0000  6.2526 -2.0842
  0.0000  8.3368  0.0000
  2.0842 -2.0842 -8.3368
  2.0842  0.0000 -6.2526
  2.0842  2.0842 -4.1684
  2.0842  4.1684 -2.0842
  2.0842  6.2526  0.0000
  2.0842  8.3368  2.0842
  4.1684 -2.0842 -6.2526
  4.1684  0.0000 -4.1684
  4.1684  2.0842 -2.0842
  4.1684  4.1684  0.0000
  4.1684  6.2526  2.0842
  6.2526 -4.1684 -6.2526
  6.2526 -2.0842 -4.1684
  6.2526  0.0000 -2.0842
  6.2526  2.0842  0.0000
  6.2526  4.1684  2.0842
  6.2526  6.2526  4.1684
  8.3368 -2.0842 -2.0842
  8.3368  0.0000  0.0000
  8.3368  2.0842  2.0842
  0.0000  4.1684 -8.3368
  0.0000  6.2526 -6.2526
  0.0000  8.3368 -4.1684
  2.0842  2.0842 -8.3368
  2.0842  4.1684 -6.2526
  2.0842  6.2526 -4.1684
  2.0842  8.3368 -2.0842
  4.1684  0.0000 -8.3368
  4.1684  2.0842 -6.2526
  4.1684  4.1684 -4.1684
  4.1684  6.2526 -2.0842
  4.1684  8.3368  0.0000
  6.2526  0.0000 -6.2526
  6.2526  2.0842 -4.1684
  6.2526  4.1684 -2.0842
  6.2526  6.2526  0.0000
  8.3368  0.0000 -4.1684
  8.3368  2.0842 -2.0842
  8.3368  4.1684  0.0000
  4.1684  6.2526 -6.2526
  6.2526  4.1684 -6.2526
  6.2526  6.2526 -4.1684
 -8.3368 -4.1684  2.0842
 -8.3368 -2.0842  4.1684
 -6.2526 -6.2526  2.0842
 -6.2526 -4.1684  4.1684
 -6.2526 -2.0842  6.2526
 -4.1684 -8.3368  2.0842
 -4.1684 -6.2526  4.1684
 -4.1684 -4.1684  6.2526
 -4.1684 -2.0842  8.3368
 -2.0842 -8.3368  4.1684
 -2.0842 -6.2526  6.2526
 -2.0842 -4.1684  8.3368
 -8.3368 -4.1684 -2.0842
 -8.3368 -2.0842  0.0000
 -8.3368  0.0000  2.0842
 -8.3368  2.0842  4.1684
 -6.2526 -6.2526 -2.0842
 -6.2526 -4.1684  0.0000
 -6.2526 -2.0842  2.0842
 -6.2526  0.0000  4.1684
 -6.2526  2.0842  6.2526
 -4.1684 -8.3368 -2.0842
 -4.1684 -6.2526  0.0000
 -4.1684 -4.1684  2.0842
 -4.1684 -2.0842  4.1684
 -4.1684  0.0000  6.2526
 -4.1684  2.0842  8.3368
 -2.0842 -8.3368  0.0000
 -2.0842 -6.2526  2.0842
 -2.0842 -4.1684  4.1684
 -2.0842 -2.0842  6.2526
 -2.0842  0.0000  8.3368
  0.0000 -8.3368  2.0842
  0.0000 -6.2526  4.1684
  0.0000 -4.1684  6.2526
  0.0000 -2.0842  8.3368
  2.0842 -8.3368  4.1684
  2.0842 -6.2526  6.2526
  2.0842 -4.1684  8.3368
 -8.3368 -2.0842 -4.1684
 -8.3368  0.0000 -2.0842
 -8.3368  2.0842  0.0000
 -8.3368  4.1684  2.0842
 -6.2526 -4.1684 -4.1684
 -6.2526 -2.0842 -2.0842
 -6.2526  0.0000  0.0000
 -6.2526  2.0842  2.0842
 -6.2526  4.1684  4.1684
 -4.1684 -6.2526 -4.1684
 -4.1684 -4.1684 -2.0842
 -4.1684 -2.0842  0.0000
 -4.1684  0.0000  2.0842
 -4.1684  2.0842  4.1684
 -4.1684  4.1684  6.2526
 -2.0842 -8.3368 -4.1684
 -2.0842 -6.2526 -2.0842
 -2.0842 -4.1684  0.0000
 -2.0842 -2.0842  2.0842
 -2.0842  0.0000  4.1684
 -2.0842  2.0842  6.2526
 -2.0842  4.1684  8.3368
  0.0000 -8.3368 -2.0842
  0.0000 -6.2526  0.0000
  0.0000 -4.1684  2.0842
  0.0000 -2.0842  4.1684
  0.0000  0.0000  6.2526
  0.0000  2.0842  8.3368
  2.0842 -8.3368  0.0000
  2.0842 -6.2526  2.0842
  2.0842 -4.1684  4.1684
  2.0842 -2.0842  6.2526
  2.0842  0.0000  8.3368
  4.1684 -8.3368  2.0842
  4.1684 -6.2526  4.1684
  4.1684 -4.1684  6.2526
  4.1684 -2.0842  8.3368
 -8.3368  2.0842 -4.1684
 -8.3368  4.1684 -2.0842
 -6.2526 -2.0842 -6.2526
 -6.2526  0.0000 -4.1684
 -6.2526  2.0842 -2.0842
 -6.2526  4.1684  0.0000
 -6.2526  6.2526  2.0842
 -4.1684 -4.1684 -6.2526
 -4.1684 -2.0842 -4.1684
 -4.1684  0.0000 -2.0842
 -4.1684  2.0842  0.0000
 -4.1684  4.1684  2.0842
 -4.1684  6.2526  4.1684
 -2.0842 -6.2526 -6.2526
 -2.0842 -4.1684 -4.1684
 -2.0842 -2.0842 -2.0842
 -2.0842  0.0000  0.0000
 -2.0842  2.0842  2.0842
 -2.0842  4.1684  4.1684
 -2.0842  6.2526  6.2526
  0.0000 -6.2526 -4.1684
  0.0000 -4.1684 -2.0842
  0.0000 -2.0842  0.0000
  0.0000  0.0000  2.0842
  0.0000  2.0842  4.1684
  0.0000  4.1684  6.2526
  2.0842 -8.3368 -4.1684
  2.0842 -6.2526 -2.0842
  2.0842 -4.1684  0.0000
  2.0842 -2.0842  2.0842
  2.0842  0.0000  4.1684
  2.0842  2.0842  6.2526
  2.0842  4.1684  8.3368
  4.1684 -8.3368 -2.0842
  4.1684 -6.2526  0.0000
  4.1684 -4.1684  2.0842
  4.1684 -2.0842  4.1684
  4.1684  0.0000  6.2526
  4.1684  2.0842  8.3368
  6.2526 -6.2526  2.0842
  6.2526 -4.1684  4.1684
  6.2526 -2.0842  6.2526
 -6.2526  2.0842 -6.2526
 -6.2526  4.1684 -4.1684
 -6.2526  6.2526 -2.0842
 -4.1684 -2.0842 -8.3368
 -4.1684  0.0000 -6.2526
 -4.1684  2.0842 -4.1684
 -4.1684  4.1684 -2.0842
 -4.1684  6.2526  0.0000
 -4.1684  8.3368  2.0842
 -2.0842 -4.1684 -8.3368
 -2.0842 -2.0842 -6.2526
 -2.0842  0.0000 -4.1684
 -2.0842  2.0842 -2.0842
 -2.0842  4.1684  0.0000
 -2.0842  6.2526  2.0842
 -2.0842  8.3368  4.1684
  0.0000 -4.1684 -6.2526
  0.0000 -2.0842 -4.1684
  0.0000  0.0000 -2.0842
  0.0000  2.0842  0.0000
  0.0000  4.1684  2.0842
  0.0000  6.2526  4.1684
  2.0842 -6.2526 -6.2526
  2.0842 -4.1684 -4.1684
  2.0842 -2.0842 -2.0842
  2.0842  0.0000  0.0000
  2.0842  4.1684  4.1684
  2.0842  6.2526  6.2526
  4.1684 -6.2526 -4.1684
  4.1684 -4.1684 -2.0842
  4.1684 -2.0842  0.0000
  4.1684  0.0000  2.0842
  4.1684  2.0842  4.1684
  4.1684  4.1684  6.2526
  6.2526 -6.2526 -2.0842
  6.2526 -4.1684  0.0000
  6.2526 -2.0842  2.0842
  6.2526  0.0000  4.1684
  6.2526  2.0842  6.2526
  8.3368 -4.1684  2.0842
  8.3368 -2.0842  4.1684
 -4.1684  2.0842 -8.3368
 -4.1684  4.1684 -6.2526
 -4.1684  6.2526 -4.1684
 -4.1684  8.3368 -2.0842
 -2.0842  0.0000 -8.3368
 -2.0842  2.0842 -6.2526
 -2.0842  4.1684 -4.1684
 -2.0842  6.2526 -2.0842
 -2.0842  8.3368  0.0000
  0.0000 -2.0842 -8.3368
  0.0000  0.0000 -6.2526
  0.0000  2.0842 -4.1684
  0.0000  4.1684 -2.0842
  0.0000  6.2526  0.0000
  0.0000  8.3368  2.0842
  2.0842 -4.1684 -8.3368
  2.0842 -2.0842 -6.2526
  2.0842  0.0000 -4.1684
  2.0842  2.0842 -2.0842
  2.0842  4.1684  0.0000
  2.0842  6.2526  2.0842
  2.0842  8.3368  4.1684
  4.1684 -4.1684 -6.2526
  4.1684 -2.0842 -4.1684
  4.1684  0.0000 -2.0842
  4.1684  2.0842  0.0000
  4.1684  4.1684  2.0842
  4.1684  6.2526  4.1684
  6.2526 -4.1684 -4.1684
  6.2526 -2.0842 -2.0842
  6.2526  0.0000  0.0000
  6.2526  2.0842  2.0842
  6.2526  4.1684  4.1684
  8.3368 -4.1684 -2.0842
  8.3368 -2.0842  0.0000
  8.3368  0.0000  2.0842
  8.3368  2.0842  4.1684
 -2.0842  4.1684 -8.3368
 -2.0842  6.2526 -6.2526
 -2.0842  8.3368 -4.1684
  0.0000  2.0842 -8.3368
  0.0000  4.1684 -6.2526
  0.0000  6.2526 -4.1684
  0.0000  8.3368 -2.0842
  2.0842  0.0000 -8.3368
  2.0842  2.0842 -6.2526
  2.0842  4.1684 -4.1684
  2.0842  6.2526 -2.0842
  2.0842  8.3368  0.0000
  4.1684 -2.0842 -8.3368
  4.1684  0.0000 -6.2526
  4.1684  2.0842 -4.1684
  4.1684  4.1684 -2.0842
  4.1684  6.2526  0.0000
  4.1684  8.3368  2.0842
  6.2526 -2.0842 -6.2526
  6.2526  0.0000 -4.1684
  6.2526  2.0842 -2.0842
  6.2526  4.1684  0.0000
  6.2526  6.2526  2.0842
  8.3368 -2.0842 -4.1684
  8.3368  0.0000 -2.0842
  8.3368  2.0842  0.0000
  8.3368  4.1684  2.0842
  2.0842  4.1684 -8.3368
  2.0842  6.2526 -6.2526
  2.0842  8.3368 -4.1684
  4.1684  2.0842 -8.3368
  4.1684  4.1684 -6.2526
  4.1684  6.2526 -4.1684
  4.1684  8.3368 -2.0842
  6.2526  2.0842 -6.2526
  6.2526  4.1684 -4.1684
  6.2526  6.2526 -2.0842
  8.3368  2.0842 -4.1684
  8.3368  4.1684 -2.0842
 LMAX= 2   Q=  0.697000  0.106060  0.021428
 NDEF=         0
 Sbar atom no:    2 Ntot:    2
  461
  0.0000  0.0000  0.0000
 -2.0842 -2.0842 -2.0842
 -8.3368 -4.1684  2.0842
 -8.3368 -2.0842  4.1684
 -6.2526 -6.2526  2.0842
 -6.2526 -4.1684  4.1684
 -6.2526 -2.0842  6.2526
 -4.1684 -8.3368  2.0842
 -4.1684 -6.2526  4.1684
 -4.1684 -4.1684  6.2526
 -4.1684 -2.0842  8.3368
 -2.0842 -8.3368  4.1684
 -2.0842 -6.2526  6.2526
 -2.0842 -4.1684  8.3368
 -8.3368 -4.1684 -2.0842
 -8.3368 -2.0842  0.0000
 -8.3368  0.0000  2.0842
 -8.3368  2.0842  4.1684
 -6.2526 -6.2526 -2.0842
 -6.2526 -4.1684  0.0000
 -6.2526 -2.0842  2.0842
 -6.2526  0.0000  4.1684
 -6.2526  2.0842  6.2526
 -4.1684 -8.3368 -2.0842
 -4.1684 -6.2526  0.0000
 -4.1684 -4.1684  2.0842
 -4.1684 -2.0842  4.1684
 -4.1684  0.0000  6.2526
 -4.1684  2.0842  8.3368
 -2.0842 -8.3368  0.0000
 -2.0842 -6.2526  2.0842
 -2.0842 -4.1684  4.1684
 -2.0842 -2.0842  6.2526
 -2.0842  0.0000  8.3368
  0.0000 -8.3368  2.0842
  0.0000 -6.2526  4.1684
  0.0000 -4.1684  6.2526
  0.0000 -2.0842  8.3368
  2.0842 -8.3368  4.1684
  2.0842 -6.2526  6.2526
  2.0842 -4.1684  8.3368
 -8.3368 -2.0842 -4.1684
 -8.3368  0.0000 -2.0842
 -8.3368  2.0842  0.0000
 -8.3368  4.1684  2.0842
 -6.2526 -4.1684 -4.1684
 -6.2526 -2.0842 -2.0842
 -6.2526  0.0000  0.0000
 -6.2526  2.0842  2.0842
 -6.2526  4.1684  4.1684
 -4.1684 -6.2526 -4.1684
 -4.1684 -4.1684 -2.0842
 -4.1684 -2.0842  0.0000
 -4.1684  0.0000  2.0842
 -4.1684  2.0842  4.1684
 -4.1684  4.1684  6.2526
 -2.0842 -8.3368 -4.1684
 -2.0842 -6.2526 -2.0842
 -2.0842 -4.1684  0.0000
 -2.0842 -2.0842  2.0842
 -2.0842  0.0000  4.1684
 -2.0842  2.0842  6.2526
 -2.0842  4.1684  8.3368
  0.0000 -8.3368 -2.0842
  0.0000 -6.2526  0.0000
  0.0000 -4.1684  2.0842
  0.0000 -2.0842  4.1684
  0.0000  0.0000  6.2526
  0.0000  2.0842  8.3368
  2.0842 -8.3368  0.0000
  2.0842 -6.2526  2.0842
  2.0842 -4.1684  4.1684
  2.0842 -2.0842  6.2526
  2.0842  0.0000  8.3368
  4.1684 -8.3368  2.0842
  4.1684 -6.2526  4.1684
  4.1684 -4.1684  6.2526
  4.1684 -2.0842  8.3368
 -8.3368  2.0842 -4.1684
 -8.3368  4.1684 -2.0842
 -6.2526 -2.0842 -6.2526
 -6.2526  0.0000 -4.1684
 -6.2526  2.0842 -2.0842
 -6.2526  4.1684  0.0000
 -6.2526  6.2526  2.0842
 -4.1684 -4.1684 -6.2526
 -4.1684 -2.0842 -4.1684
 -4.1684  0.0000 -2.0842
 -4.1684  2.0842  0.0000
 -4.1684  4.1684  2.0842
 -4.1684  6.2526  4.1684
 -2.0842 -6.2526 -6.2526
 -2.0842 -4.1684 -4.1684
 -2.0842  0.0000  0.0000
 -2.0842  2.0842  2.0842
 -2.0842  4.1684  4.1684
 -2.0842  6.2526  6.2526
  0.0000 -6.2526 -4.1684
  0.0000 -4.1684 -2.0842
  0.0000 -2.0842  0.0000
  0.0000  0.0000  2.0842
  0.0000  2.0842  4.1684
  0.0000  4.1684  6.2526
  2.0842 -8.3368 -4.1684
  2.0842 -6.2526 -2.0842
  2.0842 -4.1684  0.0000
  2.0842 -2.0842  2.0842
  2.0842  0.0000  4.1684
  2.0842  2.0842  6.2526
  2.0842  4.1684  8.3368
  4.1684 -8.3368 -2.0842
  4.1684 -6.2526  0.0000
  4.1684 -4.1684  2.0842
  4.1684 -2.0842  4.1684
  4.1684  0.0000  6.2526
  4.1684  2.0842  8.3368
  6.2526 -6.2526  2.0842
  6.2526 -4.1684  4.1684
  6.2526 -2.0842  6.2526
 -6.2526  2.0842 -6.2526
 -6.2526  4.1684 -4.1684
 -6.2526  6.2526 -2.0842
 -4.1684 -2.0842 -8.3368
 -4.1684  0.0000 -6.2526
 -4.1684  2.0842 -4.1684
 -4.1684  4.1684 -2.0842
 -4.1684  6.2526  0.0000
 -4.1684  8.3368  2.0842
 -2.0842 -4.1684 -8.3368
 -2.0842 -2.0842 -6.2526
 -2.0842  0.0000 -4.1684
 -2.0842  2.0842 -2.0842
 -2.0842  4.1684  0.0000
 -2.0842  6.2526  2.0842
 -2.0842  8.3368  4.1684
  0.0000 -4.1684 -6.2526
  0.0000 -2.0842 -4.1684
  0.0000  0.0000 -2.0842
  0.0000  2.0842  0.0000
  0.0000  4.1684  2.0842
  0.0000  6.2526  4.1684
  2.0842 -6.2526 -6.2526
  2.0842 -4.1684 -4.1684
  2.0842 -2.0842 -2.0842
  2.0842  0.0000  0.0000
  2.0842  2.0842  2.0842
  2.0842  4.1684  4.1684
  2.0842  6.2526  6.2526
  4.1684 -6.2526 -4.1684
  4.1684 -4.1684 -2.0842
  4.1684 -2.0842  0.0000
  4.1684  0.0000  2.0842
  4.1684  2.0842  4.1684
  4.1684  4.1684  6.2526
  6.2526 -6.2526 -2.0842
  6.2526 -4.1684  0.0000
  6.2526 -2.0842  2.0842
  6.2526  0.0000  4.1684
  6.2526  2.0842  6.2526
  8.3368 -4.1684  2.0842
  8.3368 -2.0842  4.1684
 -4.1684  2.0842 -8.3368
 -4.1684  4.1684 -6.2526
 -4.1684  6.2526 -4.1684
 -4.1684  8.3368 -2.0842
 -2.0842  0.0000 -8.3368
 -2.0842  2.0842 -6.2526
 -2.0842  4.1684 -4.1684
 -2.0842  6.2526 -2.0842
 -2.0842  8.3368  0.0000
  0.0000 -2.0842 -8.3368
  0.0000  0.0000 -6.2526
  0.0000  2.0842 -4.1684
  0.0000  4.1684 -2.0842
  0.0000  6.2526  0.0000
  0.0000  8.3368  2.0842
  2.0842 -4.1684 -8.3368
  2.0842 -2.0842 -6.2526
  2.0842  0.0000 -4.1684
  2.0842  2.0842 -2.0842
  2.0842  4.1684  0.0000
  2.0842  6.2526  2.0842
  2.0842  8.3368  4.1684
  4.1684 -4.1684 -6.2526
  4.1684 -2.0842 -4.1684
  4.1684  0.0000 -2.0842
  4.1684  2.0842  0.0000
  4.1684  4.1684  2.0842
  4.1684  6.2526  4.1684
  6.2526 -4.1684 -4.1684
  6.2526 -2.0842 -2.0842
  6.2526  0.0000  0.0000
  6.2526  2.0842  2.0842
  6.2526  4.1684  4.1684
  8.3368 -4.1684 -2.0842
  8.3368 -2.0842  0.0000
  8.3368  0.0000  2.0842
  8.3368  2.0842  4.1684
 -2.0842  4.1684 -8.3368
 -2.0842  6.2526 -6.2526
 -2.0842  8.3368 -4.1684
  0.0000  2.0842 -8.3368
  0.0000  4.1684 -6.2526
  0.0000  6.2526 -4.1684
  0.0000  8.3368 -2.0842
  2.0842  0.0000 -8.3368
  2.0842  2.0842 -6.2526
  2.0842  4.1684 -4.1684
  2.0842  6.2526 -2.0842
  2.0842  8.3368  0.0000
  4.1684 -2.0842 -8.3368
  4.1684  0.0000 -6.2526
  4.1684  2.0842 -4.1684
  4.1684  4.1684 -2.0842
  4.1684  6.2526  0.0000
  4.1684  8.3368  2.0842
  6.2526 -2.0842 -6.2526
  6.2526  0.0000 -4.1684
  6.2526  2.0842 -2.0842
  6.2526  4.1684  0.0000
  6.2526  6.2526  2.0842
  8.3368 -2.0842 -4.1684
  8.3368  0.0000 -2.0842
  8.3368  2.0842  0.0000
  8.3368  4.1684  2.0842
  2.0842  4.1684 -8.3368
  2.0842  6.2526 -6.2526
  2.0842  8.3368 -4.1684
  4.1684  2.0842 -8.3368
  4.1684  4.1684 -6.2526
  4.1684  6.2526 -4.1684
  4.1684  8.3368 -2.0842
  6.2526  2.0842 -6.2526
  6.2526  4.1684 -4.1684
  6.2526  6.2526 -2.0842
  8.3368  2.0842 -4.1684
  8.3368  4.1684 -2.0842
 -6.2526 -6.2526  4.1684
 -6.2526 -4.1684  6.2526
 -4.1684 -6.2526  6.2526
 -8.3368 -4.1684  0.0000
 -8.3368 -2.0842  2.0842
 -8.3368  0.0000  4.1684
 -6.2526 -6.2526  0.0000
 -6.2526 -4.1684  2.0842
 -6.2526 -2.0842  4.1684
 -6.2526  0.0000  6.2526
 -4.1684 -8.3368  0.0000
 -4.1684 -6.2526  2.0842
 -4.1684 -4.1684  4.1684
 -4.1684 -2.0842  6.2526
 -4.1684  0.0000  8.3368
 -2.0842 -8.3368  2.0842
 -2.0842 -6.2526  4.1684
 -2.0842 -4.1684  6.2526
 -2.0842 -2.0842  8.3368
  0.0000 -8.3368  4.1684
  0.0000 -6.2526  6.2526
  0.0000 -4.1684  8.3368
 -8.3368 -2.0842 -2.0842
 -8.3368  0.0000  0.0000
 -8.3368  2.0842  2.0842
 -6.2526 -6.2526 -4.1684
 -6.2526 -4.1684 -2.0842
 -6.2526 -2.0842  0.0000
 -6.2526  0.0000  2.0842
 -6.2526  2.0842  4.1684
 -6.2526  4.1684  6.2526
 -4.1684 -6.2526 -2.0842
 -4.1684 -4.1684  0.0000
 -4.1684 -2.0842  2.0842
 -4.1684  0.0000  4.1684
 -4.1684  2.0842  6.2526
 -2.0842 -8.3368 -2.0842
 -2.0842 -6.2526  0.0000
 -2.0842 -4.1684  2.0842
 -2.0842 -2.0842  4.1684
 -2.0842  0.0000  6.2526
 -2.0842  2.0842  8.3368
  0.0000 -8.3368  0.0000
  0.0000 -6.2526  2.0842
  0.0000 -4.1684  4.1684
  0.0000 -2.0842  6.2526
  0.0000  0.0000  8.3368
  2.0842 -8.3368  2.0842
  2.0842 -6.2526  4.1684
  2.0842 -4.1684  6.2526
  2.0842 -2.0842  8.3368
  4.1684 -6.2526  6.2526
 -8.3368  0.0000 -4.1684
 -8.3368  2.0842 -2.0842
 -8.3368  4.1684  0.0000
 -6.2526 -4.1684 -6.2526
 -6.2526 -2.0842 -4.1684
 -6.2526  0.0000 -2.0842
 -6.2526  2.0842  0.0000
 -6.2526  4.1684  2.0842
 -6.2526  6.2526  4.1684
 -4.1684 -6.2526 -6.2526
 -4.1684 -4.1684 -4.1684
 -4.1684 -2.0842 -2.0842
 -4.1684  0.0000  0.0000
 -4.1684  2.0842  2.0842
 -4.1684  4.1684  4.1684
 -4.1684  6.2526  6.2526
 -2.0842 -6.2526 -4.1684
 -2.0842 -4.1684 -2.0842
 -2.0842 -2.0842  0.0000
 -2.0842  0.0000  2.0842
 -2.0842  2.0842  4.1684
 -2.0842  4.1684  6.2526
  0.0000 -8.3368 -4.1684
  0.0000 -6.2526 -2.0842
  0.0000 -4.1684  0.0000
  0.0000 -2.0842  2.0842
  0.0000  0.0000  4.1684
  0.0000  2.0842  6.2526
  0.0000  4.1684  8.3368
  2.0842 -8.3368 -2.0842
  2.0842 -6.2526  0.0000
  2.0842 -4.1684  2.0842
  2.0842 -2.0842  4.1684
  2.0842  0.0000  6.2526
  2.0842  2.0842  8.3368
  4.1684 -8.3368  0.0000
  4.1684 -6.2526  2.0842
  4.1684 -4.1684  4.1684
  4.1684 -2.0842  6.2526
  4.1684  0.0000  8.3368
  6.2526 -6.2526  4.1684
  6.2526 -4.1684  6.2526
 -6.2526  0.0000 -6.2526
 -6.2526  2.0842 -4.1684
 -6.2526  4.1684 -2.0842
 -6.2526  6.2526  0.0000
 -4.1684 -2.0842 -6.2526
 -4.1684  0.0000 -4.1684
 -4.1684  2.0842 -2.0842
 -4.1684  4.1684  0.0000
 -4.1684  6.2526  2.0842
 -2.0842 -4.1684 -6.2526
 -2.0842 -2.0842 -4.1684
 -2.0842  0.0000 -2.0842
 -2.0842  2.0842  0.0000
 -2.0842  4.1684  2.0842
 -2.0842  6.2526  4.1684
  0.0000 -6.2526 -6.2526
  0.0000 -4.1684 -4.1684
  0.0000 -2.0842 -2.0842
  0.0000  2.0842  2.0842
  0.0000  4.1684  4.1684
  0.0000  6.2526  6.2526
  2.0842 -6.2526 -4.1684
  2.0842 -4.1684 -2.0842
  2.0842 -2.0842  0.0000
  2.0842  0.0000  2.0842
  2.0842  2.0842  4.1684
  2.0842  4.1684  6.2526
  4.1684 -6.2526 -2.0842
  4.1684 -4.1684  0.0000
  4.1684 -2.0842  2.0842
  4.1684  0.0000  4.1684
  4.1684  2.0842  6.2526
  6.2526 -6.2526  0.0000
  6.2526 -4.1684  2.0842
  6.2526 -2.0842  4.1684
  6.2526  0.0000  6.2526
 -6.2526  4.1684 -6.2526
 -6.2526  6.2526 -4.1684
 -4.1684  0.0000 -8.3368
 -4.1684  2.0842 -6.2526
 -4.1684  4.1684 -4.1684
 -4.1684  6.2526 -2.0842
 -4.1684  8.3368  0.0000
 -2.0842 -2.0842 -8.3368
 -2.0842  0.0000 -6.2526
 -2.0842  2.0842 -4.1684
 -2.0842  4.1684 -2.0842
 -2.0842  6.2526  0.0000
 -2.0842  8.3368  2.0842
  0.0000 -4.1684 -8.3368
  0.0000 -2.0842 -6.2526
  0.0000  0.0000 -4.1684
  0.0000  2.0842 -2.0842
  0.0000  4.1684  0.0000
  0.0000  6.2526  2.0842
  0.0000  8.3368  4.1684
  2.0842 -4.1684 -6.2526
  2.0842 -2.0842 -4.1684
  2.0842  0.0000 -2.0842
  2.0842  2.0842  0.0000
  2.0842  4.1684  2.0842
  2.0842  6.2526  4.1684
  4.1684 -6.2526 -6.2526
  4.1684 -4.1684 -4.1684
  4.1684 -2.0842 -2.0842
  4.1684  0.0000  0.0000
  4.1684  2.0842  2.0842
  4.1684  4.1684  4.1684
  4.1684  6.2526  6.2526
  6.2526 -6.2526 -4.1684
  6.2526 -4.1684 -2.0842
  6.2526 -2.0842  0.0000
  6.2526  0.0000  2.0842
  6.2526  2.0842  4.1684
  6.2526  4.1684  6.2526
  8.3368 -4.1684  0.0000
  8.3368 -2.0842  2.0842
  8.3368  0.0000  4.1684
 -4.1684  6.2526 -6.2526
 -2.0842  2.0842 -8.3368
 -2.0842  4.1684 -6.2526
 -2.0842  6.2526 -4.1684
 -2.0842  8.3368 -2.0842
  0.0000  0.0000 -8.3368
  0.0000  2.0842 -6.2526
  0.0000  4.1684 -4.1684
  0.0000  6.2526 -2.0842
  0.0000  8.3368  0.0000
  2.0842 -2.0842 -8.3368
  2.0842  0.0000 -6.2526
  2.0842  2.0842 -4.1684
  2.0842  4.1684 -2.0842
  2.0842  6.2526  0.0000
  2.0842  8.3368  2.0842
  4.1684 -2.0842 -6.2526
  4.1684  0.0000 -4.1684
  4.1684  2.0842 -2.0842
  4.1684  4.1684  0.0000
  4.1684  6.2526  2.0842
  6.2526 -4.1684 -6.2526
  6.2526 -2.0842 -4.1684
  6.2526  0.0000 -2.0842
  6.2526  2.0842  0.0000
  6.2526  4.1684  2.0842
  6.2526  6.2526  4.1684
  8.3368 -2.0842 -2.0842
  8.3368  0.0000  0.0000
  8.3368  2.0842  2.0842
  0.0000  4.1684 -8.3368
  0.0000  6.2526 -6.2526
  0.0000  8.3368 -4.1684
  2.0842  2.0842 -8.3368
  2.0842  4.1684 -6.2526
  2.0842  6.2526 -4.1684
  2.0842  8.3368 -2.0842
  4.1684  0.0000 -8.3368
  4.1684  2.0842 -6.2526
  4.1684  4.1684 -4.1684
  4.1684  6.2526 -2.0842
  4.1684  8.3368  0.0000
  6.2526  0.0000 -6.2526
  6.2526  2.0842 -4.1684
  6.2526  4.1684 -2.0842
  6.2526  6.2526  0.0000
  8.3368  0.0000 -4.1684
  8.3368  2.0842 -2.0842
  8.3368  4.1684  0.0000
  4.1684  6.2526 -6.2526
  6.2526  4.1684 -6.2526
  6.2526  6.2526 -4.1684
 LMAX= 2   Q=  0.697000  0.106060  0.021428
 NDEF=         0
