===========================================================================
|                       Total Energy                                      |
===========================================================================
Total energy of system:     -3187.6130231066
===========================================================================
|                       Band Energy                                       |
===========================================================================
Band energy of system:    -5.1550818578
===========================================================================
|                     Magnetization                                       |
===========================================================================
Total magnetization:     0.0000000001
Spin moment of atom   1:  0.000000
Spin moment projections of atom   1: -0.000000 -0.000000  0.000000
Magnetic force on atom   1:        0.000000        0.000000       -0.000000
Spin moment of atom   2:  0.000000
Spin moment projections of atom   2: -0.000000 -0.000000 -0.000000
Magnetic force on atom   2:       -0.000000       -0.000000        0.000000
===========================================================================
|                       Charge Transfer                                   |
===========================================================================
Charge at atom   1:  8.992290
Charge transfer at atom   1: -1.007710
Charge at atom   2:  5.007710
Charge transfer at atom   2:  1.007710
===========================================================================
|                       Fermi Energy                                      |
===========================================================================
Fermi energy:  -0.143899
