===========================================================================
|                       Total Energy                                      |
===========================================================================
Total energy of system:     -5566.2168247243
===========================================================================
|                       Band Energy                                       |
===========================================================================
Band energy of system:    -4.0948439222
===========================================================================
|                     Magnetization                                       |
===========================================================================
Total magnetization:     3.0718850025
Spin moment of atom   1:  1.535943
Spin moment projections of atom   1:  0.000000  0.000000  1.535943
Magnetic force on atom   1:       -0.000000       -0.000000   -33257.536216
Spin moment of atom   2:  1.535943
Spin moment projections of atom   2:  0.000000  0.000000  1.535943
Magnetic force on atom   2:       -0.000000       -0.000000   -33257.536339
===========================================================================
|                       Charge Transfer                                   |
===========================================================================
Charge at atom   1:  9.000000
Charge transfer at atom   1:  0.000000
Charge at atom   2:  9.000000
Charge transfer at atom   2:  0.000000
===========================================================================
|                       Fermi Energy                                      |
===========================================================================
Fermi energy:  -0.033276
