===========================================================================
|                       Total Energy                                      |
===========================================================================
Total energy of system:     -2541.9818937566
===========================================================================
|                       Band Energy                                       |
===========================================================================
Band energy of system:    -1.9977819540
===========================================================================
|                     Magnetization                                       |
===========================================================================
Total magnetization:     2.1039544329
Spin moment of atom   1:  2.103954
Spin moment projections of atom   1: -0.000000 -0.000000  2.103954
Magnetic force on atom   1:        0.000001        0.000001   -59277.446554
===========================================================================
|                       Charge Transfer                                   |
===========================================================================
Charge at atom   1:  8.000000
Charge transfer at atom   1: -0.000000
===========================================================================
|                       Fermi Energy                                      |
===========================================================================
Fermi energy:  -0.069282
