        -2.45861         0.00000
        -2.45702         0.00000
        -2.45542         0.00000
        -2.45382         0.00000
        -2.45222         0.00000
        -2.45062         0.00000
        -2.44902         0.00000
        -2.44742         0.00000
        -2.44582         0.00000
        -2.44422         0.00000
        -2.44262         0.00000
        -2.44102         0.00000
        -2.43942         0.00000
        -2.43782         0.00000
        -2.43622         0.00000
        -2.43462         0.00000
        -2.43302         0.00000
        -2.43142         0.00000
        -2.42982         0.00000
        -2.42822         0.00000
        -2.42662         0.00000
        -2.42502         0.00000
        -2.42342         0.00000
        -2.42182         0.00000
        -2.42022         0.00000
        -2.41862         0.00000
        -2.41702         0.00000
        -2.41542         0.00000
        -2.41383         0.00000
        -2.41223         0.00000
        -2.41063         0.00000
        -2.40903         0.00000
        -2.40743         0.00000
        -2.40583         0.00000
        -2.40423         0.00000
        -2.40263         0.00000
        -2.40103         0.00000
        -2.39943         0.00000
        -2.39783         0.00000
        -2.39623         0.00000
        -2.39463         0.00000
        -2.39303         0.00000
        -2.39143         0.00000
        -2.38983         0.00000
        -2.38823         0.00000
        -2.38663         0.00000
        -2.38503         0.00000
        -2.38343         0.00000
        -2.38183         0.00000
        -2.38023         0.00000
        -2.37863         0.00000
        -2.37703         0.00000
        -2.37543         0.00000
        -2.37383         0.00000
        -2.37224         0.00000
        -2.37064         0.00000
        -2.36904         0.00000
        -2.36744         0.00000
        -2.36584         0.00000
        -2.36424         0.00000
        -2.36264         0.00000
        -2.36104         0.00000
        -2.35944         0.00000
        -2.35784         0.00000
        -2.35624         0.00000
        -2.35464         0.00000
        -2.35304         0.00000
        -2.35144         0.00000
        -2.34984         0.00000
        -2.34824         0.00000
        -2.34664         0.00000
        -2.34504         0.00000
        -2.34344         0.00000
        -2.34184         0.00000
        -2.34024         0.00000
        -2.33864         0.00000
        -2.33704         0.00000
        -2.33544         0.00000
        -2.33384         0.00000
        -2.33224         0.00000
        -2.33065         0.00000
        -2.32905         0.00000
        -2.32745         0.00000
        -2.32585         0.00000
        -2.32425         0.00000
        -2.32265         0.00000
        -2.32105         0.00000
        -2.31945         0.00000
        -2.31785         0.00000
        -2.31625         0.00000
        -2.31465         0.00000
        -2.31305         0.00000
        -2.31145         0.00000
        -2.30985         0.00000
        -2.30825         0.00000
        -2.30665         0.00000
        -2.30505         0.00000
        -2.30345         0.00000
        -2.30185         0.00000
        -2.30025         0.00000
        -2.29865         0.00000
        -2.29705         0.00000
        -2.29545         0.00000
        -2.29385         0.00000
        -2.29225         0.00000
        -2.29065         0.00000
        -2.28906         0.00000
        -2.28746         0.00000
        -2.28586         0.00000
        -2.28426         0.00000
        -2.28266         0.00000
        -2.28106         0.00000
        -2.27946         0.00000
        -2.27786         0.00000
        -2.27626         0.00000
        -2.27466         0.00000
        -2.27306         0.00000
        -2.27146         0.00000
        -2.26986         0.00000
        -2.26826         0.00000
        -2.26666         0.00000
        -2.26506         0.00000
        -2.26346         0.00000
        -2.26186         0.00000
        -2.26026         0.00000
        -2.25866         0.00000
        -2.25706         0.00000
        -2.25546         0.00000
        -2.25386         0.00000
        -2.25226         0.00000
        -2.25066         0.00000
        -2.24906         0.00000
        -2.24746         0.00000
        -2.24587         0.00000
        -2.24427         0.00000
        -2.24267         0.00000
        -2.24107         0.00000
        -2.23947         0.00000
        -2.23787         0.00000
        -2.23627         0.00000
        -2.23467         0.00000
        -2.23307         0.00000
        -2.23147         0.00000
        -2.22987         0.00000
        -2.22827         0.00000
        -2.22667         0.00000
        -2.22507         0.00000
        -2.22347         0.00000
        -2.22187         0.00000
        -2.22027         0.00000
        -2.21867         0.00000
        -2.21707         0.00000
        -2.21547         0.00000
        -2.21387         0.00000
        -2.21227         0.00000
        -2.21067         0.00000
        -2.20907         0.00000
        -2.20747         0.00000
        -2.20587         0.00000
        -2.20428         0.00000
        -2.20268         0.00000
        -2.20108         0.00000
        -2.19948         0.00000
        -2.19788         0.00000
        -2.19628         0.00000
        -2.19468         0.00000
        -2.19308         0.00000
        -2.19148         0.00000
        -2.18988         0.00000
        -2.18828         0.00000
        -2.18668         0.00000
        -2.18508         0.00000
        -2.18348         0.00000
        -2.18188         0.00000
        -2.18028         0.00000
        -2.17868         0.00000
        -2.17708         0.00000
        -2.17548         0.00000
        -2.17388         0.00000
        -2.17228         0.00000
        -2.17068         0.00000
        -2.16908         0.00000
        -2.16748         0.00000
        -2.16588         0.00000
        -2.16428         0.00000
        -2.16269         0.00000
        -2.16109         0.00000
        -2.15949         0.00000
        -2.15789         0.00000
        -2.15629         0.00000
        -2.15469         0.00000
        -2.15309         0.00000
        -2.15149         0.00000
        -2.14989         0.00000
        -2.14829         0.00000
        -2.14669         0.00000
        -2.14509         0.00000
        -2.14349         0.00000
        -2.14189         0.00000
        -2.14029         0.00000
        -2.13869         0.00000
        -2.13709         0.00000
        -2.13549         0.00000
        -2.13389         0.00000
        -2.13229         0.00000
        -2.13069         0.00000
        -2.12909         0.00000
        -2.12749         0.00000
        -2.12589         0.00000
        -2.12429         0.00000
        -2.12269         0.00000
        -2.12110         0.00000
        -2.11950         0.00000
        -2.11790         0.00000
        -2.11630         0.00000
        -2.11470         0.00000
        -2.11310         0.00000
        -2.11150         0.00000
        -2.10990         0.00000
        -2.10830         0.00000
        -2.10670         0.00000
        -2.10510         0.00000
        -2.10350         0.00000
        -2.10190         0.00000
        -2.10030         0.00000
        -2.09870         0.00000
        -2.09710         0.00000
        -2.09550         0.00000
        -2.09390         0.00000
        -2.09230         0.00000
        -2.09070         0.00000
        -2.08910         0.00000
        -2.08750         0.00000
        -2.08590         0.00000
        -2.08430         0.00000
        -2.08270         0.00000
        -2.08110         0.00000
        -2.07950         0.00000
        -2.07791         0.00000
        -2.07631         0.00000
        -2.07471         0.00000
        -2.07311         0.00000
        -2.07151         0.00000
        -2.06991         0.00000
        -2.06831         0.00000
        -2.06671         0.00000
        -2.06511         0.00000
        -2.06351         0.00000
        -2.06191         0.00000
        -2.06031         0.00000
        -2.05871         0.00000
        -2.05711         0.00000
        -2.05551         0.00000
        -2.05391         0.00000
        -2.05231         0.00000
        -2.05071         0.00000
        -2.04911         0.00000
        -2.04751         0.00000
        -2.04591         0.00000
        -2.04431         0.00000
        -2.04271         0.00000
        -2.04111         0.00000
        -2.03951         0.00000
        -2.03791         0.00000
        -2.03632         0.00000
        -2.03472         0.00000
        -2.03312         0.00000
        -2.03152         0.00000
        -2.02992         0.00000
        -2.02832         0.00000
        -2.02672         0.00000
        -2.02512         0.00000
        -2.02352         0.00000
        -2.02192         0.00000
        -2.02032         0.00000
        -2.01872         0.00000
        -2.01712         0.00000
        -2.01552         0.00000
        -2.01392         0.00000
        -2.01232         0.00000
        -2.01072         0.00000
        -2.00912         0.00000
        -2.00752         0.00000
        -2.00592         0.00000
        -2.00432         0.00000
        -2.00272         0.00000
        -2.00112         0.00000
        -1.99952         0.00000
        -1.99792         0.00000
        -1.99632         0.00000
        -1.99473         0.00000
        -1.99313         0.00000
        -1.99153         0.00000
        -1.98993         0.00000
        -1.98833         0.00000
        -1.98673         0.00000
        -1.98513         0.00000
        -1.98353         0.00000
        -1.98193         0.00000
        -1.98033         0.00000
        -1.97873         0.00000
        -1.97713         0.00000
        -1.97553         0.00000
        -1.97393         0.00000
        -1.97233         0.00000
        -1.97073         0.00000
        -1.96913         0.00000
        -1.96753         0.00000
        -1.96593         0.00000
        -1.96433         0.00000
        -1.96273         0.00000
        -1.96113         0.00000
        -1.95953         0.00000
        -1.95793         0.00000
        -1.95633         0.00000
        -1.95473         0.00000
        -1.95314         0.00000
        -1.95154         0.00000
        -1.94994         0.00000
        -1.94834         0.00000
        -1.94674         0.00000
        -1.94514         0.00000
        -1.94354         0.00000
        -1.94194         0.00000
        -1.94034         0.00000
        -1.93874         0.00000
        -1.93714         0.00000
        -1.93554         0.00000
        -1.93394         0.00000
        -1.93234         0.00000
        -1.93074         0.00000
        -1.92914         0.00000
        -1.92754         0.00000
        -1.92594         0.00000
        -1.92434         0.00000
        -1.92274         0.00000
        -1.92114         0.00000
        -1.91954         0.00000
        -1.91794         0.00000
        -1.91634         0.00000
        -1.91474         0.00000
        -1.91314         0.00000
        -1.91154         0.00000
        -1.90995         0.00000
        -1.90835         0.00000
        -1.90675         0.00000
        -1.90515         0.00000
        -1.90355         0.00000
        -1.90195         0.00000
        -1.90035         0.00000
        -1.89875         0.00000
        -1.89715         0.00000
        -1.89555         0.00000
        -1.89395         0.00000
        -1.89235         0.00000
        -1.89075         0.00000
        -1.88915         0.00000
        -1.88755         0.00000
        -1.88595         0.00000
        -1.88435         0.00000
        -1.88275         0.00000
        -1.88115         0.00000
        -1.87955         0.00000
        -1.87795         0.00000
        -1.87635         0.00000
        -1.87475         0.00000
        -1.87315         0.00000
        -1.87155         0.00000
        -1.86995         0.00000
        -1.86836         0.00000
        -1.86676         0.00000
        -1.86516         0.00000
        -1.86356         0.00000
        -1.86196         0.00000
        -1.86036         0.00000
        -1.85876         0.00000
        -1.85716         0.00000
        -1.85556         0.00000
        -1.85396         0.00000
        -1.85236         0.00000
        -1.85076         0.00000
        -1.84916         0.00000
        -1.84756         0.00000
        -1.84596         0.00000
        -1.84436         0.00000
        -1.84276         0.00000
        -1.84116         0.00000
        -1.83956         0.00000
        -1.83796         0.00000
        -1.83636         0.00000
        -1.83476         0.00000
        -1.83316         0.00000
        -1.83156         0.00000
        -1.82996         0.00000
        -1.82836         0.00000
        -1.82677         0.00000
        -1.82517         0.00000
        -1.82357         0.00000
        -1.82197         0.00000
        -1.82037         0.00000
        -1.81877         0.00000
        -1.81717         0.00000
        -1.81557         0.00000
        -1.81397         0.00000
        -1.81237         0.00000
        -1.81077         0.00000
        -1.80917         0.00000
        -1.80757         0.00000
        -1.80597         0.00000
        -1.80437         0.00000
        -1.80277         0.00000
        -1.80117         0.00000
        -1.79957         0.00000
        -1.79797         0.00000
        -1.79637         0.00000
        -1.79477         0.00000
        -1.79317         0.00000
        -1.79157         0.00000
        -1.78997         0.00000
        -1.78837         0.00000
        -1.78677         0.00000
        -1.78517         0.00000
        -1.78358         0.00000
        -1.78198         0.00000
        -1.78038         0.00000
        -1.77878         0.00000
        -1.77718         0.00000
        -1.77558         0.00000
        -1.77398         0.00000
        -1.77238         0.00000
        -1.77078         0.00000
        -1.76918         0.00000
        -1.76758         0.00000
        -1.76598         0.00000
        -1.76438         0.00000
        -1.76278         0.00000
        -1.76118         0.00000
        -1.75958         0.00000
        -1.75798         0.00000
        -1.75638         0.00000
        -1.75478         0.00000
        -1.75318         0.00000
        -1.75158         0.00000
        -1.74998         0.00000
        -1.74838         0.00000
        -1.74678         0.00000
        -1.74518         0.00000
        -1.74358         0.00000
        -1.74199         0.00000
        -1.74039         0.00000
        -1.73879         0.00000
        -1.73719         0.00000
        -1.73559         0.00000
        -1.73399         0.00000
        -1.73239         0.00000
        -1.73079         0.00000
        -1.72919         0.00000
        -1.72759         0.00000
        -1.72599         0.00000
        -1.72439         0.00000
        -1.72279         0.00000
        -1.72119         0.00000
        -1.71959         0.00000
        -1.71799         0.00000
        -1.71639         0.00000
        -1.71479         0.00000
        -1.71319         0.00000
        -1.71159         0.00000
        -1.70999         0.00000
        -1.70839         0.00000
        -1.70679         0.00000
        -1.70519         0.00000
        -1.70359         0.00000
        -1.70199         0.00000
        -1.70040         0.00000
        -1.69880         0.00000
        -1.69720         0.00000
        -1.69560         0.00000
        -1.69400         0.00000
        -1.69240         0.00000
        -1.69080         0.00000
        -1.68920         0.00000
        -1.68760         0.00000
        -1.68600         0.00000
        -1.68440         0.00000
        -1.68280         0.00000
        -1.68120         0.00000
        -1.67960         0.00000
        -1.67800         0.00000
        -1.67640         0.00000
        -1.67480         0.00000
        -1.67320         0.00000
        -1.67160         0.00000
        -1.67000         0.00000
        -1.66840         0.00000
        -1.66680         0.00000
        -1.66520         0.00000
        -1.66360         0.00000
        -1.66200         0.00000
        -1.66040         0.00000
        -1.65881         0.00000
        -1.65721         0.00000
        -1.65561         0.00000
        -1.65401         0.00000
        -1.65241         0.00000
        -1.65081         0.00000
        -1.64921         0.00000
        -1.64761         0.00000
        -1.64601         0.00000
        -1.64441         0.00000
        -1.64281         0.00000
        -1.64121         0.00000
        -1.63961         0.00000
        -1.63801         0.00000
        -1.63641         0.00000
        -1.63481         0.00000
        -1.63321         0.00000
        -1.63161         0.00000
        -1.63001         0.00000
        -1.62841         0.00000
        -1.62681         0.00000
        -1.62521         0.00000
        -1.62361         0.00000
        -1.62201         0.00000
        -1.62041         0.00000
        -1.61881         0.00000
        -1.61721         0.00000
        -1.61562         0.00000
        -1.61402         0.00000
        -1.61242         0.00000
        -1.61082         0.00000
        -1.60922         0.00000
        -1.60762         0.00000
        -1.60602         0.00000
        -1.60442         0.00000
        -1.60282         0.00000
        -1.60122         0.00000
        -1.59962         0.00000
        -1.59802         0.00000
        -1.59642         0.00000
        -1.59482         0.00000
        -1.59322         0.00000
        -1.59162         0.00000
        -1.59002         0.00000
        -1.58842         0.00000
        -1.58682         0.00000
        -1.58522         0.00000
        -1.58362         0.00000
        -1.58202         0.00000
        -1.58042         0.00000
        -1.57882         0.00000
        -1.57722         0.00000
        -1.57562         0.00000
        -1.57403         0.00000
        -1.57243         0.00000
        -1.57083         0.00000
        -1.56923         0.00000
        -1.56763         0.00000
        -1.56603         0.00000
        -1.56443         0.00000
        -1.56283         0.00000
        -1.56123         0.00000
        -1.55963         0.00000
        -1.55803         0.00000
        -1.55643         0.00000
        -1.55483         0.00000
        -1.55323         0.00000
        -1.55163         0.00000
        -1.55003         0.00000
        -1.54843         0.00000
        -1.54683         0.00000
        -1.54523         0.00000
        -1.54363         0.00000
        -1.54203         0.00000
        -1.54043         0.00000
        -1.53883         0.00000
        -1.53723         0.00000
        -1.53563         0.00000
        -1.53403         0.00000
        -1.53244         0.00000
        -1.53084         0.00000
        -1.52924         0.00000
        -1.52764         0.00000
        -1.52604         0.00000
        -1.52444         0.00000
        -1.52284         0.00000
        -1.52124         0.00000
        -1.51964         0.00000
        -1.51804         0.00000
        -1.51644         0.00000
        -1.51484         0.00000
        -1.51324         0.00000
        -1.51164         0.00000
        -1.51004         0.00000
        -1.50844         0.00000
        -1.50684         0.00000
        -1.50524         0.00000
        -1.50364         0.00000
        -1.50204         0.00000
        -1.50044         0.00000
        -1.49884         0.00000
        -1.49724         0.00000
        -1.49564         0.00000
        -1.49404         0.00000
        -1.49244         0.00000
        -1.49085         0.00000
        -1.48925         0.00000
        -1.48765         0.00000
        -1.48605         0.00000
        -1.48445         0.00000
        -1.48285         0.00000
        -1.48125         0.00000
        -1.47965         0.00000
        -1.47805         0.00000
        -1.47645         0.00000
        -1.47485         0.00000
        -1.47325         0.00000
        -1.47165         0.00000
        -1.47005         0.00000
        -1.46845         0.00000
        -1.46685         0.00000
        -1.46525         0.00000
        -1.46365         0.00000
        -1.46205         0.00000
        -1.46045         0.00000
        -1.45885         0.00000
        -1.45725         0.00000
        -1.45565         0.00000
        -1.45405         0.00000
        -1.45245         0.00000
        -1.45085         0.00000
        -1.44925         0.00000
        -1.44766         0.00000
        -1.44606         0.00000
        -1.44446         0.00000
        -1.44286         0.00000
        -1.44126         0.00000
        -1.43966         0.00000
        -1.43806         0.00000
        -1.43646         0.00000
        -1.43486         0.00000
        -1.43326         0.00000
        -1.43166         0.00000
        -1.43006         0.00000
        -1.42846         0.00000
        -1.42686         0.00000
        -1.42526         0.00000
        -1.42366         0.00000
        -1.42206         0.00000
        -1.42046         0.00000
        -1.41886         0.00000
        -1.41726         0.00000
        -1.41566         0.00000
        -1.41406         0.00000
        -1.41246         0.00000
        -1.41086         0.00000
        -1.40926         0.00000
        -1.40766         0.00000
        -1.40607         0.00000
        -1.40447         0.00000
        -1.40287        -0.00000
        -1.40127        -0.00000
        -1.39967        -0.00000
        -1.39807        -0.00000
        -1.39647        -0.00000
        -1.39487        -0.00000
        -1.39327        -0.00000
        -1.39167        -0.00000
        -1.39007        -0.00000
        -1.38847        -0.00000
        -1.38687        -0.00000
        -1.38527        -0.00000
        -1.38367        -0.00000
        -1.38207        -0.00000
        -1.38047        -0.00000
        -1.37887        -0.00000
        -1.37727        -0.00000
        -1.37567        -0.00000
        -1.37407        -0.00000
        -1.37247        -0.00000
        -1.37087        -0.00000
        -1.36927        -0.00000
        -1.36767        -0.00000
        -1.36607        -0.00000
        -1.36448        -0.00000
        -1.36288        -0.00000
        -1.36128        -0.00000
        -1.35968        -0.00000
        -1.35808        -0.00000
        -1.35648        -0.00000
        -1.35488        -0.00000
        -1.35328        -0.00000
        -1.35168        -0.00000
        -1.35008        -0.00000
        -1.34848        -0.00000
        -1.34688        -0.00000
        -1.34528        -0.00000
        -1.34368        -0.00000
        -1.34208        -0.00000
        -1.34048        -0.00000
        -1.33888        -0.00000
        -1.33728        -0.00000
        -1.33568        -0.00000
        -1.33408        -0.00000
        -1.33248        -0.00000
        -1.33088        -0.00000
        -1.32928        -0.00000
        -1.32768        -0.00000
        -1.32608        -0.00000
        -1.32448        -0.00000
        -1.32289        -0.00000
        -1.32129        -0.00000
        -1.31969        -0.00000
        -1.31809        -0.00000
        -1.31649        -0.00000
        -1.31489        -0.00000
        -1.31329        -0.00000
        -1.31169        -0.00000
        -1.31009        -0.00000
        -1.30849        -0.00000
        -1.30689        -0.00000
        -1.30529        -0.00000
        -1.30369        -0.00000
        -1.30209        -0.00000
        -1.30049        -0.00000
        -1.29889        -0.00000
        -1.29729        -0.00000
        -1.29569        -0.00000
        -1.29409        -0.00000
        -1.29249        -0.00000
        -1.29089        -0.00000
        -1.28929        -0.00000
        -1.28769        -0.00000
        -1.28609        -0.00000
        -1.28449        -0.00000
        -1.28289        -0.00000
        -1.28129        -0.00000
        -1.27970        -0.00000
        -1.27810        -0.00000
        -1.27650        -0.00000
        -1.27490        -0.00000
        -1.27330        -0.00000
        -1.27170        -0.00000
        -1.27010        -0.00000
        -1.26850        -0.00000
        -1.26690        -0.00000
        -1.26530        -0.00000
        -1.26370        -0.00000
        -1.26210        -0.00000
        -1.26050        -0.00000
        -1.25890        -0.00000
        -1.25730        -0.00000
        -1.25570        -0.00000
        -1.25410        -0.00000
        -1.25250        -0.00000
        -1.25090        -0.00000
        -1.24930        -0.00000
        -1.24770        -0.00000
        -1.24610        -0.00000
        -1.24450        -0.00000
        -1.24290        -0.00000
        -1.24130        -0.00000
        -1.23970        -0.00000
        -1.23811        -0.00000
        -1.23651        -0.00000
        -1.23491        -0.00000
        -1.23331        -0.00000
        -1.23171        -0.00000
        -1.23011        -0.00000
        -1.22851        -0.00000
        -1.22691        -0.00000
        -1.22531        -0.00000
        -1.22371        -0.00000
        -1.22211        -0.00000
        -1.22051        -0.00000
        -1.21891        -0.00000
        -1.21731        -0.00000
        -1.21571        -0.00000
        -1.21411        -0.00000
        -1.21251        -0.00000
        -1.21091        -0.00000
        -1.20931        -0.00000
        -1.20771        -0.00000
        -1.20611        -0.00000
        -1.20451        -0.00000
        -1.20291        -0.00000
        -1.20131        -0.00000
        -1.19971        -0.00000
        -1.19811        -0.00000
        -1.19652        -0.00000
        -1.19492        -0.00000
        -1.19332        -0.00000
        -1.19172        -0.00000
        -1.19012        -0.00000
        -1.18852        -0.00000
        -1.18692        -0.00000
        -1.18532        -0.00000
        -1.18372        -0.00000
        -1.18212        -0.00000
        -1.18052        -0.00000
        -1.17892        -0.00000
        -1.17732        -0.00000
        -1.17572        -0.00000
        -1.17412        -0.00000
        -1.17252        -0.00000
        -1.17092        -0.00000
        -1.16932        -0.00000
        -1.16772        -0.00000
        -1.16612        -0.00000
        -1.16452        -0.00000
        -1.16292        -0.00000
        -1.16132        -0.00000
        -1.15972        -0.00000
        -1.15812        -0.00000
        -1.15652        -0.00000
        -1.15493        -0.00000
        -1.15333        -0.00000
        -1.15173        -0.00000
        -1.15013        -0.00000
        -1.14853        -0.00000
        -1.14693        -0.00000
        -1.14533        -0.00000
        -1.14373        -0.00000
        -1.14213        -0.00000
        -1.14053        -0.00000
        -1.13893        -0.00000
        -1.13733        -0.00000
        -1.13573        -0.00000
        -1.13413        -0.00000
        -1.13253        -0.00000
        -1.13093        -0.00000
        -1.12933        -0.00000
        -1.12773        -0.00000
        -1.12613        -0.00000
        -1.12453        -0.00000
        -1.12293        -0.00000
        -1.12133        -0.00000
        -1.11973        -0.00000
        -1.11813        -0.00000
        -1.11653        -0.00000
        -1.11493        -0.00000
        -1.11333        -0.00000
        -1.11174        -0.00000
        -1.11014        -0.00000
        -1.10854        -0.00000
        -1.10694        -0.00000
        -1.10534        -0.00000
        -1.10374        -0.00000
        -1.10214        -0.00000
        -1.10054        -0.00000
        -1.09894        -0.00000
        -1.09734        -0.00000
        -1.09574        -0.00000
        -1.09414        -0.00000
        -1.09254        -0.00000
        -1.09094        -0.00000
        -1.08934        -0.00000
        -1.08774        -0.00000
        -1.08614        -0.00000
        -1.08454        -0.00000
        -1.08294        -0.00000
        -1.08134        -0.00000
        -1.07974        -0.00000
        -1.07814        -0.00000
        -1.07654        -0.00000
        -1.07494        -0.00000
        -1.07334        -0.00000
        -1.07174        -0.00000
        -1.07015        -0.00000
        -1.06855        -0.00000
        -1.06695        -0.00000
        -1.06535        -0.00000
        -1.06375        -0.00000
        -1.06215        -0.00000
        -1.06055        -0.00000
        -1.05895        -0.00000
        -1.05735        -0.00000
        -1.05575        -0.00000
        -1.05415        -0.00000
        -1.05255        -0.00000
        -1.05095        -0.00000
        -1.04935        -0.00000
        -1.04775        -0.00000
        -1.04615        -0.00000
        -1.04455        -0.00000
        -1.04295        -0.00000
        -1.04135        -0.00000
        -1.03975        -0.00000
        -1.03815        -0.00000
        -1.03655        -0.00000
        -1.03495        -0.00000
        -1.03335        -0.00000
        -1.03175        -0.00000
        -1.03015        -0.00000
        -1.02856        -0.00000
        -1.02696        -0.00000
        -1.02536        -0.00000
        -1.02376        -0.00000
        -1.02216        -0.00000
        -1.02056        -0.00000
        -1.01896        -0.00000
        -1.01736        -0.00000
        -1.01576        -0.00000
        -1.01416        -0.00000
        -1.01256        -0.00000
        -1.01096        -0.00000
        -1.00936        -0.00000
        -1.00776        -0.00000
        -1.00616        -0.00000
        -1.00456        -0.00000
        -1.00296        -0.00000
        -1.00136        -0.00000
        -0.99976        -0.00000
        -0.99816        -0.00000
        -0.99656        -0.00000
        -0.99496        -0.00000
        -0.99336        -0.00000
        -0.99176        -0.00000
        -0.99016        -0.00000
        -0.98856        -0.00000
        -0.98697        -0.00000
        -0.98537        -0.00000
        -0.98377        -0.00000
        -0.98217        -0.00000
        -0.98057        -0.00000
        -0.97897        -0.00000
        -0.97737        -0.00000
        -0.97577        -0.00000
        -0.97417        -0.00000
        -0.97257        -0.00000
        -0.97097        -0.00000
        -0.96937        -0.00000
        -0.96777        -0.00000
        -0.96617        -0.00000
        -0.96457        -0.00000
        -0.96297        -0.00000
        -0.96137        -0.00000
        -0.95977        -0.00000
        -0.95817        -0.00000
        -0.95657        -0.00000
        -0.95497        -0.00000
        -0.95337        -0.00000
        -0.95177        -0.00000
        -0.95017        -0.00000
        -0.94857        -0.00000
        -0.94697        -0.00000
        -0.94537        -0.00000
        -0.94378        -0.00000
        -0.94218        -0.00000
        -0.94058        -0.00000
        -0.93898        -0.00000
        -0.93738        -0.00000
        -0.93578        -0.00000
        -0.93418        -0.00000
        -0.93258        -0.00000
        -0.93098        -0.00000
        -0.92938        -0.00000
        -0.92778        -0.00000
        -0.92618        -0.00000
        -0.92458        -0.00000
        -0.92298        -0.00000
        -0.92138        -0.00000
        -0.91978        -0.00000
        -0.91818        -0.00000
        -0.91658        -0.00000
        -0.91498        -0.00000
        -0.91338        -0.00000
        -0.91178        -0.00000
        -0.91018        -0.00000
        -0.90858        -0.00000
        -0.90698        -0.00000
        -0.90538        -0.00000
        -0.90378        -0.00000
        -0.90219        -0.00000
        -0.90059        -0.00000
        -0.89899        -0.00000
        -0.89739        -0.00000
        -0.89579        -0.00000
        -0.89419        -0.00000
        -0.89259        -0.00000
        -0.89099        -0.00000
        -0.88939        -0.00000
        -0.88779        -0.00000
        -0.88619        -0.00000
        -0.88459        -0.00000
        -0.88299        -0.00000
        -0.88139        -0.00000
        -0.87979        -0.00000
        -0.87819        -0.00000
        -0.87659        -0.00000
        -0.87499        -0.00000
        -0.87339        -0.00000
        -0.87179        -0.00000
        -0.87019        -0.00000
        -0.86859        -0.00000
        -0.86699        -0.00000
        -0.86539        -0.00000
        -0.86379        -0.00000
        -0.86219        -0.00000
        -0.86060        -0.00000
        -0.85900        -0.00000
        -0.85740        -0.00000
        -0.85580        -0.00000
        -0.85420        -0.00000
        -0.85260        -0.00000
        -0.85100        -0.00000
        -0.84940        -0.00000
        -0.84780        -0.00000
        -0.84620        -0.00000
        -0.84460        -0.00000
        -0.84300        -0.00000
        -0.84140        -0.00000
        -0.83980        -0.00000
        -0.83820        -0.00000
        -0.83660        -0.00000
        -0.83500        -0.00000
        -0.83340        -0.00000
        -0.83180        -0.00000
        -0.83020        -0.00000
        -0.82860        -0.00000
        -0.82700        -0.00000
        -0.82540        -0.00000
        -0.82380        -0.00000
        -0.82220        -0.00000
        -0.82060        -0.00000
        -0.81901        -0.00000
        -0.81741        -0.00000
        -0.81581        -0.00000
        -0.81421        -0.00000
        -0.81261        -0.00000
        -0.81101        -0.00000
        -0.80941        -0.00000
        -0.80781        -0.00000
        -0.80621        -0.00000
        -0.80461        -0.00000
        -0.80301        -0.00000
        -0.80141        -0.00000
        -0.79981        -0.00000
        -0.79821        -0.00000
        -0.79661        -0.00000
        -0.79501        -0.00000
        -0.79341        -0.00000
        -0.79181        -0.00000
        -0.79021        -0.00000
        -0.78861         0.00000
        -0.78701         0.00000
        -0.78541        -0.00000
        -0.78381        -0.00000
        -0.78221        -0.00000
        -0.78061        -0.00000
        -0.77901        -0.00000
        -0.77741        -0.00000
        -0.77582         0.00001
        -0.77422         0.00002
        -0.77262         0.00002
        -0.77102         0.00003
        -0.76942         0.00005
        -0.76782         0.00007
        -0.76622         0.00009
        -0.76462         0.00013
        -0.76302         0.00018
        -0.76142         0.00025
        -0.75982         0.00034
        -0.75822         0.00048
        -0.75662         0.00089
        -0.75502         0.00096
        -0.75342         0.00140
        -0.75182         0.00208
        -0.75022         0.00312
        -0.74862         0.00481
        -0.74702         0.00761
        -0.74542         0.01246
        -0.74382         0.02125
        -0.74222         0.03797
        -0.74062         0.07096
        -0.73902         0.13394
        -0.73742         0.22887
        -0.73582         0.28647
        -0.73423         0.26397
        -0.73263         0.21724
        -0.73103         0.18075
        -0.72943         0.15782
        -0.72783         0.14523
        -0.72623         0.13996
        -0.72463         0.14082
        -0.72303         0.14758
        -0.72143         0.16139
        -0.71983         0.18561
        -0.71823         0.22809
        -0.71663         0.30394
        -0.71503         0.42168
        -0.71343         0.52794
        -0.71183         0.53288
        -0.71023         0.51198
        -0.70863         0.50330
        -0.70703         0.50747
        -0.70543         0.51739
        -0.70383         0.52707
        -0.70223         0.53390
        -0.70063         0.53714
        -0.69903         0.53824
        -0.69743         0.53934
        -0.69583         0.54271
        -0.69423         0.55023
        -0.69264         0.56316
        -0.69104         0.58193
        -0.68944         0.60589
        -0.68784         0.63314
        -0.68624         0.66054
        -0.68464         0.68434
        -0.68304         0.70128
        -0.68144         0.70979
        -0.67984         0.71044
        -0.67824         0.70546
        -0.67664         0.69771
        -0.67504         0.68978
        -0.67344         0.68363
        -0.67184         0.68048
        -0.67024         0.68098
        -0.66864         0.68537
        -0.66704         0.69364
        -0.66544         0.70559
        -0.66384         0.72092
        -0.66224         0.73923
        -0.66064         0.76006
        -0.65904         0.78290
        -0.65744         0.80720
        -0.65584         0.83238
        -0.65424         0.85790
        -0.65264         0.88328
        -0.65105         0.90809
        -0.64945         0.93202
        -0.64785         0.95486
        -0.64625         0.97649
        -0.64465         0.99680
        -0.64305         1.01572
        -0.64145         1.03311
        -0.63985         1.04879
        -0.63825         1.06247
        -0.63665         1.07384
        -0.63505         1.08259
        -0.63345         1.08847
        -0.63185         1.09136
        -0.63025         1.09132
        -0.62865         1.08859
        -0.62705         1.08359
        -0.62545         1.07684
        -0.62385         1.06897
        -0.62225         1.06060
        -0.62065         1.05233
        -0.61905         1.04468
        -0.61745         1.03811
        -0.61585         1.03299
        -0.61425         1.02961
        -0.61265         1.02818
        -0.61105         1.02887
        -0.60945         1.03179
        -0.60786         1.03699
        -0.60626         1.04452
        -0.60466         1.05438
        -0.60306         1.06656
        -0.60146         1.08100
        -0.59986         1.09766
        -0.59826         1.11644
        -0.59666         1.13724
        -0.59506         1.15993
        -0.59346         1.18434
        -0.59186         1.21030
        -0.59026         1.23759
        -0.58866         1.26597
        -0.58706         1.29518
        -0.58546         1.32492
        -0.58386         1.35488
        -0.58226         1.38475
        -0.58066         1.41417
        -0.57906         1.44281
        -0.57746         1.47033
        -0.57586         1.49641
        -0.57426         1.52074
        -0.57266         1.54303
        -0.57106         1.56304
        -0.56946         1.58057
        -0.56786         1.59545
        -0.56627         1.60759
        -0.56467         1.61696
        -0.56307         1.62360
        -0.56147         1.62760
        -0.55987         1.62916
        -0.55827         1.62851
        -0.55667         1.62594
        -0.55507         1.62177
        -0.55347         1.61637
        -0.55187         1.61010
        -0.55027         1.60334
        -0.54867         1.59642
        -0.54707         1.58968
        -0.54547         1.58342
        -0.54387         1.57792
        -0.54227         1.57341
        -0.54067         1.57010
        -0.53907         1.56817
        -0.53747         1.56776
        -0.53587         1.56901
        -0.53427         1.57201
        -0.53267         1.57685
        -0.53107         1.58360
        -0.52947         1.59232
        -0.52787         1.60305
        -0.52627         1.61582
        -0.52468         1.63067
        -0.52308         1.64760
        -0.52148         1.66661
        -0.51988         1.68772
        -0.51828         1.71089
        -0.51668         1.73611
        -0.51508         1.76334
        -0.51348         1.79252
        -0.51188         1.82360
        -0.51028         1.85648
        -0.50868         1.89108
        -0.50708         1.92725
        -0.50548         1.96485
        -0.50388         2.00372
        -0.50228         2.04366
        -0.50068         2.08443
        -0.49908         2.12579
        -0.49748         2.16746
        -0.49588         2.20913
        -0.49428         2.25050
        -0.49268         2.29124
        -0.49108         2.33100
        -0.48948         2.36945
        -0.48788         2.40629
        -0.48628         2.44122
        -0.48468         2.47398
        -0.48308         2.50436
        -0.48149         2.53220
        -0.47989         2.55740
        -0.47829         2.57995
        -0.47669         2.59987
        -0.47509         2.61730
        -0.47349         2.63239
        -0.47189         2.64541
        -0.47029         2.65665
        -0.46869         2.66645
        -0.46709         2.67518
        -0.46549         2.68327
        -0.46389         2.69111
        -0.46229         2.69914
        -0.46069         2.70777
        -0.45909         2.71743
        -0.45749         2.72851
        -0.45589         2.74138
        -0.45429         2.75642
        -0.45269         2.77398
        -0.45109         2.79437
        -0.44949         2.81790
        -0.44789         2.84489
        -0.44629         2.87559
        -0.44469         2.91030
        -0.44309         2.94928
        -0.44149         2.99280
        -0.43990         3.04111
        -0.43830         3.09448
        -0.43670         3.15319
        -0.43510         3.21752
        -0.43350         3.28775
        -0.43190         3.36421
        -0.43030         3.44719
        -0.42870         3.53706
        -0.42710         3.63416
        -0.42550         3.73889
        -0.42390         3.85165
        -0.42230         3.97285
        -0.42070         4.10295
        -0.41910         4.24239
        -0.41750         4.39164
        -0.41590         4.55112
        -0.41430         4.72126
        -0.41270         4.90240
        -0.41110         5.09483
        -0.40950         5.29868
        -0.40790         5.51391
        -0.40630         5.74024
        -0.40470         5.97709
        -0.40310         6.22352
        -0.40150         6.47819
        -0.39990         6.73933
        -0.39831         7.00478
        -0.39671         7.27205
        -0.39511         7.53852
        -0.39351         7.80165
        -0.39191         8.05930
        -0.39031         8.30997
        -0.38871         8.55311
        -0.38711         8.78921
        -0.38551         9.01979
        -0.38391         9.24724
        -0.38231         9.47457
        -0.38071         9.70501
        -0.37911         9.94172
        -0.37751        10.18745
        -0.37591        10.44430
        -0.37431        10.71355
        -0.37271        10.99548
        -0.37111        11.28929
        -0.36951        11.59298
        -0.36791        11.90333
        -0.36631        12.21595
        -0.36471        12.52534
        -0.36311        12.82526
        -0.36151        13.10907
        -0.35991        13.37034
        -0.35831        13.60344
        -0.35672        13.80419
        -0.35512        13.97027
        -0.35352        14.10155
        -0.35192        14.19997
        -0.35032        14.26939
        -0.34872        14.31503
        -0.34712        14.34304
        -0.34552        14.35992
        -0.34392        14.37212
        -0.34232        14.38566
        -0.34072        14.40601
        -0.33912        14.43790
        -0.33752        14.48541
        -0.33592        14.55191
        -0.33432        14.64022
        -0.33272        14.75263
        -0.33112        14.89103
        -0.32952        15.05699
        -0.32792        15.25178
        -0.32632        15.47646
        -0.32472        15.73191
        -0.32312        16.01882
        -0.32152        16.33772
        -0.31992        16.68894
        -0.31832        17.07264
        -0.31672        17.48877
        -0.31512        17.93710
        -0.31353        18.41725
        -0.31193        18.92870
        -0.31033        19.47094
        -0.30873        20.04349
        -0.30713        20.64606
        -0.30553        21.27853
        -0.30393        21.94100
        -0.30233        22.63369
        -0.30073        23.35669
        -0.29913        24.10970
        -0.29753        24.89152
        -0.29593        25.69959
        -0.29433        26.52933
        -0.29273        27.37358
        -0.29113        28.22198
        -0.28953        29.06060
        -0.28793        29.87172
        -0.28633        30.63406
        -0.28473        31.32355
        -0.28313        31.91468
        -0.28153        32.38253
        -0.27993        32.70521
        -0.27833        32.86638
        -0.27673        32.85752
        -0.27513        32.67927
        -0.27353        32.34165
        -0.27194        31.86308
        -0.27034        31.26836
        -0.26874        30.58607
        -0.26714        29.84589
        -0.26554        29.07624
        -0.26394        28.30251
        -0.26234        27.54586
        -0.26074        26.82265
        -0.25914        26.14427
        -0.25754        25.51725
        -0.25594        24.94351
        -0.25434        24.42076
        -0.25274        23.94294
        -0.25114        23.50098
        -0.24954        23.08369
        -0.24794        22.67901
        -0.24634        22.27549
        -0.24474        21.86381
        -0.24314        21.43798
        -0.24154        20.99616
        -0.23994        20.54066
        -0.23834        20.07726
        -0.23674        19.61417
        -0.23514        19.16073
        -0.23354        18.72628
        -0.23194        18.31932
        -0.23035        17.94700
        -0.22875        17.61501
        -0.22715        17.32761
        -0.22555        17.08783
        -0.22395        16.89773
        -0.22235        16.75866
        -0.22075        16.67150
        -0.21915        16.63680
        -0.21755        16.65497
        -0.21595        16.72631
        -0.21435        16.85110
        -0.21275        17.02952
        -0.21115        17.26170
        -0.20955        17.54757
        -0.20795        17.88676
        -0.20635        18.27847
        -0.20475        18.72130
        -0.20315        19.21304
        -0.20155        19.75054
        -0.19995        20.32949
        -0.19835        20.94438
        -0.19675        21.58847
        -0.19515        22.25389
        -0.19355        22.93194
        -0.19195        23.61351
        -0.19035        24.28965
        -0.18876        24.95225
        -0.18716        25.59480
        -0.18556        26.21298
        -0.18396        26.80521
        -0.18236        27.37294
        -0.18076        27.92068
        -0.17916        28.45583
        -0.17756        28.98826
        -0.17596        29.52985
        -0.17436        30.09382
        -0.17276        30.69414
        -0.17116        31.34476
        -0.16956        32.05880
        -0.16796        32.84745
        -0.16636        33.71845
        -0.16476        34.67423
        -0.16316        35.70943
        -0.16156        36.80875
        -0.15996        37.94579
        -0.15836        39.08518
        -0.15676        40.18931
        -0.15516        41.23009
        -0.15356        42.20200
        -0.15196        43.13029
        -0.15036        44.06889
        -0.14876        45.08835
        -0.14716        46.25874
        -0.14557        47.63345
        -0.14397        49.23595
        -0.14237        51.04832
        -0.14077        53.00006
        -0.13917        54.95899
        -0.13757        56.73116
        -0.13597        58.08099
        -0.13437        58.77848
        -0.13277        58.66468
        -0.13117        57.70609
        -0.12957        56.00580
        -0.12797        53.76396
        -0.12637        51.21223
        -0.12477        48.55655
        -0.12317        45.94729
        -0.12157        43.47524
        -0.11997        41.18254
        -0.11837        39.07794
        -0.11677        37.15071
        -0.11517        35.38084
        -0.11357        33.74579
        -0.11197        32.22444
        -0.11037        30.79901
        -0.10877        29.45578
        -0.10717        28.18494
        -0.10557        26.98005
        -0.10398        25.83727
        -0.10238        24.75457
        -0.10078        23.73097
        -0.09918        22.76597
        -0.09758        21.85910
        -0.09598        21.00957
        -0.09438        20.21615
        -0.09278        19.47706
        -0.09118        18.78999
        -0.08958        18.15212
        -0.08798        17.56020
        -0.08638        17.01065
        -0.08478        16.49961
        -0.08318        16.02308
        -0.08158        15.57696
        -0.07998        15.15712
        -0.07838        14.75951
        -0.07678        14.38023
        -0.07518        14.01558
        -0.07358        13.66215
        -0.07198        13.31689
        -0.07038        12.97715
        -0.06878        12.64080
        -0.06718        12.30618
        -0.06558        11.97220
        -0.06398        11.63830
        -0.06239        11.30442
        -0.06079        10.97098
        -0.05919        10.63881
        -0.05759        10.30903
        -0.05599         9.98301
        -0.05439         9.66225
        -0.05279         9.34830
        -0.05119         9.04266
        -0.04959         8.74676
        -0.04799         8.46188
        -0.04639         8.18910
        -0.04479         7.92935
        -0.04319         7.68333
        -0.04159         7.45158
        -0.03999         7.23446
        -0.03839         7.03218
        -0.03679         6.84483
        -0.03519         6.67238
        -0.03359         6.51476
        -0.03199         6.37183
        -0.03039         6.24342
        -0.02879         6.12938
        -0.02719         6.02954
        -0.02559         5.94378
        -0.02399         5.87205
        -0.02239         5.81433
        -0.02080         5.77070
        -0.01920         5.74134
        -0.01760         5.72653
        -0.01600         5.72669
        -0.01440         5.74241
        -0.01280         5.77443
        -0.01120         5.82370
        -0.00960         5.89143
        -0.00800         5.97908
        -0.00640         6.08844
        -0.00480         6.22166
        -0.00320         6.38134
        -0.00160         6.57058
        -0.00000         6.79304
         0.00160         7.05309
         0.00320         7.35581
         0.00480         7.70717
         0.00640         8.11403
         0.00800         8.58419
         0.00960         9.12638
         0.01120         9.75005
         0.01280        10.46505
         0.01440        11.28094
         0.01600        12.20601
         0.01760        13.24569
         0.01920        14.40059
         0.02080        15.66399
         0.02239        17.01938
         0.02399        18.43864
         0.02559        19.88175
         0.02719        21.29908
         0.02879        22.63655
         0.03039        23.84309
         0.03199        24.87853
         0.03359        25.71961
         0.03519        26.36219
         0.03679        26.81942
         0.03839        27.11678
         0.03999        27.28586
         0.04159        27.35872
         0.04319        27.36348
         0.04479        27.32173
         0.04639        27.24725
         0.04799        27.14582
         0.04959        27.01571
         0.05119        26.84854
         0.05279        26.63044
         0.05439        26.34345
         0.05599        25.96731
         0.05759        25.48175
         0.05919        24.86941
         0.06079        24.11927
         0.06239        23.22996
         0.06398        22.21200
         0.06558        21.08803
         0.06718        19.89060
         0.06878        18.65788
         0.07038        17.42849
         0.07198        16.23676
         0.07358        15.10961
         0.07518        14.06527
         0.07678        13.11364
         0.07838        12.25764
         0.07998        11.49507
         0.08158        10.82030
         0.08318        10.22581
         0.08478         9.70329
         0.08638         9.24434
         0.08798         8.84102
         0.08958         8.48603
         0.09118         8.17290
         0.09278         7.89591
         0.09438         7.65014
         0.09598         7.43136
         0.09758         7.23594
         0.09918         7.06083
         0.10078         6.90340
         0.10238         6.76145
         0.10398         6.63310
         0.10557         6.51677
         0.10717         6.41111
         0.10877         6.31499
         0.11037         6.22741
         0.11197         6.14757
         0.11357         6.07476
         0.11517         6.00836
         0.11677         5.94786
         0.11837         5.89280
         0.11997         5.84281
         0.12157         5.79754
         0.12317         5.75668
         0.12477         5.71998
         0.12637         5.68718
         0.12797         5.65806
         0.12957         5.63242
         0.13117         5.61006
         0.13277         5.59079
         0.13437         5.57442
         0.13597         5.56076
         0.13757         5.54961
         0.13917         5.54080
         0.14077         5.53410
         0.14237         5.52931
         0.14397         5.52622
         0.14557         5.52457
         0.14716         5.52415
         0.14876         5.52467
         0.15036         5.52589
         0.15196         5.52753
         0.15356         5.52929
         0.15516         5.53090
         0.15676         5.53205
         0.15836         5.53246
         0.15996         5.53183
         0.16156         5.52987
         0.16316         5.52633
         0.16476         5.52094
         0.16636         5.51348
         0.16796         5.50373
         0.16956         5.49153
         0.17116         5.47674
         0.17276         5.45926
         0.17436         5.43902
         0.17596         5.41601
         0.17756         5.39026
         0.17916         5.36183
         0.18076         5.33082
         0.18236         5.29738
         0.18396         5.26168
         0.18556         5.22391
         0.18716         5.18430
         0.18876         5.14308
         0.19035         5.10049
         0.19195         5.05679
         0.19355         5.01222
         0.19515         4.96703
         0.19675         4.92145
         0.19835         4.87569
         0.19995         4.82996
         0.20155         4.78443
         0.20315         4.73927
         0.20475         4.69462
         0.20635         4.65059
         0.20795         4.60728
         0.20955         4.56477
         0.21115         4.52310
         0.21275         4.48232
         0.21435         4.44244
         0.21595         4.40346
         0.21755         4.36537
         0.21915         4.32815
         0.22075         4.29174
         0.22235         4.25612
         0.22395         4.22121
         0.22555         4.18697
         0.22715         4.15331
         0.22875         4.12017
         0.23035         4.08748
         0.23194         4.05515
         0.23354         4.02313
         0.23514         3.99134
         0.23674         3.95972
         0.23834         3.92820
         0.23994         3.89674
         0.24154         3.86529
         0.24314         3.83381
         0.24474         3.80227
         0.24634         3.77066
         0.24794         3.73896
         0.24954         3.70718
         0.25114         3.67532
         0.25274         3.64341
         0.25434         3.61147
         0.25594         3.57954
         0.25754         3.54766
         0.25914         3.51589
         0.26074         3.48427
         0.26234         3.45287
         0.26394         3.42176
         0.26554         3.39100
         0.26714         3.36067
         0.26874         3.33084
         0.27034         3.30157
         0.27194         3.27294
         0.27353         3.24501
         0.27513         3.21787
         0.27673         3.19155
         0.27833         3.16613
         0.27993         3.14166
         0.28153         3.11818
         0.28313         3.09575
         0.28473         3.07440
         0.28633         3.05416
         0.28793         3.03506
         0.28953         3.01713
         0.29113         3.00037
         0.29273         2.98480
         0.29433         2.97042
         0.29593         2.95724
         0.29753         2.94523
         0.29913         2.93440
         0.30073         2.92472
         0.30233         2.91617
         0.30393         2.90871
         0.30553         2.90231
         0.30713         2.89694
         0.30873         2.89254
         0.31033         2.88906
         0.31193         2.88644
         0.31353         2.88463
         0.31512         2.88356
         0.31672         2.88315
         0.31832         2.88333
         0.31992         2.88401
         0.32152         2.88513
         0.32312         2.88658
         0.32472         2.88828
         0.32632         2.89014
         0.32792         2.89208
         0.32952         2.89400
         0.33112         2.89582
         0.33272         2.89746
         0.33432         2.89883
         0.33592         2.89987
         0.33752         2.90052
         0.33912         2.90071
         0.34072         2.90041
         0.34232         2.89960
         0.34392         2.89824
         0.34552         2.89634
         0.34712         2.89391
         0.34872         2.89100
         0.35032         2.88763
         0.35192         2.88389
         0.35352         2.87986
         0.35512         2.87563
         0.35672         2.87134
         0.35831         2.86711
         0.35991         2.86310
         0.36151         2.85949
         0.36311         2.85646
         0.36471         2.85421
         0.36631         2.85296
         0.36791         2.85296
         0.36951         2.85443
         0.37111         2.85766
         0.37271         2.86292
         0.37431         2.87051
         0.37591         2.88076
         0.37751         2.89401
         0.37911         2.91064
         0.38071         2.93105
         0.38231         2.95569
         0.38391         2.98506
         0.38551         3.01969
         0.38711         3.06021
         0.38871         3.10730
         0.39031         3.16177
         0.39191         3.22450
         0.39351         3.29656
         0.39511         3.37914
         0.39671         3.47365
         0.39831         3.58172
         0.39990         3.70527
         0.40150         3.84649
         0.40310         4.00796
         0.40470         4.19260
         0.40630         4.40373
         0.40790         4.64494
         0.40950         4.92004
         0.41110         5.23269
         0.41270         5.58589
         0.41430         5.98116
         0.41590         6.41718
         0.41750         6.88821
         0.41910         7.38215
         0.42070         7.87916
         0.42230         8.35162
         0.42390         8.76678
         0.42550         9.09232
         0.42710         9.30383
         0.42870         9.39114
         0.43030         9.36056
         0.43190         9.23195
         0.43350         9.03251
         0.43510         8.79018
         0.43670         8.52901
         0.43830         8.26707
         0.43990         8.01644
         0.44149         7.78414
         0.44309         7.57352
         0.44469         7.38548
         0.44629         7.21942
         0.44789         7.07398
         0.44949         6.94743
         0.45109         6.83796
         0.45269         6.74386
         0.45429         6.66360
         0.45589         6.59581
         0.45749         6.53933
         0.45909         6.49321
         0.46069         6.45664
         0.46229         6.42898
         0.46389         6.40972
         0.46549         6.39845
         0.46709         6.39487
         0.46869         6.39874
         0.47029         6.40989
         0.47189         6.42819
         0.47349         6.45356
         0.47509         6.48591
         0.47669         6.52519
         0.47829         6.57134
         0.47989         6.62427
         0.48149         6.68389
         0.48308         6.75008
         0.48468         6.82267
         0.48628         6.90144
         0.48788         6.98613
         0.48948         7.07642
         0.49108         7.17191
         0.49268         7.27213
         0.49428         7.37656
         0.49588         7.48458
         0.49748         7.59551
         0.49908         7.70860
         0.50068         7.82304
         0.50228         7.93796
         0.50388         8.05245
         0.50548         8.16558
         0.50708         8.27639
         0.50868         8.38393
         0.51028         8.48728
         0.51188         8.58555
         0.51348         8.67790
         0.51508         8.76356
         0.51668         8.84186
         0.51828         8.91221
         0.51988         8.97413
         0.52148         9.02724
         0.52308         9.07131
         0.52468         9.10618
         0.52627         9.13184
         0.52787         9.14839
         0.52947         9.15603
         0.53107         9.15507
         0.53267         9.14591
         0.53427         9.12905
         0.53587         9.10505
         0.53747         9.07454
         0.53907         9.03819
         0.54067         8.99673
         0.54227         8.95086
         0.54387         8.90131
         0.54547         8.84880
         0.54707         8.79399
         0.54867         8.73752
         0.55027         8.67999
         0.55187         8.62191
         0.55347         8.56376
         0.55507         8.50594
         0.55667         8.44878
         0.55827         8.39256
         0.55987         8.33749
         0.56147         8.28374
         0.56307         8.23143
         0.56467         8.18063
         0.56627         8.13138
         0.56786         8.08369
         0.56946         8.03755
         0.57106         7.99293
         0.57266         7.94980
         0.57426         7.90813
         0.57586         7.86787
         0.57746         7.82898
         0.57906         7.79143
         0.58066         7.75522
         0.58226         7.72033
         0.58386         7.68676
         0.58546         7.65454
         0.58706         7.62369
         0.58866         7.59427
         0.59026         7.56632
         0.59186         7.53992
         0.59346         7.51514
         0.59506         7.49206
         0.59666         7.47077
         0.59826         7.45137
         0.59986         7.43394
         0.60146         7.41857
         0.60306         7.40536
         0.60466         7.39437
         0.60626         7.38570
         0.60786         7.37941
         0.60945         7.37555
         0.61105         7.37418
         0.61265         7.37533
         0.61425         7.37903
         0.61585         7.38529
         0.61745         7.39410
         0.61905         7.40548
         0.62065         7.41938
         0.62225         7.43577
         0.62385         7.45462
         0.62545         7.47587
         0.62705         7.49945
         0.62865         7.52531
         0.63025         7.55336
         0.63185         7.58352
         0.63345         7.61571
         0.63505         7.64984
         0.63665         7.68583
         0.63825         7.72357
         0.63985         7.76297
         0.64145         7.80392
         0.64305         7.84633
         0.64465         7.89007
         0.64625         7.93502
         0.64785         7.98106
         0.64945         8.02804
         0.65105         8.07580
         0.65264         8.12415
         0.65424         8.17290
         0.65584         8.22182
         0.65744         8.27067
         0.65904         8.31917
         0.66064         8.36701
         0.66224         8.41388
         0.66384         8.45942
         0.66544         8.50325
         0.66704         8.54499
         0.66864         8.58424
         0.67024         8.62058
         0.67184         8.65362
         0.67344         8.68295
         0.67504         8.70822
         0.67664         8.72909
         0.67824         8.74526
         0.67984         8.75650
         0.68144         8.76263
         0.68304         8.76354
         0.68464         8.75922
         0.68624         8.74971
         0.68784         8.73516
         0.68944         8.71579
         0.69104         8.69190
         0.69264         8.66387
         0.69423         8.63213
         0.69583         8.59720
         0.69743         8.55962
         0.69903         8.51997
         0.70063         8.47886
         0.70223         8.43690
         0.70383         8.39472
         0.70543         8.35291
         0.70703         8.31208
         0.70863         8.27278
         0.71023         8.23554
         0.71183         8.20085
         0.71343         8.16916
         0.71503         8.14085
         0.71663         8.11628
         0.71823         8.09574
         0.71983         8.07947
         0.72143         8.06767
         0.72303         8.06045
         0.72463         8.05790
         0.72623         8.06004
         0.72783         8.06683
         0.72943         8.07818
         0.73103         8.09393
         0.73263         8.11389
         0.73423         8.13778
         0.73582         8.16528
         0.73742         8.19603
         0.73902         8.22958
         0.74062         8.26547
         0.74222         8.30318
         0.74382         8.34213
         0.74542         8.38173
         0.74702         8.42137
         0.74862         8.46041
         0.75022         8.49821
         0.75182         8.53415
         0.75342         8.56762
         0.75502         8.59805
         0.75662         8.62492
         0.75822         8.64776
         0.75982         8.66620
         0.76142         8.67992
         0.76302         8.68870
         0.76462         8.69242
         0.76622         8.69102
         0.76782         8.68456
         0.76942         8.67319
         0.77102         8.65711
         0.77262         8.63661
         0.77422         8.61205
         0.77582         8.58382
         0.77741         8.55236
         0.77901         8.51816
         0.78061         8.48169
         0.78221         8.44346
         0.78381         8.40398
         0.78541         8.36375
         0.78701         8.32328
         0.78861         8.28305
         0.79021         8.24353
         0.79181         8.20519
         0.79341         8.16845
         0.79501         8.13375
         0.79661         8.10150
         0.79821         8.07209
         0.79981         8.04589
         0.80141         8.02326
         0.80301         8.00455
         0.80461         7.99009
         0.80621         7.98018
         0.80781         7.97511
         0.80941         7.97515
         0.81101         7.98053
         0.81261         7.99144
         0.81421         8.00805
         0.81581         8.03044
         0.81741         8.05866
         0.81901         8.09264
         0.82060         8.13224
         0.82220         8.17720
         0.82380         8.22715
         0.82540         8.28160
         0.82700         8.33992
         0.82860         8.40143
         0.83020         8.46535
         0.83180         8.53092
         0.83340         8.59741
         0.83500         8.66424
         0.83660         8.73101
         0.83820         8.79754
         0.83980         8.86398
         0.84140         8.93069
         0.84300         8.99834
         0.84460         9.06776
         0.84620         9.13995
         0.84780         9.21596
         0.84940         9.29688
         0.85100         9.38376
         0.85260         9.47756
         0.85420         9.57917
         0.85580         9.68939
         0.85740         9.80890
         0.85900         9.93830
         0.86060        10.07809
         0.86219        10.22871
         0.86379        10.39052
         0.86539        10.56385
         0.86699        10.74894
         0.86859        10.94604
         0.87019        11.15533
         0.87179        11.37699
         0.87339        11.61118
         0.87499        11.85808
         0.87659        12.11787
         0.87819        12.39081
         0.87979        12.67719
         0.88139        12.97741
         0.88299        13.29190
         0.88459        13.62113
         0.88619        13.96538
         0.88779        14.32451
         0.88939        14.69742
         0.89099        15.08143
         0.89259        15.47152
         0.89419        15.85976
         0.89579        16.23567
         0.89739        16.58787
         0.89899        16.90722
         0.90059        17.19009
         0.90219        17.43965
         0.90378        17.66396
         0.90538        17.87157
         0.90698        18.06722
         0.90858        18.24944
         0.91018        18.41049
         0.91178        18.53795
         0.91338        18.61716
         0.91498        18.63395
         0.91658        18.57714
         0.91818        18.44045
         0.91978        18.22346
         0.92138        17.93156
         0.92298        17.57500
         0.92458        17.16756
         0.92618        16.72506
         0.92778        16.26414
         0.92938        15.80126
         0.93098        15.35187
         0.93258        14.92970
         0.93418        14.54621
         0.93578        14.21015
         0.93738        13.92746
         0.93898        13.70143
         0.94058        13.53300
         0.94218        13.42118
         0.94378        13.36340
         0.94537        13.35570
         0.94697        13.39267
         0.94857        13.46723
         0.95017        13.57016
         0.95177        13.68972
         0.95337        13.81164
         0.95497        13.92009
         0.95657        13.99991
         0.95817        14.04000
         0.95977        14.03639
         0.96137        13.99330
         0.96297        13.92094
         0.96457        13.83043
         0.96617        13.72768
         0.96777        13.61020
         0.96937        13.47168
         0.97097        13.31393
         0.97257        13.15471
         0.97417        13.02006
         0.97577        12.92865
         0.97737        12.88428
         0.97897        12.87915
         0.98057        12.89996
         0.98217        12.93207
         0.98377        12.96118
         0.98537        12.97385
         0.98697        12.95758
         0.98856        12.90100
         0.99016        12.79430
         0.99176        12.62983
         0.99336        12.40277
         0.99496        12.11165
         0.99656        11.75872
         0.99816        11.34982
         0.99976        10.89392
         1.00136        10.40230
         1.00296         9.88754
         1.00456         9.36247
         1.00616         8.83927
         1.00776         8.32873
         1.00936         7.83986
         1.01096         7.37962
         1.01256         6.95294
         1.01416         6.56287
         1.01576         6.21076
         1.01736         5.89650
         1.01896         5.61873
         1.02056         5.37496
         1.02216         5.16158
         1.02376         4.97382
         1.02536         4.80561
         1.02696         4.64953
         1.02856         4.49684
         1.03015         4.33807
         1.03175         4.16396
         1.03335         3.96689
         1.03495         3.74201
         1.03655         3.48742
         1.03815         3.20262
         1.03975         2.88219
         1.04135         2.49610
         1.04295         2.01002
         1.04455         1.69564
         1.04615         1.58098
         1.04775         1.47457
         1.04935         1.46810
         1.05095         0.87123
         1.05255         0.49611
         1.05415         0.47494
         1.05575         0.49301
         1.05735         0.65017
         1.05895         0.00028
         1.06055         0.00020
         1.06215         0.00014
         1.06375         0.00010
         1.06535         0.00007
         1.06695         0.00005
         1.06855         0.00004
         1.07015         0.00003
         1.07174         0.00002
         1.07334         0.00001
         1.07494         0.00001
         1.07654         0.00001
         1.07814         0.00000
         1.07974         0.00000
         1.08134         0.00000
         1.08294         0.00000
         1.08454         0.00000
         1.08614         0.00000
         1.08774         0.00000
         1.08934         0.00000
         1.09094         0.00000
         1.09254         0.00000
         1.09414         0.00000
         1.09574         0.00000
         1.09734         0.00000
         1.09894         0.00000
         1.10054         0.00000
         1.10214         0.00000
         1.10374         0.00000
         1.10534         0.00000
         1.10694         0.00000
         1.10854         0.00000
         1.11014         0.00000
         1.11174         0.00000
         1.11333         0.00000
         1.11493         0.00000
         1.11653         0.00000
         1.11813         0.00000
         1.11973         0.00000
         1.12133         0.00000
         1.12293         0.00000
         1.12453         0.00000
         1.12613         0.00000
         1.12773         0.00000
         1.12933         0.00000
         1.13093         0.00000
         1.13253         0.00000
         1.13413         0.00000
         1.13573         0.00000
         1.13733         0.00000
         1.13893         0.00000
         1.14053         0.00000
         1.14213         0.00000
         1.14373         0.00000
         1.14533         0.00000
         1.14693         0.00000
         1.14853         0.00000
         1.15013         0.00000
         1.15173         0.00000
         1.15333         0.00000
         1.15493         0.00000
         1.15652         0.00000
         1.15812         0.00000
         1.15972         0.00000
         1.16132         0.00000
         1.16292         0.00000
         1.16452         0.00000
         1.16612         0.00000
         1.16772         0.00000
         1.16932         0.00000
         1.17092         0.00000
         1.17252         0.00000
         1.17412         0.00000
         1.17572         0.00000
         1.17732         0.00000
         1.17892         0.00000
         1.18052         0.00000
         1.18212         0.00000
         1.18372         0.00000
         1.18532         0.00000
         1.18692         0.00000
         1.18852         0.00000
         1.19012         0.00000
         1.19172         0.00000
         1.19332         0.00000
         1.19492         0.00000
         1.19652         0.00000
         1.19811         0.00000
         1.19971         0.00000
         1.20131         0.00000
         1.20291         0.00000
         1.20451         0.00000
         1.20611         0.00000
         1.20771         0.00000
         1.20931         0.00000
         1.21091         0.00000
         1.21251         0.00000
         1.21411         0.00000
         1.21571         0.00000
         1.21731         0.00000
         1.21891         0.00000
         1.22051         0.00000
         1.22211         0.00000
         1.22371         0.00000
         1.22531         0.00000
         1.22691         0.00000
         1.22851         0.00000
         1.23011         0.00000
         1.23171         0.00000
         1.23331         0.00000
         1.23491         0.00000
         1.23651         0.00000
         1.23811         0.00000
         1.23970         0.00000
         1.24130         0.00000
         1.24290         0.00000
         1.24450         0.00000
         1.24610         0.00000
         1.24770         0.00000
         1.24930         0.00000
         1.25090         0.00000
         1.25250         0.00000
         1.25410         0.00000
         1.25570         0.00000
         1.25730         0.00000
         1.25890         0.00000
         1.26050         0.00000
         1.26210         0.00000
         1.26370         0.00000
         1.26530         0.00000
         1.26690         0.00000
         1.26850         0.00000
         1.27010         0.00000
         1.27170         0.00000
         1.27330         0.00000
         1.27490         0.00000
         1.27650         0.00000
         1.27810         0.00000
         1.27970         0.00000
         1.28129         0.00000
         1.28289         0.00000
         1.28449         0.00000
         1.28609         0.00000
         1.28769         0.00000
         1.28929         0.00000
         1.29089         0.00000
         1.29249         0.00000
         1.29409         0.00000
         1.29569         0.00000
         1.29729         0.00000
         1.29889         0.00000
         1.30049         0.00000
         1.30209         0.00000
         1.30369         0.00000
         1.30529         0.00000
         1.30689         0.00000
         1.30849         0.00000
         1.31009         0.00000
         1.31169         0.00000
         1.31329         0.00000
         1.31489         0.00000
         1.31649         0.00000
         1.31809         0.00000
         1.31969         0.00000
         1.32129         0.00000
         1.32289         0.00000
         1.32448         0.00000
         1.32608         0.00000
         1.32768         0.00000
         1.32928         0.00000
         1.33088         0.00000
         1.33248         0.00000
         1.33408         0.00000
         1.33568         0.00000
         1.33728         0.00000
         1.33888         0.00000
         1.34048         0.00000
         1.34208         0.00000
         1.34368         0.00000
         1.34528         0.00000
         1.34688         0.00000
         1.34848         0.00000
         1.35008         0.00000
         1.35168         0.00000
         1.35328         0.00000
         1.35488         0.00000
         1.35648         0.00000
         1.35808         0.00000
         1.35968         0.00000
         1.36128         0.00000
         1.36288         0.00000
         1.36448         0.00000
         1.36607         0.00000
         1.36767         0.00000
         1.36927         0.00000
         1.37087         0.00000
         1.37247         0.00000
         1.37407         0.00000
         1.37567         0.00000
         1.37727         0.00000
         1.37887         0.00000
         1.38047         0.00000
         1.38207         0.00000
         1.38367         0.00000
         1.38527         0.00000
         1.38687         0.00000
         1.38847         0.00000
         1.39007         0.00000
         1.39167         0.00000
         1.39327         0.00000
         1.39487         0.00000
         1.39647         0.00000
         1.39807         0.00000
         1.39967         0.00000
         1.40127         0.00000
         1.40287         0.00000
         1.40447         0.00000
         1.40607         0.00000
         1.40766         0.00000
         1.40926         0.00000
         1.41086         0.00000
         1.41246         0.00000
         1.41406         0.00000
         1.41566         0.00000
         1.41726         0.00000
         1.41886         0.00000
         1.42046         0.00000
         1.42206         0.00000
         1.42366         0.00000
         1.42526         0.00000
         1.42686         0.00000
         1.42846         0.00000
         1.43006         0.00000
         1.43166         0.00000
         1.43326         0.00000
         1.43486         0.00000
         1.43646         0.00000
         1.43806         0.00000
         1.43966         0.00000
         1.44126         0.00000
         1.44286         0.00000
         1.44446         0.00000
         1.44606         0.00000
         1.44766         0.00000
         1.44925         0.00000
         1.45085         0.00000
         1.45245         0.00000
         1.45405         0.00000
         1.45565         0.00000
         1.45725         0.00000
         1.45885         0.00000
         1.46045         0.00000
         1.46205         0.00000
         1.46365         0.00000
         1.46525         0.00000
         1.46685         0.00000
         1.46845         0.00000
         1.47005         0.00000
         1.47165         0.00000
         1.47325         0.00000
         1.47485         0.00000
         1.47645         0.00000
         1.47805         0.00000
         1.47965         0.00000
         1.48125         0.00000
         1.48285         0.00000
         1.48445         0.00000
         1.48605         0.00000
         1.48765         0.00000
         1.48925         0.00000
         1.49085         0.00000
         1.49244         0.00000
         1.49404         0.00000
         1.49564         0.00000
         1.49724         0.00000
         1.49884         0.00000
         1.50044         0.00000
         1.50204         0.00000
         1.50364         0.00000
         1.50524         0.00000
         1.50684         0.00000
         1.50844         0.00000
         1.51004         0.00000
         1.51164         0.00000
         1.51324         0.00000
         1.51484         0.00000
         1.51644         0.00000
         1.51804         0.00000
         1.51964         0.00000
         1.52124         0.00000
         1.52284         0.00000
         1.52444         0.00000
         1.52604         0.00000
         1.52764         0.00000
         1.52924         0.00000
         1.53084         0.00000
         1.53244         0.00000
         1.53403         0.00000
         1.53563         0.00000
         1.53723         0.00000
         1.53883         0.00000
         1.54043         0.00000
         1.54203         0.00000
         1.54363         0.00000
         1.54523         0.00000
         1.54683         0.00000
         1.54843         0.00000
         1.55003         0.00000
         1.55163         0.00000
         1.55323         0.00000
         1.55483         0.00000
