        -2.45861        -0.00000
        -2.45702        -0.00000
        -2.45542        -0.00000
        -2.45382        -0.00000
        -2.45222        -0.00000
        -2.45062        -0.00000
        -2.44902        -0.00000
        -2.44742        -0.00000
        -2.44582        -0.00000
        -2.44422        -0.00000
        -2.44262        -0.00000
        -2.44102        -0.00000
        -2.43942        -0.00000
        -2.43782        -0.00000
        -2.43622        -0.00000
        -2.43462        -0.00000
        -2.43302        -0.00000
        -2.43142        -0.00000
        -2.42982        -0.00000
        -2.42822        -0.00000
        -2.42662        -0.00000
        -2.42502        -0.00000
        -2.42342        -0.00000
        -2.42182        -0.00000
        -2.42022        -0.00000
        -2.41862        -0.00000
        -2.41702        -0.00000
        -2.41542        -0.00000
        -2.41383        -0.00000
        -2.41223        -0.00000
        -2.41063        -0.00000
        -2.40903        -0.00000
        -2.40743        -0.00000
        -2.40583        -0.00000
        -2.40423        -0.00000
        -2.40263        -0.00000
        -2.40103        -0.00000
        -2.39943        -0.00000
        -2.39783        -0.00000
        -2.39623        -0.00000
        -2.39463        -0.00000
        -2.39303        -0.00000
        -2.39143        -0.00000
        -2.38983        -0.00000
        -2.38823        -0.00000
        -2.38663        -0.00000
        -2.38503        -0.00000
        -2.38343        -0.00000
        -2.38183        -0.00000
        -2.38023        -0.00000
        -2.37863        -0.00000
        -2.37703        -0.00000
        -2.37543        -0.00000
        -2.37383        -0.00000
        -2.37224        -0.00000
        -2.37064        -0.00000
        -2.36904        -0.00000
        -2.36744        -0.00000
        -2.36584        -0.00000
        -2.36424        -0.00000
        -2.36264        -0.00000
        -2.36104        -0.00000
        -2.35944        -0.00000
        -2.35784        -0.00000
        -2.35624        -0.00000
        -2.35464        -0.00000
        -2.35304        -0.00000
        -2.35144        -0.00000
        -2.34984        -0.00000
        -2.34824        -0.00000
        -2.34664        -0.00000
        -2.34504        -0.00000
        -2.34344        -0.00000
        -2.34184        -0.00000
        -2.34024        -0.00000
        -2.33864        -0.00000
        -2.33704        -0.00000
        -2.33544        -0.00000
        -2.33384        -0.00000
        -2.33224        -0.00000
        -2.33065        -0.00000
        -2.32905        -0.00000
        -2.32745        -0.00000
        -2.32585        -0.00000
        -2.32425        -0.00000
        -2.32265        -0.00000
        -2.32105        -0.00000
        -2.31945        -0.00000
        -2.31785        -0.00000
        -2.31625        -0.00000
        -2.31465        -0.00000
        -2.31305        -0.00000
        -2.31145        -0.00000
        -2.30985        -0.00000
        -2.30825        -0.00000
        -2.30665        -0.00000
        -2.30505        -0.00000
        -2.30345        -0.00000
        -2.30185        -0.00000
        -2.30025        -0.00000
        -2.29865        -0.00000
        -2.29705        -0.00000
        -2.29545        -0.00000
        -2.29385        -0.00000
        -2.29225        -0.00000
        -2.29065        -0.00000
        -2.28906        -0.00000
        -2.28746        -0.00000
        -2.28586        -0.00000
        -2.28426        -0.00000
        -2.28266        -0.00000
        -2.28106        -0.00000
        -2.27946        -0.00000
        -2.27786        -0.00000
        -2.27626        -0.00000
        -2.27466        -0.00000
        -2.27306        -0.00000
        -2.27146        -0.00000
        -2.26986        -0.00000
        -2.26826        -0.00000
        -2.26666        -0.00000
        -2.26506        -0.00000
        -2.26346        -0.00000
        -2.26186        -0.00000
        -2.26026        -0.00000
        -2.25866        -0.00000
        -2.25706        -0.00000
        -2.25546        -0.00000
        -2.25386        -0.00000
        -2.25226        -0.00000
        -2.25066        -0.00000
        -2.24906        -0.00000
        -2.24746        -0.00000
        -2.24587        -0.00000
        -2.24427        -0.00000
        -2.24267        -0.00000
        -2.24107        -0.00000
        -2.23947        -0.00000
        -2.23787        -0.00000
        -2.23627        -0.00000
        -2.23467        -0.00000
        -2.23307        -0.00000
        -2.23147        -0.00000
        -2.22987        -0.00000
        -2.22827        -0.00000
        -2.22667        -0.00000
        -2.22507        -0.00000
        -2.22347        -0.00000
        -2.22187        -0.00000
        -2.22027        -0.00000
        -2.21867        -0.00000
        -2.21707        -0.00000
        -2.21547        -0.00000
        -2.21387        -0.00000
        -2.21227        -0.00000
        -2.21067        -0.00000
        -2.20907        -0.00000
        -2.20747        -0.00000
        -2.20587        -0.00000
        -2.20428        -0.00000
        -2.20268        -0.00000
        -2.20108        -0.00000
        -2.19948        -0.00000
        -2.19788        -0.00000
        -2.19628        -0.00000
        -2.19468        -0.00000
        -2.19308        -0.00000
        -2.19148        -0.00000
        -2.18988        -0.00000
        -2.18828        -0.00000
        -2.18668        -0.00000
        -2.18508        -0.00000
        -2.18348        -0.00000
        -2.18188        -0.00000
        -2.18028        -0.00000
        -2.17868        -0.00000
        -2.17708        -0.00000
        -2.17548        -0.00000
        -2.17388        -0.00000
        -2.17228        -0.00000
        -2.17068        -0.00000
        -2.16908        -0.00000
        -2.16748        -0.00000
        -2.16588        -0.00000
        -2.16428        -0.00000
        -2.16269        -0.00000
        -2.16109        -0.00000
        -2.15949        -0.00000
        -2.15789        -0.00000
        -2.15629        -0.00000
        -2.15469        -0.00000
        -2.15309        -0.00000
        -2.15149        -0.00000
        -2.14989        -0.00000
        -2.14829        -0.00000
        -2.14669        -0.00000
        -2.14509        -0.00000
        -2.14349        -0.00000
        -2.14189        -0.00000
        -2.14029        -0.00000
        -2.13869        -0.00000
        -2.13709        -0.00000
        -2.13549        -0.00000
        -2.13389        -0.00000
        -2.13229        -0.00000
        -2.13069        -0.00000
        -2.12909        -0.00000
        -2.12749        -0.00000
        -2.12589        -0.00000
        -2.12429        -0.00000
        -2.12269        -0.00000
        -2.12110        -0.00000
        -2.11950        -0.00000
        -2.11790        -0.00000
        -2.11630        -0.00000
        -2.11470        -0.00000
        -2.11310        -0.00000
        -2.11150        -0.00000
        -2.10990        -0.00000
        -2.10830        -0.00000
        -2.10670        -0.00000
        -2.10510        -0.00000
        -2.10350        -0.00000
        -2.10190        -0.00000
        -2.10030        -0.00000
        -2.09870        -0.00000
        -2.09710        -0.00000
        -2.09550        -0.00000
        -2.09390        -0.00000
        -2.09230        -0.00000
        -2.09070        -0.00000
        -2.08910        -0.00000
        -2.08750        -0.00000
        -2.08590        -0.00000
        -2.08430        -0.00000
        -2.08270        -0.00000
        -2.08110        -0.00000
        -2.07950        -0.00000
        -2.07791        -0.00000
        -2.07631        -0.00000
        -2.07471        -0.00000
        -2.07311        -0.00000
        -2.07151        -0.00000
        -2.06991        -0.00000
        -2.06831        -0.00000
        -2.06671        -0.00000
        -2.06511        -0.00000
        -2.06351        -0.00000
        -2.06191        -0.00000
        -2.06031        -0.00000
        -2.05871        -0.00000
        -2.05711        -0.00000
        -2.05551        -0.00000
        -2.05391        -0.00000
        -2.05231        -0.00000
        -2.05071        -0.00000
        -2.04911        -0.00000
        -2.04751        -0.00000
        -2.04591        -0.00000
        -2.04431        -0.00000
        -2.04271        -0.00000
        -2.04111        -0.00000
        -2.03951        -0.00000
        -2.03791        -0.00000
        -2.03632        -0.00000
        -2.03472        -0.00000
        -2.03312        -0.00000
        -2.03152        -0.00000
        -2.02992        -0.00000
        -2.02832        -0.00000
        -2.02672        -0.00000
        -2.02512        -0.00000
        -2.02352        -0.00000
        -2.02192        -0.00000
        -2.02032        -0.00000
        -2.01872        -0.00000
        -2.01712        -0.00000
        -2.01552        -0.00000
        -2.01392        -0.00000
        -2.01232        -0.00000
        -2.01072        -0.00000
        -2.00912        -0.00000
        -2.00752        -0.00000
        -2.00592        -0.00000
        -2.00432        -0.00000
        -2.00272        -0.00000
        -2.00112        -0.00000
        -1.99952        -0.00000
        -1.99792        -0.00000
        -1.99632        -0.00000
        -1.99473        -0.00000
        -1.99313        -0.00000
        -1.99153        -0.00000
        -1.98993        -0.00000
        -1.98833        -0.00000
        -1.98673        -0.00000
        -1.98513        -0.00000
        -1.98353        -0.00000
        -1.98193        -0.00000
        -1.98033        -0.00000
        -1.97873        -0.00000
        -1.97713        -0.00000
        -1.97553        -0.00000
        -1.97393        -0.00000
        -1.97233        -0.00000
        -1.97073        -0.00000
        -1.96913        -0.00000
        -1.96753        -0.00000
        -1.96593        -0.00000
        -1.96433        -0.00000
        -1.96273        -0.00000
        -1.96113        -0.00000
        -1.95953        -0.00000
        -1.95793        -0.00000
        -1.95633        -0.00000
        -1.95473        -0.00000
        -1.95314        -0.00000
        -1.95154        -0.00000
        -1.94994        -0.00000
        -1.94834        -0.00000
        -1.94674        -0.00000
        -1.94514        -0.00000
        -1.94354        -0.00000
        -1.94194        -0.00000
        -1.94034        -0.00000
        -1.93874        -0.00000
        -1.93714        -0.00000
        -1.93554        -0.00000
        -1.93394        -0.00000
        -1.93234        -0.00000
        -1.93074        -0.00000
        -1.92914        -0.00000
        -1.92754        -0.00000
        -1.92594        -0.00000
        -1.92434        -0.00000
        -1.92274        -0.00000
        -1.92114        -0.00000
        -1.91954        -0.00000
        -1.91794        -0.00000
        -1.91634        -0.00000
        -1.91474        -0.00000
        -1.91314        -0.00000
        -1.91154        -0.00000
        -1.90995        -0.00000
        -1.90835        -0.00000
        -1.90675        -0.00000
        -1.90515        -0.00000
        -1.90355        -0.00000
        -1.90195        -0.00000
        -1.90035        -0.00000
        -1.89875        -0.00000
        -1.89715        -0.00000
        -1.89555        -0.00000
        -1.89395        -0.00000
        -1.89235        -0.00000
        -1.89075        -0.00000
        -1.88915        -0.00000
        -1.88755        -0.00000
        -1.88595        -0.00000
        -1.88435        -0.00000
        -1.88275        -0.00000
        -1.88115        -0.00000
        -1.87955        -0.00000
        -1.87795        -0.00000
        -1.87635        -0.00000
        -1.87475        -0.00000
        -1.87315        -0.00000
        -1.87155        -0.00000
        -1.86995        -0.00000
        -1.86836        -0.00000
        -1.86676        -0.00000
        -1.86516        -0.00000
        -1.86356        -0.00000
        -1.86196        -0.00000
        -1.86036        -0.00000
        -1.85876        -0.00000
        -1.85716        -0.00000
        -1.85556        -0.00000
        -1.85396        -0.00000
        -1.85236        -0.00000
        -1.85076        -0.00000
        -1.84916        -0.00000
        -1.84756        -0.00000
        -1.84596        -0.00000
        -1.84436        -0.00000
        -1.84276        -0.00000
        -1.84116        -0.00000
        -1.83956        -0.00000
        -1.83796        -0.00000
        -1.83636        -0.00000
        -1.83476        -0.00000
        -1.83316        -0.00000
        -1.83156        -0.00000
        -1.82996        -0.00000
        -1.82836        -0.00000
        -1.82677        -0.00000
        -1.82517        -0.00000
        -1.82357        -0.00000
        -1.82197        -0.00000
        -1.82037        -0.00000
        -1.81877        -0.00000
        -1.81717        -0.00000
        -1.81557        -0.00000
        -1.81397        -0.00000
        -1.81237        -0.00000
        -1.81077        -0.00000
        -1.80917        -0.00000
        -1.80757        -0.00000
        -1.80597        -0.00000
        -1.80437        -0.00000
        -1.80277        -0.00000
        -1.80117        -0.00000
        -1.79957        -0.00000
        -1.79797        -0.00000
        -1.79637        -0.00000
        -1.79477        -0.00000
        -1.79317        -0.00000
        -1.79157        -0.00000
        -1.78997        -0.00000
        -1.78837        -0.00000
        -1.78677        -0.00000
        -1.78517        -0.00000
        -1.78358        -0.00000
        -1.78198        -0.00000
        -1.78038        -0.00000
        -1.77878        -0.00000
        -1.77718        -0.00000
        -1.77558        -0.00000
        -1.77398        -0.00000
        -1.77238        -0.00000
        -1.77078        -0.00000
        -1.76918        -0.00000
        -1.76758        -0.00000
        -1.76598        -0.00000
        -1.76438        -0.00000
        -1.76278        -0.00000
        -1.76118        -0.00000
        -1.75958        -0.00000
        -1.75798        -0.00000
        -1.75638        -0.00000
        -1.75478        -0.00000
        -1.75318        -0.00000
        -1.75158        -0.00000
        -1.74998        -0.00000
        -1.74838        -0.00000
        -1.74678        -0.00000
        -1.74518        -0.00000
        -1.74358        -0.00000
        -1.74199        -0.00000
        -1.74039        -0.00000
        -1.73879        -0.00000
        -1.73719        -0.00000
        -1.73559        -0.00000
        -1.73399        -0.00000
        -1.73239        -0.00000
        -1.73079        -0.00000
        -1.72919        -0.00000
        -1.72759        -0.00000
        -1.72599        -0.00000
        -1.72439        -0.00000
        -1.72279        -0.00000
        -1.72119        -0.00000
        -1.71959        -0.00000
        -1.71799        -0.00000
        -1.71639        -0.00000
        -1.71479        -0.00000
        -1.71319        -0.00000
        -1.71159        -0.00000
        -1.70999        -0.00000
        -1.70839        -0.00000
        -1.70679        -0.00000
        -1.70519        -0.00000
        -1.70359        -0.00000
        -1.70199        -0.00000
        -1.70040        -0.00000
        -1.69880        -0.00000
        -1.69720        -0.00000
        -1.69560        -0.00000
        -1.69400        -0.00000
        -1.69240        -0.00000
        -1.69080        -0.00000
        -1.68920        -0.00000
        -1.68760        -0.00000
        -1.68600        -0.00000
        -1.68440        -0.00000
        -1.68280        -0.00000
        -1.68120        -0.00000
        -1.67960        -0.00000
        -1.67800        -0.00000
        -1.67640        -0.00000
        -1.67480        -0.00000
        -1.67320        -0.00000
        -1.67160        -0.00000
        -1.67000        -0.00000
        -1.66840        -0.00000
        -1.66680        -0.00000
        -1.66520        -0.00000
        -1.66360        -0.00000
        -1.66200        -0.00000
        -1.66040        -0.00000
        -1.65881        -0.00000
        -1.65721        -0.00000
        -1.65561        -0.00000
        -1.65401        -0.00000
        -1.65241        -0.00000
        -1.65081        -0.00000
        -1.64921        -0.00000
        -1.64761        -0.00000
        -1.64601        -0.00000
        -1.64441        -0.00000
        -1.64281        -0.00000
        -1.64121        -0.00000
        -1.63961        -0.00000
        -1.63801        -0.00000
        -1.63641        -0.00000
        -1.63481        -0.00000
        -1.63321        -0.00000
        -1.63161        -0.00000
        -1.63001        -0.00000
        -1.62841        -0.00000
        -1.62681        -0.00000
        -1.62521        -0.00000
        -1.62361        -0.00000
        -1.62201        -0.00000
        -1.62041        -0.00000
        -1.61881        -0.00000
        -1.61721        -0.00000
        -1.61562        -0.00000
        -1.61402        -0.00000
        -1.61242        -0.00000
        -1.61082        -0.00000
        -1.60922        -0.00000
        -1.60762        -0.00000
        -1.60602        -0.00000
        -1.60442        -0.00000
        -1.60282        -0.00000
        -1.60122        -0.00000
        -1.59962        -0.00000
        -1.59802        -0.00000
        -1.59642        -0.00000
        -1.59482        -0.00000
        -1.59322        -0.00000
        -1.59162        -0.00000
        -1.59002        -0.00000
        -1.58842        -0.00000
        -1.58682        -0.00000
        -1.58522        -0.00000
        -1.58362        -0.00000
        -1.58202        -0.00000
        -1.58042        -0.00000
        -1.57882        -0.00000
        -1.57722        -0.00000
        -1.57562        -0.00000
        -1.57403        -0.00000
        -1.57243        -0.00000
        -1.57083        -0.00000
        -1.56923        -0.00000
        -1.56763        -0.00000
        -1.56603        -0.00000
        -1.56443        -0.00000
        -1.56283        -0.00000
        -1.56123        -0.00000
        -1.55963        -0.00000
        -1.55803        -0.00000
        -1.55643        -0.00000
        -1.55483        -0.00000
        -1.55323        -0.00000
        -1.55163        -0.00000
        -1.55003        -0.00000
        -1.54843        -0.00000
        -1.54683        -0.00000
        -1.54523        -0.00000
        -1.54363        -0.00000
        -1.54203        -0.00000
        -1.54043        -0.00000
        -1.53883        -0.00000
        -1.53723        -0.00000
        -1.53563        -0.00000
        -1.53403        -0.00000
        -1.53244        -0.00000
        -1.53084        -0.00000
        -1.52924        -0.00000
        -1.52764        -0.00000
        -1.52604        -0.00000
        -1.52444        -0.00000
        -1.52284        -0.00000
        -1.52124        -0.00000
        -1.51964        -0.00000
        -1.51804        -0.00000
        -1.51644        -0.00000
        -1.51484        -0.00000
        -1.51324        -0.00000
        -1.51164        -0.00000
        -1.51004        -0.00000
        -1.50844        -0.00000
        -1.50684        -0.00000
        -1.50524        -0.00000
        -1.50364        -0.00000
        -1.50204        -0.00000
        -1.50044        -0.00000
        -1.49884        -0.00000
        -1.49724        -0.00000
        -1.49564        -0.00000
        -1.49404        -0.00000
        -1.49244        -0.00000
        -1.49085        -0.00000
        -1.48925        -0.00000
        -1.48765        -0.00000
        -1.48605        -0.00000
        -1.48445        -0.00000
        -1.48285        -0.00000
        -1.48125        -0.00000
        -1.47965        -0.00000
        -1.47805        -0.00000
        -1.47645        -0.00000
        -1.47485        -0.00000
        -1.47325        -0.00000
        -1.47165        -0.00000
        -1.47005        -0.00000
        -1.46845        -0.00000
        -1.46685        -0.00000
        -1.46525        -0.00000
        -1.46365        -0.00000
        -1.46205        -0.00000
        -1.46045        -0.00000
        -1.45885        -0.00000
        -1.45725        -0.00000
        -1.45565        -0.00000
        -1.45405        -0.00000
        -1.45245        -0.00000
        -1.45085        -0.00000
        -1.44925        -0.00000
        -1.44766        -0.00000
        -1.44606        -0.00000
        -1.44446        -0.00000
        -1.44286        -0.00000
        -1.44126        -0.00000
        -1.43966        -0.00000
        -1.43806        -0.00000
        -1.43646        -0.00000
        -1.43486        -0.00000
        -1.43326        -0.00000
        -1.43166        -0.00000
        -1.43006        -0.00000
        -1.42846        -0.00000
        -1.42686        -0.00000
        -1.42526        -0.00000
        -1.42366        -0.00000
        -1.42206        -0.00000
        -1.42046        -0.00000
        -1.41886        -0.00000
        -1.41726        -0.00000
        -1.41566        -0.00000
        -1.41406        -0.00000
        -1.41246        -0.00000
        -1.41086        -0.00000
        -1.40926        -0.00000
        -1.40766        -0.00000
        -1.40607        -0.00000
        -1.40447        -0.00000
        -1.40287        -0.00000
        -1.40127        -0.00000
        -1.39967        -0.00000
        -1.39807        -0.00000
        -1.39647        -0.00000
        -1.39487        -0.00000
        -1.39327        -0.00000
        -1.39167        -0.00000
        -1.39007        -0.00000
        -1.38847        -0.00000
        -1.38687        -0.00000
        -1.38527        -0.00000
        -1.38367        -0.00000
        -1.38207        -0.00000
        -1.38047        -0.00000
        -1.37887        -0.00000
        -1.37727        -0.00000
        -1.37567        -0.00000
        -1.37407        -0.00000
        -1.37247        -0.00000
        -1.37087        -0.00000
        -1.36927        -0.00000
        -1.36767        -0.00000
        -1.36607        -0.00000
        -1.36448        -0.00000
        -1.36288        -0.00000
        -1.36128        -0.00000
        -1.35968        -0.00000
        -1.35808        -0.00000
        -1.35648        -0.00000
        -1.35488        -0.00000
        -1.35328        -0.00000
        -1.35168        -0.00000
        -1.35008        -0.00000
        -1.34848        -0.00000
        -1.34688        -0.00000
        -1.34528        -0.00000
        -1.34368        -0.00000
        -1.34208        -0.00000
        -1.34048        -0.00000
        -1.33888        -0.00000
        -1.33728        -0.00000
        -1.33568        -0.00000
        -1.33408        -0.00000
        -1.33248        -0.00000
        -1.33088        -0.00000
        -1.32928        -0.00000
        -1.32768        -0.00000
        -1.32608        -0.00000
        -1.32448        -0.00000
        -1.32289        -0.00000
        -1.32129        -0.00000
        -1.31969        -0.00000
        -1.31809        -0.00000
        -1.31649        -0.00000
        -1.31489        -0.00000
        -1.31329        -0.00000
        -1.31169        -0.00000
        -1.31009        -0.00000
        -1.30849        -0.00000
        -1.30689        -0.00000
        -1.30529        -0.00000
        -1.30369        -0.00000
        -1.30209        -0.00000
        -1.30049        -0.00000
        -1.29889        -0.00000
        -1.29729        -0.00000
        -1.29569        -0.00000
        -1.29409        -0.00000
        -1.29249        -0.00000
        -1.29089        -0.00000
        -1.28929        -0.00000
        -1.28769        -0.00000
        -1.28609        -0.00000
        -1.28449        -0.00000
        -1.28289        -0.00000
        -1.28129        -0.00000
        -1.27970        -0.00000
        -1.27810        -0.00000
        -1.27650        -0.00000
        -1.27490        -0.00000
        -1.27330        -0.00000
        -1.27170        -0.00000
        -1.27010        -0.00000
        -1.26850        -0.00000
        -1.26690        -0.00000
        -1.26530        -0.00000
        -1.26370        -0.00000
        -1.26210        -0.00000
        -1.26050        -0.00000
        -1.25890        -0.00000
        -1.25730        -0.00000
        -1.25570        -0.00000
        -1.25410        -0.00000
        -1.25250        -0.00000
        -1.25090        -0.00000
        -1.24930        -0.00000
        -1.24770        -0.00000
        -1.24610        -0.00000
        -1.24450        -0.00000
        -1.24290        -0.00000
        -1.24130        -0.00000
        -1.23970        -0.00000
        -1.23811        -0.00000
        -1.23651        -0.00000
        -1.23491        -0.00000
        -1.23331        -0.00000
        -1.23171        -0.00000
        -1.23011        -0.00000
        -1.22851        -0.00000
        -1.22691        -0.00000
        -1.22531        -0.00000
        -1.22371        -0.00000
        -1.22211        -0.00000
        -1.22051        -0.00000
        -1.21891        -0.00000
        -1.21731        -0.00000
        -1.21571        -0.00000
        -1.21411        -0.00000
        -1.21251        -0.00000
        -1.21091        -0.00000
        -1.20931        -0.00000
        -1.20771        -0.00000
        -1.20611        -0.00000
        -1.20451        -0.00000
        -1.20291        -0.00000
        -1.20131        -0.00000
        -1.19971        -0.00000
        -1.19811        -0.00000
        -1.19652        -0.00000
        -1.19492        -0.00000
        -1.19332        -0.00000
        -1.19172        -0.00000
        -1.19012        -0.00000
        -1.18852        -0.00000
        -1.18692        -0.00000
        -1.18532        -0.00000
        -1.18372        -0.00000
        -1.18212        -0.00000
        -1.18052        -0.00000
        -1.17892        -0.00000
        -1.17732        -0.00000
        -1.17572        -0.00000
        -1.17412        -0.00000
        -1.17252        -0.00000
        -1.17092        -0.00000
        -1.16932        -0.00000
        -1.16772        -0.00000
        -1.16612        -0.00000
        -1.16452        -0.00000
        -1.16292        -0.00000
        -1.16132        -0.00000
        -1.15972        -0.00000
        -1.15812        -0.00000
        -1.15652        -0.00000
        -1.15493        -0.00000
        -1.15333        -0.00000
        -1.15173        -0.00000
        -1.15013        -0.00000
        -1.14853        -0.00000
        -1.14693        -0.00000
        -1.14533        -0.00000
        -1.14373        -0.00000
        -1.14213        -0.00000
        -1.14053        -0.00000
        -1.13893        -0.00000
        -1.13733        -0.00000
        -1.13573        -0.00000
        -1.13413        -0.00000
        -1.13253        -0.00000
        -1.13093        -0.00000
        -1.12933        -0.00000
        -1.12773        -0.00000
        -1.12613        -0.00000
        -1.12453        -0.00000
        -1.12293        -0.00000
        -1.12133        -0.00000
        -1.11973        -0.00000
        -1.11813        -0.00000
        -1.11653        -0.00000
        -1.11493        -0.00000
        -1.11333        -0.00000
        -1.11174        -0.00000
        -1.11014        -0.00000
        -1.10854        -0.00000
        -1.10694        -0.00000
        -1.10534        -0.00000
        -1.10374        -0.00000
        -1.10214        -0.00000
        -1.10054        -0.00000
        -1.09894        -0.00000
        -1.09734        -0.00000
        -1.09574        -0.00000
        -1.09414        -0.00000
        -1.09254        -0.00000
        -1.09094        -0.00000
        -1.08934        -0.00000
        -1.08774        -0.00000
        -1.08614        -0.00000
        -1.08454        -0.00000
        -1.08294        -0.00000
        -1.08134        -0.00000
        -1.07974        -0.00000
        -1.07814        -0.00000
        -1.07654        -0.00000
        -1.07494        -0.00000
        -1.07334        -0.00000
        -1.07174        -0.00000
        -1.07015        -0.00000
        -1.06855        -0.00000
        -1.06695        -0.00000
        -1.06535        -0.00000
        -1.06375        -0.00000
        -1.06215        -0.00000
        -1.06055        -0.00000
        -1.05895        -0.00000
        -1.05735        -0.00000
        -1.05575        -0.00000
        -1.05415        -0.00000
        -1.05255        -0.00000
        -1.05095        -0.00000
        -1.04935        -0.00000
        -1.04775        -0.00000
        -1.04615        -0.00000
        -1.04455        -0.00000
        -1.04295        -0.00000
        -1.04135        -0.00000
        -1.03975        -0.00000
        -1.03815        -0.00000
        -1.03655        -0.00000
        -1.03495        -0.00000
        -1.03335        -0.00000
        -1.03175        -0.00000
        -1.03015        -0.00000
        -1.02856        -0.00000
        -1.02696        -0.00000
        -1.02536        -0.00000
        -1.02376        -0.00000
        -1.02216        -0.00000
        -1.02056        -0.00000
        -1.01896        -0.00000
        -1.01736        -0.00000
        -1.01576        -0.00000
        -1.01416        -0.00000
        -1.01256        -0.00000
        -1.01096        -0.00000
        -1.00936        -0.00000
        -1.00776        -0.00000
        -1.00616        -0.00000
        -1.00456        -0.00000
        -1.00296        -0.00000
        -1.00136        -0.00000
        -0.99976        -0.00000
        -0.99816        -0.00000
        -0.99656        -0.00000
        -0.99496        -0.00000
        -0.99336        -0.00000
        -0.99176        -0.00000
        -0.99016        -0.00000
        -0.98856        -0.00000
        -0.98697        -0.00000
        -0.98537        -0.00000
        -0.98377        -0.00000
        -0.98217        -0.00000
        -0.98057        -0.00000
        -0.97897        -0.00000
        -0.97737        -0.00000
        -0.97577        -0.00000
        -0.97417        -0.00000
        -0.97257        -0.00000
        -0.97097        -0.00000
        -0.96937        -0.00000
        -0.96777        -0.00000
        -0.96617        -0.00000
        -0.96457        -0.00000
        -0.96297        -0.00000
        -0.96137        -0.00000
        -0.95977        -0.00000
        -0.95817        -0.00000
        -0.95657        -0.00000
        -0.95497        -0.00000
        -0.95337        -0.00000
        -0.95177        -0.00000
        -0.95017        -0.00000
        -0.94857        -0.00000
        -0.94697        -0.00000
        -0.94537        -0.00000
        -0.94378        -0.00000
        -0.94218        -0.00000
        -0.94058        -0.00000
        -0.93898        -0.00000
        -0.93738        -0.00000
        -0.93578        -0.00000
        -0.93418        -0.00000
        -0.93258        -0.00000
        -0.93098        -0.00000
        -0.92938        -0.00000
        -0.92778        -0.00000
        -0.92618        -0.00000
        -0.92458        -0.00000
        -0.92298        -0.00000
        -0.92138        -0.00000
        -0.91978        -0.00000
        -0.91818        -0.00000
        -0.91658        -0.00000
        -0.91498        -0.00000
        -0.91338        -0.00000
        -0.91178        -0.00000
        -0.91018        -0.00000
        -0.90858        -0.00000
        -0.90698        -0.00000
        -0.90538        -0.00000
        -0.90378        -0.00000
        -0.90219        -0.00000
        -0.90059        -0.00000
        -0.89899        -0.00000
        -0.89739        -0.00000
        -0.89579        -0.00000
        -0.89419        -0.00000
        -0.89259        -0.00000
        -0.89099        -0.00000
        -0.88939        -0.00000
        -0.88779        -0.00000
        -0.88619        -0.00000
        -0.88459        -0.00000
        -0.88299        -0.00000
        -0.88139        -0.00000
        -0.87979        -0.00000
        -0.87819        -0.00000
        -0.87659        -0.00000
        -0.87499        -0.00000
        -0.87339        -0.00000
        -0.87179        -0.00000
        -0.87019        -0.00000
        -0.86859        -0.00000
        -0.86699        -0.00000
        -0.86539        -0.00000
        -0.86379        -0.00000
        -0.86219        -0.00000
        -0.86060        -0.00000
        -0.85900        -0.00000
        -0.85740        -0.00000
        -0.85580        -0.00000
        -0.85420        -0.00000
        -0.85260        -0.00000
        -0.85100        -0.00000
        -0.84940        -0.00000
        -0.84780        -0.00000
        -0.84620        -0.00000
        -0.84460        -0.00000
        -0.84300        -0.00000
        -0.84140        -0.00000
        -0.83980        -0.00000
        -0.83820        -0.00000
        -0.83660        -0.00000
        -0.83500        -0.00000
        -0.83340        -0.00000
        -0.83180        -0.00000
        -0.83020        -0.00000
        -0.82860        -0.00000
        -0.82700        -0.00000
        -0.82540        -0.00000
        -0.82380        -0.00000
        -0.82220        -0.00000
        -0.82060        -0.00000
        -0.81901        -0.00000
        -0.81741        -0.00000
        -0.81581        -0.00000
        -0.81421        -0.00000
        -0.81261        -0.00000
        -0.81101        -0.00000
        -0.80941        -0.00000
        -0.80781        -0.00000
        -0.80621        -0.00000
        -0.80461        -0.00000
        -0.80301        -0.00000
        -0.80141        -0.00000
        -0.79981        -0.00000
        -0.79821        -0.00000
        -0.79661        -0.00000
        -0.79501        -0.00000
        -0.79341         0.00000
        -0.79181        -0.00000
        -0.79021        -0.00000
        -0.78861        -0.00000
        -0.78701        -0.00000
        -0.78541        -0.00000
        -0.78381        -0.00000
        -0.78221        -0.00000
        -0.78061        -0.00000
        -0.77901        -0.00000
        -0.77741        -0.00000
        -0.77582         0.00001
        -0.77422         0.00001
        -0.77262         0.00002
        -0.77102         0.00003
        -0.76942         0.00004
        -0.76782         0.00006
        -0.76622         0.00008
        -0.76462         0.00011
        -0.76302         0.00016
        -0.76142         0.00022
        -0.75982         0.00031
        -0.75822         0.00044
        -0.75662         0.00063
        -0.75502         0.00091
        -0.75342         0.00133
        -0.75182         0.00198
        -0.75022         0.00299
        -0.74862         0.00464
        -0.74702         0.00740
        -0.74542         0.01220
        -0.74382         0.02096
        -0.74222         0.03774
        -0.74062         0.07085
        -0.73902         0.13311
        -0.73742         0.22524
        -0.73582         0.26909
        -0.73423         0.24488
        -0.73263         0.20251
        -0.73103         0.17016
        -0.72943         0.15008
        -0.72783         0.13915
        -0.72623         0.13505
        -0.72463         0.13659
        -0.72303         0.14378
        -0.72143         0.15798
        -0.71983         0.18325
        -0.71823         0.22960
        -0.71663         0.31672
        -0.71503         0.44152
        -0.71343         0.50516
        -0.71183         0.48166
        -0.71023         0.46058
        -0.70863         0.45785
        -0.70703         0.46626
        -0.70543         0.47776
        -0.70383         0.48832
        -0.70223         0.49622
        -0.70063         0.50181
        -0.69903         0.50672
        -0.69743         0.51312
        -0.69583         0.52311
        -0.69423         0.53825
        -0.69264         0.55917
        -0.69104         0.58515
        -0.68944         0.61365
        -0.68784         0.64054
        -0.68624         0.66112
        -0.68464         0.67203
        -0.68304         0.67279
        -0.68144         0.66564
        -0.67984         0.65417
        -0.67824         0.64185
        -0.67664         0.63118
        -0.67504         0.62367
        -0.67344         0.62004
        -0.67184         0.62051
        -0.67024         0.62504
        -0.66864         0.63342
        -0.66704         0.64539
        -0.66544         0.66063
        -0.66384         0.67881
        -0.66224         0.69954
        -0.66064         0.72245
        -0.65904         0.74710
        -0.65744         0.77308
        -0.65584         0.79996
        -0.65424         0.82731
        -0.65264         0.85473
        -0.65105         0.88185
        -0.64945         0.90831
        -0.64785         0.93370
        -0.64625         0.95762
        -0.64465         0.97957
        -0.64305         0.99902
        -0.64145         1.01540
        -0.63985         1.02816
        -0.63825         1.03691
        -0.63665         1.04144
        -0.63505         1.04185
        -0.63345         1.03849
        -0.63185         1.03196
        -0.63025         1.02305
        -0.62865         1.01259
        -0.62705         1.00141
        -0.62545         0.99025
        -0.62385         0.97974
        -0.62225         0.97039
        -0.62065         0.96256
        -0.61905         0.95653
        -0.61745         0.95249
        -0.61585         0.95054
        -0.61425         0.95075
        -0.61265         0.95317
        -0.61105         0.95780
        -0.60945         0.96462
        -0.60786         0.97364
        -0.60626         0.98483
        -0.60466         0.99814
        -0.60306         1.01355
        -0.60146         1.03100
        -0.59986         1.05043
        -0.59826         1.07175
        -0.59666         1.09488
        -0.59506         1.11968
        -0.59346         1.14600
        -0.59186         1.17365
        -0.59026         1.20242
        -0.58866         1.23203
        -0.58706         1.26219
        -0.58546         1.29255
        -0.58386         1.32274
        -0.58226         1.35233
        -0.58066         1.38089
        -0.57906         1.40797
        -0.57746         1.43314
        -0.57586         1.45598
        -0.57426         1.47612
        -0.57266         1.49329
        -0.57106         1.50727
        -0.56946         1.51799
        -0.56786         1.52546
        -0.56627         1.52982
        -0.56467         1.53131
        -0.56307         1.53025
        -0.56147         1.52705
        -0.55987         1.52211
        -0.55827         1.51590
        -0.55667         1.50884
        -0.55507         1.50136
        -0.55347         1.49384
        -0.55187         1.48661
        -0.55027         1.47997
        -0.54867         1.47417
        -0.54707         1.46941
        -0.54547         1.46587
        -0.54387         1.46366
        -0.54227         1.46291
        -0.54067         1.46367
        -0.53907         1.46602
        -0.53747         1.47000
        -0.53587         1.47565
        -0.53427         1.48299
        -0.53267         1.49204
        -0.53107         1.50281
        -0.52947         1.51533
        -0.52787         1.52960
        -0.52627         1.54564
        -0.52468         1.56344
        -0.52308         1.58303
        -0.52148         1.60439
        -0.51988         1.62752
        -0.51828         1.65242
        -0.51668         1.67905
        -0.51508         1.70740
        -0.51348         1.73740
        -0.51188         1.76898
        -0.51028         1.80207
        -0.50868         1.83653
        -0.50708         1.87223
        -0.50548         1.90899
        -0.50388         1.94661
        -0.50228         1.98484
        -0.50068         2.02340
        -0.49908         2.06200
        -0.49748         2.10032
        -0.49588         2.13801
        -0.49428         2.17472
        -0.49268         2.21011
        -0.49108         2.24385
        -0.48948         2.27565
        -0.48788         2.30526
        -0.48628         2.33247
        -0.48468         2.35716
        -0.48308         2.37928
        -0.48149         2.39884
        -0.47989         2.41594
        -0.47829         2.43073
        -0.47669         2.44346
        -0.47509         2.45440
        -0.47349         2.46387
        -0.47189         2.47223
        -0.47029         2.47984
        -0.46869         2.48708
        -0.46709         2.49433
        -0.46549         2.50195
        -0.46389         2.51032
        -0.46229         2.51976
        -0.46069         2.53060
        -0.45909         2.54314
        -0.45749         2.55769
        -0.45589         2.57451
        -0.45429         2.59387
        -0.45269         2.61603
        -0.45109         2.64124
        -0.44949         2.66976
        -0.44789         2.70185
        -0.44629         2.73778
        -0.44469         2.77781
        -0.44309         2.82225
        -0.44149         2.87140
        -0.43990         2.92559
        -0.43830         2.98516
        -0.43670         3.05048
        -0.43510         3.12193
        -0.43350         3.19992
        -0.43190         3.28484
        -0.43030         3.37711
        -0.42870         3.47714
        -0.42710         3.58533
        -0.42550         3.70203
        -0.42390         3.82757
        -0.42230         3.96219
        -0.42070         4.10605
        -0.41910         4.25922
        -0.41750         4.42163
        -0.41590         4.59305
        -0.41430         4.77310
        -0.41270         4.96127
        -0.41110         5.15685
        -0.40950         5.35901
        -0.40790         5.56684
        -0.40630         5.77932
        -0.40470         5.99546
        -0.40310         6.21429
        -0.40150         6.43494
        -0.39990         6.65669
        -0.39831         6.87900
        -0.39671         7.10153
        -0.39511         7.32419
        -0.39351         7.54709
        -0.39191         7.77060
        -0.39031         7.99531
        -0.38871         8.22210
        -0.38711         8.45216
        -0.38551         8.68701
        -0.38391         8.92862
        -0.38231         9.17947
        -0.38071         9.44252
        -0.37911         9.72126
        -0.37751        10.01951
        -0.37591        10.34111
        -0.37431        10.68942
        -0.37271        11.06652
        -0.37111        11.47223
        -0.36951        11.90298
        -0.36791        12.35072
        -0.36631        12.80231
        -0.36471        13.23977
        -0.36311        13.64182
        -0.36151        13.98682
        -0.35991        14.25652
        -0.35831        14.43969
        -0.35672        14.53419
        -0.35512        14.54705
        -0.35352        14.49245
        -0.35192        14.38865
        -0.35032        14.25485
        -0.34872        14.10881
        -0.34712        13.96546
        -0.34552        13.83641
        -0.34392        13.73006
        -0.34232        13.65211
        -0.34072        13.60608
        -0.33912        13.59387
        -0.33752        13.61620
        -0.33592        13.67300
        -0.33432        13.76367
        -0.33272        13.88731
        -0.33112        14.04285
        -0.32952        14.22919
        -0.32792        14.44534
        -0.32632        14.69049
        -0.32472        14.96411
        -0.32312        15.26601
        -0.32152        15.59645
        -0.31992        15.95608
        -0.31832        16.34599
        -0.31672        16.76762
        -0.31512        17.22270
        -0.31353        17.71307
        -0.31193        18.24054
        -0.31033        18.80669
        -0.30873        19.41260
        -0.30713        20.05863
        -0.30553        20.74409
        -0.30393        21.46696
        -0.30233        22.22358
        -0.30073        23.00830
        -0.29913        23.81329
        -0.29753        24.62837
        -0.29593        25.44095
        -0.29433        26.23621
        -0.29273        26.99743
        -0.29113        27.70652
        -0.28953        28.34471
        -0.28793        28.89352
        -0.28633        29.33575
        -0.28473        29.65665
        -0.28313        29.84514
        -0.28153        29.89481
        -0.27993        29.80470
        -0.27833        29.57957
        -0.27673        29.22957
        -0.27513        28.76942
        -0.27353        28.21704
        -0.27194        27.59209
        -0.27034        26.91441
        -0.26874        26.20272
        -0.26714        25.47362
        -0.26554        24.74106
        -0.26394        24.01604
        -0.26234        23.30673
        -0.26074        22.61872
        -0.25914        21.95551
        -0.25754        21.31891
        -0.25594        20.70956
        -0.25434        20.12733
        -0.25274        19.57173
        -0.25114        19.04214
        -0.24954        18.53798
        -0.24794        18.05887
        -0.24634        17.60465
        -0.24474        17.17534
        -0.24314        16.77113
        -0.24154        16.39231
        -0.23994        16.03921
        -0.23834        15.71216
        -0.23674        15.41140
        -0.23514        15.13710
        -0.23354        14.88932
        -0.23194        14.66798
        -0.23035        14.47292
        -0.22875        14.30388
        -0.22715        14.16049
        -0.22555        14.04235
        -0.22395        13.94896
        -0.22235        13.87985
        -0.22075        13.83447
        -0.21915        13.81231
        -0.21755        13.81285
        -0.21595        13.83560
        -0.21435        13.88008
        -0.21275        13.94586
        -0.21115        14.03257
        -0.20955        14.13987
        -0.20795        14.26751
        -0.20635        14.41529
        -0.20475        14.58310
        -0.20315        14.77093
        -0.20155        14.97884
        -0.19995        15.20702
        -0.19835        15.45574
        -0.19675        15.72542
        -0.19515        16.01658
        -0.19355        16.32984
        -0.19195        16.66598
        -0.19035        17.02584
        -0.18876        17.41041
        -0.18716        17.82074
        -0.18556        18.25797
        -0.18396        18.72330
        -0.18236        19.21793
        -0.18076        19.74311
        -0.17916        20.30002
        -0.17756        20.88976
        -0.17596        21.51334
        -0.17436        22.17157
        -0.17276        22.86502
        -0.17116        23.59396
        -0.16956        24.35830
        -0.16796        25.15749
        -0.16636        25.99046
        -0.16476        26.85555
        -0.16316        27.75047
        -0.16156        28.67229
        -0.15996        29.61744
        -0.15836        30.58188
        -0.15676        31.56126
        -0.15516        32.55134
        -0.15356        33.54846
        -0.15196        34.55024
        -0.15036        35.55632
        -0.14876        36.56910
        -0.14716        37.59419
        -0.14557        38.64038
        -0.14397        39.71868
        -0.14237        40.84000
        -0.14077        42.01107
        -0.13917        43.22857
        -0.13757        44.47138
        -0.13597        45.69246
        -0.13437        46.81259
        -0.13277        47.72042
        -0.13117        48.28331
        -0.12957        48.37130
        -0.12797        47.88979
        -0.12637        46.80906
        -0.12477        45.17656
        -0.12317        43.10508
        -0.12157        40.74315
        -0.11997        38.24175
        -0.11837        35.72960
        -0.11677        33.30178
        -0.11517        31.01927
        -0.11357        28.91480
        -0.11197        27.00052
        -0.11037        25.27511
        -0.10877        23.72931
        -0.10717        22.34978
        -0.10557        21.12158
        -0.10398        20.02965
        -0.10238        19.05963
        -0.10078        18.19824
        -0.09918        17.43345
        -0.09758        16.75443
        -0.09598        16.15154
        -0.09438        15.61613
        -0.09278        15.14047
        -0.09118        14.71759
        -0.08958        14.34116
        -0.08798        14.00539
        -0.08638        13.70491
        -0.08478        13.43470
        -0.08318        13.19001
        -0.08158        12.96632
        -0.07998        12.75928
        -0.07838        12.56471
        -0.07678        12.37863
        -0.07518        12.19723
        -0.07358        12.01696
        -0.07198        11.83458
        -0.07038        11.64723
        -0.06878        11.45251
        -0.06718        11.24857
        -0.06558        11.03415
        -0.06398        10.80866
        -0.06239        10.57215
        -0.06079        10.32531
        -0.05919        10.06943
        -0.05759         9.80628
        -0.05599         9.53802
        -0.05439         9.26706
        -0.05279         8.99593
        -0.05119         8.72717
        -0.04959         8.46323
        -0.04799         8.20635
        -0.04639         7.95854
        -0.04479         7.72153
        -0.04319         7.49677
        -0.04159         7.28539
        -0.03999         7.08830
        -0.03839         6.90614
        -0.03679         6.73937
        -0.03519         6.58826
        -0.03359         6.45298
        -0.03199         6.33361
        -0.03039         6.23017
        -0.02879         6.14263
        -0.02719         6.07101
        -0.02559         6.01530
        -0.02399         5.97558
        -0.02239         5.95199
        -0.02080         5.94472
        -0.01920         5.95410
        -0.01760         5.98056
        -0.01600         6.02467
        -0.01440         6.08713
        -0.01280         6.16884
        -0.01120         6.27085
        -0.00960         6.39445
        -0.00800         6.54114
        -0.00640         6.71267
        -0.00480         6.91107
        -0.00320         7.13867
        -0.00160         7.39813
        -0.00000         7.69241
         0.00160         8.02487
         0.00320         8.39916
         0.00480         8.81926
         0.00640         9.28942
         0.00800         9.81397
         0.00960        10.39724
         0.01120        11.04319
         0.01280        11.75507
         0.01440        12.53487
         0.01600        13.38264
         0.01760        14.29569
         0.01920        15.26773
         0.02080        16.28816
         0.02239        17.34157
         0.02399        18.40792
         0.02559        19.46343
         0.02719        20.48242
         0.02879        21.43979
         0.03039        22.31353
         0.03199        23.08672
         0.03359        23.74806
         0.03519        24.29103
         0.03679        24.71204
         0.03839        25.00834
         0.03999        25.17692
         0.04159        25.21470
         0.04319        25.12009
         0.04479        24.89509
         0.04639        24.54694
         0.04799        24.08883
         0.04959        23.53911
         0.05119        22.91957
         0.05279        22.25318
         0.05439        21.56207
         0.05599        20.86592
         0.05759        20.18107
         0.05919        19.52028
         0.06079        18.89285
         0.06239        18.30506
         0.06398        17.76070
         0.06558        17.26167
         0.06718        16.80838
         0.06878        16.40030
         0.07038        16.03619
         0.07198        15.71443
         0.07358        15.43320
         0.07518        15.19062
         0.07678        14.98484
         0.07838        14.81414
         0.07998        14.67694
         0.08158        14.57187
         0.08318        14.49774
         0.08478        14.45357
         0.08638        14.43857
         0.08798        14.45214
         0.08958        14.49385
         0.09118        14.56339
         0.09278        14.66056
         0.09438        14.78520
         0.09598        14.93712
         0.09758        15.11608
         0.09918        15.32161
         0.10078        15.55298
         0.10238        15.80896
         0.10398        16.08777
         0.10557        16.38681
         0.10717        16.70248
         0.10877        17.03000
         0.11037        17.36322
         0.11197        17.69454
         0.11357        18.01486
         0.11517        18.31378
         0.11677        18.57999
         0.11837        18.80183
         0.11997        18.96821
         0.12157        19.06959
         0.12317        19.09901
         0.12477        19.05304
         0.12637        18.93229
         0.12797        18.74147
         0.12957        18.48899
         0.13117        18.18600
         0.13277        17.84521
         0.13437        17.47960
         0.13597        17.10129
         0.13757        16.72066
         0.13917        16.34580
         0.14077        15.98230
         0.14237        15.63332
         0.14397        15.29982
         0.14557        14.98096
         0.14716        14.67459
         0.14876        14.37767
         0.15036        14.08673
         0.15196        13.79834
         0.15356        13.50935
         0.15516        13.21725
         0.15676        12.92026
         0.15836        12.61745
         0.15996        12.30872
         0.16156        11.99472
         0.16316        11.67672
         0.16476        11.35646
         0.16636        11.03593
         0.16796        10.71729
         0.16956        10.40264
         0.17116        10.09395
         0.17276         9.79298
         0.17436         9.50122
         0.17596         9.21988
         0.17756         8.94987
         0.17916         8.69182
         0.18076         8.44612
         0.18236         8.21294
         0.18396         7.99228
         0.18556         7.78397
         0.18716         7.58774
         0.18876         7.40322
         0.19035         7.22997
         0.19195         7.06753
         0.19355         6.91539
         0.19515         6.77304
         0.19675         6.63996
         0.19835         6.51565
         0.19995         6.39960
         0.20155         6.29133
         0.20315         6.19037
         0.20475         6.09628
         0.20635         6.00863
         0.20795         5.92700
         0.20955         5.85101
         0.21115         5.78029
         0.21275         5.71446
         0.21435         5.65321
         0.21595         5.59619
         0.21755         5.54308
         0.21915         5.49359
         0.22075         5.44741
         0.22235         5.40426
         0.22395         5.36386
         0.22555         5.32594
         0.22715         5.29022
         0.22875         5.25646
         0.23035         5.22439
         0.23194         5.19378
         0.23354         5.16438
         0.23514         5.13596
         0.23674         5.10831
         0.23834         5.08121
         0.23994         5.05446
         0.24154         5.02786
         0.24314         5.00123
         0.24474         4.97441
         0.24634         4.94725
         0.24794         4.91960
         0.24954         4.89135
         0.25114         4.86238
         0.25274         4.83261
         0.25434         4.80196
         0.25594         4.77038
         0.25754         4.73783
         0.25914         4.70429
         0.26074         4.66975
         0.26234         4.63422
         0.26394         4.59773
         0.26554         4.56033
         0.26714         4.52206
         0.26874         4.48299
         0.27034         4.44320
         0.27194         4.40277
         0.27353         4.36180
         0.27513         4.32039
         0.27673         4.27864
         0.27833         4.23667
         0.27993         4.19458
         0.28153         4.15248
         0.28313         4.11050
         0.28473         4.06873
         0.28633         4.02729
         0.28793         3.98628
         0.28953         3.94580
         0.29113         3.90595
         0.29273         3.86681
         0.29433         3.82848
         0.29593         3.79102
         0.29753         3.75452
         0.29913         3.71903
         0.30073         3.68461
         0.30233         3.65133
         0.30393         3.61921
         0.30553         3.58830
         0.30713         3.55863
         0.30873         3.53023
         0.31033         3.50312
         0.31193         3.47730
         0.31353         3.45280
         0.31512         3.42960
         0.31672         3.40772
         0.31832         3.38714
         0.31992         3.36785
         0.32152         3.34984
         0.32312         3.33309
         0.32472         3.31757
         0.32632         3.30326
         0.32792         3.29014
         0.32952         3.27816
         0.33112         3.26730
         0.33272         3.25752
         0.33432         3.24877
         0.33592         3.24103
         0.33752         3.23423
         0.33912         3.22834
         0.34072         3.22331
         0.34232         3.21909
         0.34392         3.21564
         0.34552         3.21290
         0.34712         3.21082
         0.34872         3.20936
         0.35032         3.20847
         0.35192         3.20811
         0.35352         3.20823
         0.35512         3.20880
         0.35672         3.20979
         0.35831         3.21117
         0.35991         3.21293
         0.36151         3.21507
         0.36311         3.21760
         0.36471         3.22053
         0.36631         3.22390
         0.36791         3.22777
         0.36951         3.23221
         0.37111         3.23732
         0.37271         3.24320
         0.37431         3.25001
         0.37591         3.25789
         0.37751         3.26704
         0.37911         3.27767
         0.38071         3.29004
         0.38231         3.30441
         0.38391         3.32110
         0.38551         3.34045
         0.38711         3.36285
         0.38871         3.38872
         0.39031         3.41853
         0.39191         3.45282
         0.39351         3.49216
         0.39511         3.53723
         0.39671         3.58875
         0.39831         3.64757
         0.39990         3.71463
         0.40150         3.79099
         0.40310         3.87788
         0.40470         3.97669
         0.40630         4.08901
         0.40790         4.21665
         0.40950         4.36164
         0.41110         4.52629
         0.41270         4.71315
         0.41430         4.92493
         0.41590         5.16445
         0.41750         5.43440
         0.41910         5.73695
         0.42070         6.07323
         0.42230         6.44241
         0.42390         6.84064
         0.42550         7.25975
         0.42710         7.68614
         0.42870         8.10038
         0.43030         8.47834
         0.43190         8.79423
         0.43350         9.02539
         0.43510         9.15734
         0.43670         9.18711
         0.43830         9.12336
         0.43990         8.98344
         0.44149         8.78880
         0.44309         8.56073
         0.44469         8.31752
         0.44629         8.07320
         0.44789         7.83751
         0.44949         7.61658
         0.45109         7.41378
         0.45269         7.23053
         0.45429         7.06702
         0.45589         6.92266
         0.45749         6.79646
         0.45909         6.68727
         0.46069         6.59390
         0.46229         6.51525
         0.46389         6.45032
         0.46549         6.39827
         0.46709         6.35842
         0.46869         6.33023
         0.47029         6.31332
         0.47189         6.30748
         0.47349         6.31261
         0.47509         6.32875
         0.47669         6.35607
         0.47829         6.39485
         0.47989         6.44547
         0.48149         6.50842
         0.48308         6.58426
         0.48468         6.67364
         0.48628         6.77727
         0.48788         6.89587
         0.48948         7.03016
         0.49108         7.18083
         0.49268         7.34843
         0.49428         7.53333
         0.49588         7.73558
         0.49748         7.95483
         0.49908         8.19013
         0.50068         8.43982
         0.50228         8.70138
         0.50388         8.97132
         0.50548         9.24517
         0.50708         9.51755
         0.50868         9.78243
         0.51028        10.03350
         0.51188        10.26465
         0.51348        10.47057
         0.51508        10.64720
         0.51668        10.79213
         0.51828        10.90467
         0.51988        10.98576
         0.52148        11.03766
         0.52308        11.06352
         0.52468        11.06689
         0.52627        11.05138
         0.52787        11.02033
         0.52947        10.97662
         0.53107        10.92261
         0.53267        10.86018
         0.53427        10.79074
         0.53587        10.71537
         0.53747        10.63487
         0.53907        10.54993
         0.54067        10.46114
         0.54227        10.36906
         0.54387        10.27428
         0.54547        10.17743
         0.54707        10.07917
         0.54867         9.98016
         0.55027         9.88110
         0.55187         9.78265
         0.55347         9.68545
         0.55507         9.59008
         0.55667         9.49706
         0.55827         9.40683
         0.55987         9.31972
         0.56147         9.23601
         0.56307         9.15588
         0.56467         9.07942
         0.56627         9.00667
         0.56786         8.93758
         0.56946         8.87205
         0.57106         8.80995
         0.57266         8.75109
         0.57426         8.69528
         0.57586         8.64227
         0.57746         8.59185
         0.57906         8.54379
         0.58066         8.49785
         0.58226         8.45385
         0.58386         8.41159
         0.58546         8.37093
         0.58706         8.33173
         0.58866         8.29392
         0.59026         8.25745
         0.59186         8.22231
         0.59346         8.18853
         0.59506         8.15618
         0.59666         8.12535
         0.59826         8.09619
         0.59986         8.06886
         0.60146         8.04353
         0.60306         8.02043
         0.60466         7.99975
         0.60626         7.98173
         0.60786         7.96659
         0.60945         7.95455
         0.61105         7.94582
         0.61265         7.94062
         0.61425         7.93911
         0.61585         7.94147
         0.61745         7.94783
         0.61905         7.95831
         0.62065         7.97299
         0.62225         7.99192
         0.62385         8.01513
         0.62545         8.04261
         0.62705         8.07432
         0.62865         8.11019
         0.63025         8.15010
         0.63185         8.19392
         0.63345         8.24149
         0.63505         8.29261
         0.63665         8.34705
         0.63825         8.40456
         0.63985         8.46487
         0.64145         8.52768
         0.64305         8.59267
         0.64465         8.65950
         0.64625         8.72782
         0.64785         8.79724
         0.64945         8.86740
         0.65105         8.93789
         0.65264         9.00832
         0.65424         9.07829
         0.65584         9.14740
         0.65744         9.21526
         0.65904         9.28150
         0.66064         9.34575
         0.66224         9.40768
         0.66384         9.46697
         0.66544         9.52332
         0.66704         9.57648
         0.66864         9.62622
         0.67024         9.67232
         0.67184         9.71462
         0.67344         9.75295
         0.67504         9.78719
         0.67664         9.81722
         0.67824         9.84294
         0.67984         9.86429
         0.68144         9.88120
         0.68304         9.89363
         0.68464         9.90157
         0.68624         9.90500
         0.68784         9.90396
         0.68944         9.89852
         0.69104         9.88877
         0.69264         9.87485
         0.69423         9.85696
         0.69583         9.83533
         0.69743         9.81026
         0.69903         9.78209
         0.70063         9.75122
         0.70223         9.71811
         0.70383         9.68326
         0.70543         9.64721
         0.70703         9.61053
         0.70863         9.57383
         0.71023         9.53773
         0.71183         9.50286
         0.71343         9.46984
         0.71503         9.43928
         0.71663         9.41177
         0.71823         9.38787
         0.71983         9.36808
         0.72143         9.35287
         0.72303         9.34261
         0.72463         9.33763
         0.72623         9.33816
         0.72783         9.34435
         0.72943         9.35622
         0.73103         9.37371
         0.73263         9.39662
         0.73423         9.42461
         0.73582         9.45723
         0.73742         9.49386
         0.73902         9.53374
         0.74062         9.57595
         0.74222         9.61943
         0.74382         9.66298
         0.74542         9.70529
         0.74702         9.74495
         0.74862         9.78048
         0.75022         9.81040
         0.75182         9.83325
         0.75342         9.84767
         0.75502         9.85241
         0.75662         9.84646
         0.75822         9.82902
         0.75982         9.79961
         0.76142         9.75805
         0.76302         9.70447
         0.76462         9.63935
         0.76622         9.56345
         0.76782         9.47778
         0.76942         9.38356
         0.77102         9.28216
         0.77262         9.17507
         0.77422         9.06378
         0.77582         8.94978
         0.77741         8.83450
         0.77901         8.71929
         0.78061         8.60535
         0.78221         8.49379
         0.78381         8.38554
         0.78541         8.28140
         0.78701         8.18206
         0.78861         8.08804
         0.79021         7.99979
         0.79181         7.91763
         0.79341         7.84183
         0.79501         7.77255
         0.79661         7.70993
         0.79821         7.65405
         0.79981         7.60498
         0.80141         7.56274
         0.80301         7.52736
         0.80461         7.49886
         0.80621         7.47727
         0.80781         7.46260
         0.80941         7.45490
         0.81101         7.45420
         0.81261         7.46055
         0.81421         7.47402
         0.81581         7.49465
         0.81741         7.52251
         0.81901         7.55766
         0.82060         7.60012
         0.82220         7.64991
         0.82380         7.70701
         0.82540         7.77137
         0.82700         7.84287
         0.82860         7.92134
         0.83020         8.00652
         0.83180         8.09809
         0.83340         8.19566
         0.83500         8.29876
         0.83660         8.40684
         0.83820         8.51934
         0.83980         8.63568
         0.84140         8.75530
         0.84300         8.87770
         0.84460         9.00245
         0.84620         9.12924
         0.84780         9.25790
         0.84940         9.38838
         0.85100         9.52075
         0.85260         9.65518
         0.85420         9.79193
         0.85580         9.93133
         0.85740        10.07374
         0.85900        10.21954
         0.86060        10.36914
         0.86219        10.52297
         0.86379        10.68150
         0.86539        10.84526
         0.86699        11.01481
         0.86859        11.19085
         0.87019        11.37414
         0.87179        11.56559
         0.87339        11.76622
         0.87499        11.97719
         0.87659        12.19976
         0.87819        12.43533
         0.87979        12.68538
         0.88139        12.95143
         0.88299        13.23501
         0.88459        13.53757
         0.88619        13.86038
         0.88779        14.20432
         0.88939        14.56962
         0.89099        14.95552
         0.89259        15.35977
         0.89419        15.77820
         0.89579        16.20427
         0.89739        16.62919
         0.89899        17.04255
         0.90059        17.43378
         0.90219        17.79394
         0.90378        18.11696
         0.90538        18.39948
         0.90698        18.63927
         0.90858        18.83304
         0.91018        18.97493
         0.91178        19.05647
         0.91338        19.06810
         0.91498        19.00146
         0.91658        18.85163
         0.91818        18.61877
         0.91978        18.30846
         0.92138        17.93104
         0.92298        17.50021
         0.92458        17.03143
         0.92618        16.54056
         0.92778        16.04296
         0.92938        15.55291
         0.93098        15.08332
         0.93258        14.64543
         0.93418        14.24861
         0.93578        13.90018
         0.93738        13.60527
         0.93898        13.36698
         0.94058        13.18652
         0.94218        13.06342
         0.94378        12.99576
         0.94537        12.98009
         0.94697        13.01129
         0.94857        13.08206
         0.95017        13.18243
         0.95177        13.29940
         0.95337        13.41731
         0.95497        13.51945
         0.95657        13.59124
         0.95817        13.62437
         0.95977        13.61966
         0.96137        13.58687
         0.96297        13.54077
         0.96457        13.49481
         0.96617        13.45479
         0.96777        13.41621
         0.96937        13.36939
         0.97097        13.31171
         0.97257        13.25591
         0.97417        13.22349
         0.97577        13.22956
         0.97737        13.27495
         0.97897        13.34885
         0.98057        13.43473
         0.98217        13.51457
         0.98377        13.57092
         0.98537        13.58778
         0.98697        13.55110
         0.98856        13.44938
         0.99016        13.27435
         0.99176        13.02165
         0.99336        12.69147
         0.99496        12.28881
         0.99656        11.82337
         0.99816        11.30877
         0.99976        10.76129
         1.00136        10.19812
         1.00296         9.63572
         1.00456         9.08848
         1.00616         8.56792
         1.00776         8.08247
         1.00936         7.63761
         1.01096         7.23624
         1.01256         6.87917
         1.01416         6.56546
         1.01576         6.29267
         1.01736         6.05702
         1.01896         5.85332
         1.02056         5.67482
         1.02216         5.51311
         1.02376         5.35811
         1.02536         5.19844
         1.02696         5.02250
         1.02856         4.82008
         1.03015         4.58432
         1.03175         4.31333
         1.03335         4.01085
         1.03495         3.68560
         1.03655         3.34965
         1.03815         3.01515
         1.03975         2.68751
         1.04135         2.34390
         1.04295         1.86492
         1.04455         1.49602
         1.04615         1.45138
         1.04775         1.44228
         1.04935         0.86723
         1.05095         0.51408
         1.05255         0.50744
         1.05415         0.53733
         1.05575         0.65871
         1.05735         1.81293
         1.05895         0.00039
         1.06055         0.00028
         1.06215         0.00020
         1.06375         0.00014
         1.06535         0.00010
         1.06695         0.00008
         1.06855         0.00005
         1.07015         0.00004
         1.07174         0.00003
         1.07334         0.00002
         1.07494         0.00001
         1.07654         0.00001
         1.07814         0.00001
         1.07974         0.00000
         1.08134         0.00000
         1.08294         0.00000
         1.08454         0.00000
         1.08614         0.00000
         1.08774         0.00000
         1.08934         0.00000
         1.09094         0.00000
         1.09254         0.00000
         1.09414         0.00000
         1.09574         0.00000
         1.09734         0.00000
         1.09894         0.00000
         1.10054         0.00000
         1.10214         0.00000
         1.10374         0.00000
         1.10534         0.00000
         1.10694         0.00000
         1.10854         0.00000
         1.11014         0.00000
         1.11174         0.00000
         1.11333         0.00000
         1.11493         0.00000
         1.11653         0.00000
         1.11813         0.00000
         1.11973         0.00000
         1.12133         0.00000
         1.12293         0.00000
         1.12453         0.00000
         1.12613         0.00000
         1.12773         0.00000
         1.12933         0.00000
         1.13093         0.00000
         1.13253         0.00000
         1.13413         0.00000
         1.13573         0.00000
         1.13733         0.00000
         1.13893         0.00000
         1.14053         0.00000
         1.14213         0.00000
         1.14373         0.00000
         1.14533         0.00000
         1.14693         0.00000
         1.14853         0.00000
         1.15013         0.00000
         1.15173         0.00000
         1.15333         0.00000
         1.15493         0.00000
         1.15652         0.00000
         1.15812         0.00000
         1.15972         0.00000
         1.16132         0.00000
         1.16292         0.00000
         1.16452         0.00000
         1.16612         0.00000
         1.16772         0.00000
         1.16932         0.00000
         1.17092         0.00000
         1.17252         0.00000
         1.17412         0.00000
         1.17572         0.00000
         1.17732         0.00000
         1.17892         0.00000
         1.18052         0.00000
         1.18212         0.00000
         1.18372         0.00000
         1.18532         0.00000
         1.18692         0.00000
         1.18852         0.00000
         1.19012         0.00000
         1.19172         0.00000
         1.19332         0.00000
         1.19492         0.00000
         1.19652         0.00000
         1.19811         0.00000
         1.19971         0.00000
         1.20131         0.00000
         1.20291         0.00000
         1.20451         0.00000
         1.20611         0.00000
         1.20771         0.00000
         1.20931         0.00000
         1.21091         0.00000
         1.21251         0.00000
         1.21411         0.00000
         1.21571         0.00000
         1.21731         0.00000
         1.21891         0.00000
         1.22051         0.00000
         1.22211         0.00000
         1.22371         0.00000
         1.22531         0.00000
         1.22691         0.00000
         1.22851         0.00000
         1.23011         0.00000
         1.23171         0.00000
         1.23331         0.00000
         1.23491         0.00000
         1.23651         0.00000
         1.23811         0.00000
         1.23970         0.00000
         1.24130         0.00000
         1.24290         0.00000
         1.24450         0.00000
         1.24610         0.00000
         1.24770         0.00000
         1.24930         0.00000
         1.25090         0.00000
         1.25250         0.00000
         1.25410         0.00000
         1.25570         0.00000
         1.25730         0.00000
         1.25890         0.00000
         1.26050         0.00000
         1.26210         0.00000
         1.26370         0.00000
         1.26530         0.00000
         1.26690         0.00000
         1.26850         0.00000
         1.27010         0.00000
         1.27170         0.00000
         1.27330         0.00000
         1.27490         0.00000
         1.27650         0.00000
         1.27810         0.00000
         1.27970         0.00000
         1.28129         0.00000
         1.28289         0.00000
         1.28449         0.00000
         1.28609         0.00000
         1.28769         0.00000
         1.28929         0.00000
         1.29089         0.00000
         1.29249         0.00000
         1.29409         0.00000
         1.29569         0.00000
         1.29729         0.00000
         1.29889         0.00000
         1.30049         0.00000
         1.30209         0.00000
         1.30369         0.00000
         1.30529         0.00000
         1.30689         0.00000
         1.30849         0.00000
         1.31009         0.00000
         1.31169         0.00000
         1.31329         0.00000
         1.31489         0.00000
         1.31649         0.00000
         1.31809         0.00000
         1.31969         0.00000
         1.32129         0.00000
         1.32289         0.00000
         1.32448         0.00000
         1.32608         0.00000
         1.32768         0.00000
         1.32928         0.00000
         1.33088         0.00000
         1.33248         0.00000
         1.33408         0.00000
         1.33568         0.00000
         1.33728         0.00000
         1.33888         0.00000
         1.34048         0.00000
         1.34208         0.00000
         1.34368         0.00000
         1.34528         0.00000
         1.34688         0.00000
         1.34848         0.00000
         1.35008         0.00000
         1.35168         0.00000
         1.35328         0.00000
         1.35488         0.00000
         1.35648         0.00000
         1.35808         0.00000
         1.35968         0.00000
         1.36128         0.00000
         1.36288         0.00000
         1.36448         0.00000
         1.36607         0.00000
         1.36767         0.00000
         1.36927         0.00000
         1.37087         0.00000
         1.37247         0.00000
         1.37407         0.00000
         1.37567         0.00000
         1.37727         0.00000
         1.37887         0.00000
         1.38047         0.00000
         1.38207         0.00000
         1.38367         0.00000
         1.38527         0.00000
         1.38687         0.00000
         1.38847         0.00000
         1.39007         0.00000
         1.39167         0.00000
         1.39327         0.00000
         1.39487         0.00000
         1.39647         0.00000
         1.39807         0.00000
         1.39967         0.00000
         1.40127         0.00000
         1.40287         0.00000
         1.40447         0.00000
         1.40607         0.00000
         1.40766         0.00000
         1.40926         0.00000
         1.41086         0.00000
         1.41246         0.00000
         1.41406         0.00000
         1.41566         0.00000
         1.41726         0.00000
         1.41886         0.00000
         1.42046         0.00000
         1.42206         0.00000
         1.42366         0.00000
         1.42526         0.00000
         1.42686         0.00000
         1.42846         0.00000
         1.43006         0.00000
         1.43166         0.00000
         1.43326         0.00000
         1.43486         0.00000
         1.43646         0.00000
         1.43806         0.00000
         1.43966         0.00000
         1.44126         0.00000
         1.44286         0.00000
         1.44446         0.00000
         1.44606         0.00000
         1.44766         0.00000
         1.44925         0.00000
         1.45085         0.00000
         1.45245         0.00000
         1.45405         0.00000
         1.45565         0.00000
         1.45725         0.00000
         1.45885         0.00000
         1.46045         0.00000
         1.46205         0.00000
         1.46365         0.00000
         1.46525         0.00000
         1.46685         0.00000
         1.46845         0.00000
         1.47005         0.00000
         1.47165         0.00000
         1.47325         0.00000
         1.47485         0.00000
         1.47645         0.00000
         1.47805         0.00000
         1.47965         0.00000
         1.48125         0.00000
         1.48285         0.00000
         1.48445         0.00000
         1.48605         0.00000
         1.48765         0.00000
         1.48925         0.00000
         1.49085         0.00000
         1.49244         0.00000
         1.49404         0.00000
         1.49564         0.00000
         1.49724         0.00000
         1.49884         0.00000
         1.50044         0.00000
         1.50204         0.00000
         1.50364         0.00000
         1.50524         0.00000
         1.50684         0.00000
         1.50844         0.00000
         1.51004         0.00000
         1.51164         0.00000
         1.51324         0.00000
         1.51484         0.00000
         1.51644         0.00000
         1.51804         0.00000
         1.51964         0.00000
         1.52124         0.00000
         1.52284         0.00000
         1.52444         0.00000
         1.52604         0.00000
         1.52764         0.00000
         1.52924         0.00000
         1.53084         0.00000
         1.53244         0.00000
         1.53403         0.00000
         1.53563         0.00000
         1.53723         0.00000
         1.53883         0.00000
         1.54043         0.00000
         1.54203         0.00000
         1.54363         0.00000
         1.54523         0.00000
         1.54683         0.00000
         1.54843         0.00000
         1.55003         0.00000
         1.55163         0.00000
         1.55323         0.00000
         1.55483         0.00000
