===========================================================================
|                       Total Energy                                      |
===========================================================================
Total energy of system:     -2541.9669411477
===========================================================================
|                       Band Energy                                       |
===========================================================================
Band energy of system:    -2.0892592740
===========================================================================
|                     Spin moment                                         |
===========================================================================
Total spin moment:    -0.0000001182   -0.0000001182    2.8002031810
Spin moment of atom   1:  2.800203
Spin moment projections of atom   1: -0.000000 -0.000000  2.800203
Magnetic force on atom   1:        0.008385        0.008385  -104005.403620
===========================================================================
|                     Orbital moment                                      |
===========================================================================
Total orbital moment:     0.0000000917    0.0000000917    0.0528508115
Orbital moment of atom   1:  0.052851
Orbital moment projections of atom   1:  0.000000  0.000000  0.052851
===========================================================================
|                       Charge Transfer                                   |
===========================================================================
Occupation at atom   1:  7.890400
Up orbital occupation at atom   1:  0.333398  0.364810  4.647094
Down orbital occupation at atom   1:  0.343115  0.427483  1.774500
Charge transfer at atom   1: -0.109600
===========================================================================
|                       Fermi Energy                                      |
===========================================================================
Fermi energy:  -0.041385
===========================================================================
|                             Log info                                     |
===========================================================================
Total RMS Diff:   0.000000
RMS Diff of atom   1:  0.000000
