 irec           1           1
 irec type           3
 ndi=        4152
 4152
 LATTICE COORDINATES
    1  0.0000  0.0000  0.0000    2  1.4295  1.4295  1.4295
    3 -1.4295 -1.4295 -1.4295    4 -1.4295 -1.4295  1.4295
    5 -1.4295  1.4295 -1.4295    6 -1.4295  1.4295  1.4295
    7  1.4295 -1.4295 -1.4295    8  1.4295 -1.4295  1.4295
    9  1.4295  1.4295 -1.4295   10 -2.8590  0.0000  0.0000
   11  0.0000 -2.8590  0.0000   12  0.0000  0.0000 -2.8590
   13  0.0000  0.0000  2.8590   14  0.0000  2.8590  0.0000
   15  2.8590  0.0000  0.0000
 ndi=        4152
 remd
 outmap          15           1
 NEAREST NEIGHBOUR MAP
      ATOM   TYPE  CONNECTIVITY     NEIGHBOURS
    1   3  15      9    2   14   15    5    6    7    8   12   13    3    4   10   11
    2   2  15     51   59   26   27   45   47   15   23    8    9   13   14    1    6
    3   2  15      7    1   11   12    4    5   20   10   32   34   16   17   52   28
    4   2  15      8   13   21    1   35    6   11   18   33    3   53   10   16   29
    5   2  15      9   14    1   22    6   38   12   19    3   36   10   54   17   30
    6   2  15      2   23   13   14   37   39    1   55    4    5   18   19   10   31
    7   2  15     48   15   24   25    8    9   56    1   40   42   11   12   20    3
    8   2  15     49   26   57   15   43    2   24   13   41    7   21    1   11    4
    9   2  15     50   27   15   58    2   46   25   14    7   44    1   22   12    5
   10   1  15      5    6   19    1   30   31    3    4   17   18   28   29   60   16
   11   1  15      7    8    1   24    3    4   40   41   20   21   32   33   16   61
   12   1  15     44    9   22   25   36    5   42    7   62    1   34    3   17   20
   13   1  15      2   45   23   26    6   37    8   43    1   63    4   35   18   21
   14   1  15     46   47   64   27   38   39    9    2   22   23    5    6   19    1
   15   1  15     50   51   27   65    9    2   48   49   25   26    7    8    1   24
 4152   15
 Sbar atom no:    1 Ntot:    2
  259
  0.0000  0.0000  0.0000
  2.8590  2.8590  0.0000
  4.2885  4.2885  1.4295
  1.4295  1.4295 -1.4295
  1.4295  1.4295  1.4295
  1.4295  4.2885 -1.4295
  1.4295  4.2885  1.4295
  4.2885  1.4295 -1.4295
  4.2885  1.4295  1.4295
  4.2885  4.2885 -1.4295
  0.0000  2.8590  0.0000
  2.8590  0.0000  0.0000
  2.8590  2.8590 -2.8590
  2.8590  2.8590  2.8590
  2.8590  5.7180  0.0000
  5.7180  2.8590  0.0000
  0.0000  2.8590 -2.8590
  0.0000  2.8590  2.8590
  0.0000  5.7180  0.0000
  2.8590  0.0000 -2.8590
  2.8590  0.0000  2.8590
  2.8590  5.7180 -2.8590
  2.8590  5.7180  2.8590
  5.7180  0.0000  0.0000
  5.7180  2.8590 -2.8590
  5.7180  2.8590  2.8590
  5.7180  5.7180  0.0000
 -1.4295  1.4295 -1.4295
 -1.4295  1.4295  1.4295
 -1.4295  4.2885 -1.4295
 -1.4295  4.2885  1.4295
  1.4295 -1.4295 -1.4295
  1.4295 -1.4295  1.4295
  1.4295  1.4295 -4.2885
  1.4295  1.4295  4.2885
  1.4295  4.2885 -4.2885
  1.4295  4.2885  4.2885
  1.4295  7.1475 -1.4295
  1.4295  7.1475  1.4295
  4.2885 -1.4295 -1.4295
  4.2885 -1.4295  1.4295
  4.2885  1.4295 -4.2885
  4.2885  1.4295  4.2885
  4.2885  4.2885 -4.2885
  4.2885  4.2885  4.2885
  4.2885  7.1475 -1.4295
  4.2885  7.1475  1.4295
  7.1475  1.4295 -1.4295
  7.1475  1.4295  1.4295
  7.1475  4.2885 -1.4295
  7.1475  4.2885  1.4295
  0.0000  0.0000 -2.8590
  0.0000  0.0000  2.8590
  0.0000  5.7180 -2.8590
  0.0000  5.7180  2.8590
  5.7180  0.0000 -2.8590
  5.7180  0.0000  2.8590
  5.7180  5.7180 -2.8590
  5.7180  5.7180  2.8590
 -2.8590  2.8590  0.0000
  2.8590 -2.8590  0.0000
  2.8590  2.8590 -5.7180
  2.8590  2.8590  5.7180
 -1.4295 -1.4295 -1.4295
 -1.4295 -1.4295  1.4295
 -1.4295  1.4295 -4.2885
 -1.4295  1.4295  4.2885
 -1.4295  4.2885 -4.2885
 -1.4295  4.2885  4.2885
 -1.4295  7.1475 -1.4295
 -1.4295  7.1475  1.4295
  1.4295 -1.4295 -4.2885
  1.4295 -1.4295  4.2885
  1.4295  7.1475 -4.2885
  1.4295  7.1475  4.2885
  4.2885 -1.4295 -4.2885
  4.2885 -1.4295  4.2885
  7.1475 -1.4295 -1.4295
  7.1475 -1.4295  1.4295
  7.1475  1.4295 -4.2885
  7.1475  1.4295  4.2885
 -2.8590  0.0000  0.0000
 -2.8590  2.8590 -2.8590
 -2.8590  2.8590  2.8590
 -2.8590  5.7180  0.0000
  0.0000 -2.8590  0.0000
  0.0000  2.8590 -5.7180
  0.0000  2.8590  5.7180
  0.0000  8.5770  0.0000
  2.8590 -2.8590 -2.8590
  2.8590 -2.8590  2.8590
  2.8590  0.0000 -5.7180
  2.8590  0.0000  5.7180
  2.8590  5.7180 -5.7180
  2.8590  5.7180  5.7180
  5.7180 -2.8590  0.0000
  5.7180  2.8590 -5.7180
  5.7180  2.8590  5.7180
  8.5770  0.0000  0.0000
 -2.8590  0.0000 -2.8590
 -2.8590  0.0000  2.8590
 -2.8590  5.7180 -2.8590
 -2.8590  5.7180  2.8590
  0.0000 -2.8590 -2.8590
  0.0000 -2.8590  2.8590
  0.0000  0.0000 -5.7180
  0.0000  0.0000  5.7180
  0.0000  5.7180 -5.7180
  0.0000  5.7180  5.7180
  5.7180 -2.8590 -2.8590
  5.7180 -2.8590  2.8590
  5.7180  0.0000 -5.7180
  5.7180  0.0000  5.7180
 -4.2885  1.4295 -1.4295
 -4.2885  1.4295  1.4295
 -4.2885  4.2885 -1.4295
 -4.2885  4.2885  1.4295
 -1.4295 -1.4295 -4.2885
 -1.4295 -1.4295  4.2885
 -1.4295  7.1475 -4.2885
 -1.4295  7.1475  4.2885
  1.4295 -4.2885 -1.4295
  1.4295 -4.2885  1.4295
  1.4295  1.4295 -7.1475
  1.4295  1.4295  7.1475
  1.4295  4.2885 -7.1475
  1.4295  4.2885  7.1475
  4.2885 -4.2885 -1.4295
  4.2885 -4.2885  1.4295
  4.2885  1.4295 -7.1475
  4.2885  1.4295  7.1475
  7.1475 -1.4295 -4.2885
  7.1475 -1.4295  4.2885
 -2.8590 -2.8590  0.0000
 -2.8590  2.8590 -5.7180
 -2.8590  2.8590  5.7180
  2.8590 -2.8590 -5.7180
  2.8590 -2.8590  5.7180
 -4.2885 -1.4295 -1.4295
 -4.2885 -1.4295  1.4295
 -4.2885  1.4295 -4.2885
 -4.2885  1.4295  4.2885
 -4.2885  4.2885 -4.2885
 -4.2885  4.2885  4.2885
 -4.2885  7.1475 -1.4295
 -4.2885  7.1475  1.4295
 -1.4295 -4.2885 -1.4295
 -1.4295 -4.2885  1.4295
 -1.4295  1.4295 -7.1475
 -1.4295  1.4295  7.1475
 -1.4295  4.2885 -7.1475
 -1.4295  4.2885  7.1475
  1.4295 -4.2885 -4.2885
  1.4295 -4.2885  4.2885
  1.4295 -1.4295 -7.1475
  1.4295 -1.4295  7.1475
  4.2885 -4.2885 -4.2885
  4.2885 -4.2885  4.2885
  4.2885 -1.4295 -7.1475
  4.2885 -1.4295  7.1475
  7.1475 -4.2885 -1.4295
  7.1475 -4.2885  1.4295
 -5.7180  2.8590  0.0000
 -2.8590 -2.8590 -2.8590
 -2.8590 -2.8590  2.8590
 -2.8590  0.0000 -5.7180
 -2.8590  0.0000  5.7180
 -2.8590  5.7180 -5.7180
 -2.8590  5.7180  5.7180
  0.0000 -2.8590 -5.7180
  0.0000 -2.8590  5.7180
  2.8590 -5.7180  0.0000
  5.7180 -2.8590 -5.7180
  5.7180 -2.8590  5.7180
 -5.7180  0.0000  0.0000
 -5.7180  2.8590 -2.8590
 -5.7180  2.8590  2.8590
 -5.7180  5.7180  0.0000
  0.0000 -5.7180  0.0000
  2.8590 -5.7180 -2.8590
  2.8590 -5.7180  2.8590
  5.7180 -5.7180  0.0000
 -4.2885 -1.4295 -4.2885
 -4.2885 -1.4295  4.2885
 -1.4295 -4.2885 -4.2885
 -1.4295 -4.2885  4.2885
 -1.4295 -1.4295 -7.1475
 -1.4295 -1.4295  7.1475
 -5.7180  0.0000 -2.8590
 -5.7180  0.0000  2.8590
 -5.7180  5.7180 -2.8590
 -5.7180  5.7180  2.8590
  0.0000 -5.7180 -2.8590
  0.0000 -5.7180  2.8590
  0.0000  0.0000 -8.5770
  0.0000  0.0000  8.5770
  5.7180 -5.7180 -2.8590
  5.7180 -5.7180  2.8590
 -2.8590 -2.8590 -5.7180
 -2.8590 -2.8590  5.7180
 -7.1475  1.4295 -1.4295
 -7.1475  1.4295  1.4295
 -7.1475  4.2885 -1.4295
 -7.1475  4.2885  1.4295
 -4.2885 -4.2885 -1.4295
 -4.2885 -4.2885  1.4295
 -4.2885  1.4295 -7.1475
 -4.2885  1.4295  7.1475
  1.4295 -7.1475 -1.4295
  1.4295 -7.1475  1.4295
  1.4295 -4.2885 -7.1475
  1.4295 -4.2885  7.1475
  4.2885 -7.1475 -1.4295
  4.2885 -7.1475  1.4295
 -5.7180 -2.8590  0.0000
 -5.7180  2.8590 -5.7180
 -5.7180  2.8590  5.7180
 -2.8590 -5.7180  0.0000
  2.8590 -5.7180 -5.7180
  2.8590 -5.7180  5.7180
 -5.7180 -2.8590 -2.8590
 -5.7180 -2.8590  2.8590
 -5.7180  0.0000 -5.7180
 -5.7180  0.0000  5.7180
 -2.8590 -5.7180 -2.8590
 -2.8590 -5.7180  2.8590
  0.0000 -5.7180 -5.7180
  0.0000 -5.7180  5.7180
 -7.1475 -1.4295 -1.4295
 -7.1475 -1.4295  1.4295
 -7.1475  1.4295 -4.2885
 -7.1475  1.4295  4.2885
 -4.2885 -4.2885 -4.2885
 -4.2885 -4.2885  4.2885
 -4.2885 -1.4295 -7.1475
 -4.2885 -1.4295  7.1475
 -1.4295 -7.1475 -1.4295
 -1.4295 -7.1475  1.4295
 -1.4295 -4.2885 -7.1475
 -1.4295 -4.2885  7.1475
  1.4295 -7.1475 -4.2885
  1.4295 -7.1475  4.2885
 -7.1475 -1.4295 -4.2885
 -7.1475 -1.4295  4.2885
 -1.4295 -7.1475 -4.2885
 -1.4295 -7.1475  4.2885
 -8.5770  0.0000  0.0000
 -5.7180 -2.8590 -5.7180
 -5.7180 -2.8590  5.7180
 -2.8590 -5.7180 -5.7180
 -2.8590 -5.7180  5.7180
  0.0000 -8.5770  0.0000
 -5.7180 -5.7180  0.0000
 -7.1475 -4.2885 -1.4295
 -7.1475 -4.2885  1.4295
 -4.2885 -7.1475 -1.4295
 -4.2885 -7.1475  1.4295
 -5.7180 -5.7180 -2.8590
 -5.7180 -5.7180  2.8590
 LMAX= 2   Q=  0.697000  0.106060  0.021428
 NDEF=         0
 Sbar atom no:    2 Ntot:    2
  259
  0.0000  0.0000  0.0000
  4.2885  1.4295  1.4295
  5.7180  2.8590  2.8590
  2.8590  0.0000  0.0000
  2.8590  0.0000  2.8590
  2.8590  2.8590  0.0000
  2.8590  2.8590  2.8590
  5.7180  0.0000  0.0000
  5.7180  0.0000  2.8590
  5.7180  2.8590  0.0000
  1.4295  1.4295  1.4295
  4.2885 -1.4295  1.4295
  4.2885  1.4295 -1.4295
  4.2885  1.4295  4.2885
  4.2885  4.2885  1.4295
  7.1475  1.4295  1.4295
  1.4295 -1.4295  1.4295
  1.4295  1.4295 -1.4295
  1.4295  1.4295  4.2885
  1.4295  4.2885  1.4295
  4.2885 -1.4295 -1.4295
  4.2885 -1.4295  4.2885
  4.2885  4.2885 -1.4295
  4.2885  4.2885  4.2885
  7.1475 -1.4295  1.4295
  7.1475  1.4295 -1.4295
  7.1475  1.4295  4.2885
  7.1475  4.2885  1.4295
  0.0000  0.0000  2.8590
  0.0000  2.8590  0.0000
  0.0000  2.8590  2.8590
  2.8590 -2.8590  0.0000
  2.8590 -2.8590  2.8590
  2.8590  0.0000 -2.8590
  2.8590  0.0000  5.7180
  2.8590  2.8590 -2.8590
  2.8590  2.8590  5.7180
  2.8590  5.7180  0.0000
  2.8590  5.7180  2.8590
  5.7180 -2.8590  0.0000
  5.7180 -2.8590  2.8590
  5.7180  0.0000 -2.8590
  5.7180  0.0000  5.7180
  5.7180  2.8590 -2.8590
  5.7180  2.8590  5.7180
  5.7180  5.7180  0.0000
  5.7180  5.7180  2.8590
  8.5770  0.0000  0.0000
  1.4295 -1.4295 -1.4295
  1.4295 -1.4295  4.2885
  1.4295  4.2885 -1.4295
  1.4295  4.2885  4.2885
  7.1475 -1.4295 -1.4295
  7.1475 -1.4295  4.2885
  7.1475  4.2885 -1.4295
 -1.4295  1.4295  1.4295
  4.2885 -4.2885  1.4295
  4.2885  1.4295 -4.2885
  4.2885  1.4295  7.1475
  4.2885  7.1475  1.4295
  0.0000 -2.8590  0.0000
  0.0000 -2.8590  2.8590
  0.0000  0.0000 -2.8590
  0.0000  0.0000  5.7180
  0.0000  2.8590 -2.8590
  0.0000  2.8590  5.7180
  0.0000  5.7180  0.0000
  0.0000  5.7180  2.8590
  2.8590 -2.8590 -2.8590
  2.8590 -2.8590  5.7180
  2.8590  5.7180 -2.8590
  2.8590  5.7180  5.7180
  5.7180 -2.8590 -2.8590
  5.7180 -2.8590  5.7180
  5.7180  5.7180 -2.8590
 -1.4295 -1.4295  1.4295
 -1.4295  1.4295 -1.4295
 -1.4295  1.4295  4.2885
 -1.4295  4.2885  1.4295
  1.4295 -4.2885  1.4295
  1.4295  1.4295 -4.2885
  1.4295  1.4295  7.1475
  1.4295  7.1475  1.4295
  4.2885 -4.2885 -1.4295
  4.2885 -4.2885  4.2885
  4.2885 -1.4295 -4.2885
  4.2885 -1.4295  7.1475
  4.2885  4.2885 -4.2885
  4.2885  7.1475 -1.4295
  7.1475 -4.2885  1.4295
  7.1475  1.4295 -4.2885
 -1.4295 -1.4295 -1.4295
 -1.4295 -1.4295  4.2885
 -1.4295  4.2885 -1.4295
 -1.4295  4.2885  4.2885
  1.4295 -4.2885 -1.4295
  1.4295 -4.2885  4.2885
  1.4295 -1.4295 -4.2885
  1.4295 -1.4295  7.1475
  1.4295  4.2885 -4.2885
  1.4295  4.2885  7.1475
  1.4295  7.1475 -1.4295
  1.4295  7.1475  4.2885
  7.1475 -4.2885 -1.4295
  7.1475 -1.4295 -4.2885
 -2.8590  0.0000  0.0000
 -2.8590  0.0000  2.8590
 -2.8590  2.8590  0.0000
 -2.8590  2.8590  2.8590
  0.0000 -2.8590 -2.8590
  0.0000 -2.8590  5.7180
  0.0000  5.7180 -2.8590
  0.0000  5.7180  5.7180
  2.8590 -5.7180  0.0000
  2.8590 -5.7180  2.8590
  2.8590  0.0000 -5.7180
  2.8590  2.8590 -5.7180
  5.7180 -5.7180  0.0000
  5.7180 -5.7180  2.8590
  5.7180  0.0000 -5.7180
  5.7180  2.8590 -5.7180
 -1.4295 -4.2885  1.4295
 -1.4295  1.4295 -4.2885
 -1.4295  1.4295  7.1475
 -1.4295  7.1475  1.4295
  4.2885 -4.2885 -4.2885
 -2.8590 -2.8590  0.0000
 -2.8590 -2.8590  2.8590
 -2.8590  0.0000 -2.8590
 -2.8590  0.0000  5.7180
 -2.8590  2.8590 -2.8590
 -2.8590  2.8590  5.7180
 -2.8590  5.7180  0.0000
 -2.8590  5.7180  2.8590
  0.0000 -5.7180  0.0000
  0.0000 -5.7180  2.8590
  0.0000  0.0000 -5.7180
  0.0000  0.0000  8.5770
  0.0000  2.8590 -5.7180
  0.0000  8.5770  0.0000
  2.8590 -5.7180 -2.8590
  2.8590 -5.7180  5.7180
  2.8590 -2.8590 -5.7180
  2.8590  5.7180 -5.7180
  5.7180 -5.7180 -2.8590
  5.7180 -2.8590 -5.7180
 -4.2885  1.4295  1.4295
 -1.4295 -4.2885 -1.4295
 -1.4295 -4.2885  4.2885
 -1.4295 -1.4295 -4.2885
 -1.4295 -1.4295  7.1475
 -1.4295  4.2885 -4.2885
 -1.4295  4.2885  7.1475
 -1.4295  7.1475 -1.4295
 -1.4295  7.1475  4.2885
  1.4295 -4.2885 -4.2885
  1.4295 -4.2885  7.1475
  1.4295  7.1475 -4.2885
  4.2885 -7.1475  1.4295
  4.2885  1.4295 -7.1475
 -4.2885 -1.4295  1.4295
 -4.2885  1.4295 -1.4295
 -4.2885  1.4295  4.2885
 -4.2885  4.2885  1.4295
  1.4295 -7.1475  1.4295
  1.4295  1.4295 -7.1475
  4.2885 -7.1475 -1.4295
  4.2885 -1.4295 -7.1475
 -2.8590 -2.8590 -2.8590
 -2.8590 -2.8590  5.7180
 -2.8590  5.7180 -2.8590
 -2.8590  5.7180  5.7180
  0.0000 -5.7180 -2.8590
  0.0000 -5.7180  5.7180
  0.0000 -2.8590 -5.7180
  0.0000  5.7180 -5.7180
 -4.2885 -1.4295 -1.4295
 -4.2885 -1.4295  4.2885
 -4.2885  4.2885 -1.4295
 -4.2885  4.2885  4.2885
  1.4295 -7.1475 -1.4295
  1.4295 -7.1475  4.2885
  1.4295 -1.4295 -7.1475
  1.4295  4.2885 -7.1475
 -1.4295 -4.2885 -4.2885
 -1.4295 -4.2885  7.1475
 -1.4295  7.1475 -4.2885
 -5.7180  0.0000  0.0000
 -5.7180  0.0000  2.8590
 -5.7180  2.8590  0.0000
 -5.7180  2.8590  2.8590
 -2.8590 -5.7180  0.0000
 -2.8590 -5.7180  2.8590
 -2.8590  0.0000 -5.7180
 -2.8590  2.8590 -5.7180
  2.8590 -5.7180 -5.7180
 -4.2885 -4.2885  1.4295
 -4.2885  1.4295 -4.2885
 -4.2885  1.4295  7.1475
 -4.2885  7.1475  1.4295
 -1.4295 -7.1475  1.4295
 -1.4295  1.4295 -7.1475
 -4.2885 -4.2885 -1.4295
 -4.2885 -4.2885  4.2885
 -4.2885 -1.4295 -4.2885
 -4.2885 -1.4295  7.1475
 -4.2885  4.2885 -4.2885
 -4.2885  7.1475 -1.4295
 -1.4295 -7.1475 -1.4295
 -1.4295 -7.1475  4.2885
 -1.4295 -1.4295 -7.1475
 -1.4295  4.2885 -7.1475
  1.4295 -7.1475 -4.2885
  1.4295 -4.2885 -7.1475
 -5.7180 -2.8590  0.0000
 -5.7180 -2.8590  2.8590
 -5.7180  0.0000 -2.8590
 -5.7180  0.0000  5.7180
 -5.7180  2.8590 -2.8590
 -5.7180  2.8590  5.7180
 -5.7180  5.7180  0.0000
 -5.7180  5.7180  2.8590
 -2.8590 -5.7180 -2.8590
 -2.8590 -5.7180  5.7180
 -2.8590 -2.8590 -5.7180
 -2.8590  5.7180 -5.7180
  0.0000 -8.5770  0.0000
  0.0000 -5.7180 -5.7180
  0.0000  0.0000 -8.5770
 -7.1475  1.4295  1.4295
 -5.7180 -2.8590 -2.8590
 -5.7180 -2.8590  5.7180
 -5.7180  5.7180 -2.8590
 -7.1475 -1.4295  1.4295
 -7.1475  1.4295 -1.4295
 -7.1475  1.4295  4.2885
 -7.1475  4.2885  1.4295
 -4.2885 -4.2885 -4.2885
 -1.4295 -7.1475 -4.2885
 -1.4295 -4.2885 -7.1475
 -7.1475 -1.4295 -1.4295
 -7.1475 -1.4295  4.2885
 -7.1475  4.2885 -1.4295
 -4.2885 -7.1475  1.4295
 -4.2885  1.4295 -7.1475
 -5.7180 -5.7180  0.0000
 -5.7180 -5.7180  2.8590
 -5.7180  0.0000 -5.7180
 -5.7180  2.8590 -5.7180
 -2.8590 -5.7180 -5.7180
 -4.2885 -7.1475 -1.4295
 -4.2885 -1.4295 -7.1475
 -7.1475 -4.2885  1.4295
 -7.1475  1.4295 -4.2885
 -8.5770  0.0000  0.0000
 -5.7180 -5.7180 -2.8590
 -5.7180 -2.8590 -5.7180
 -7.1475 -4.2885 -1.4295
 -7.1475 -1.4295 -4.2885
 LMAX= 2   Q=  0.697000  0.106060  0.021428
 NDEF=         0
