 Maxtype:          12
 Type of atoms chosen:           1           2           3           4
           5           6           7           8           9          10
          11          12
 Atoms chosen:        7383        7803         243         707         902
        1592        2512        2048        2962        3426        3877
        4341
 Unique atoms type per layer:           2           2           2           2
           2           0           0           0           0           0
           0           0           0           0           0           0
           0
   7.00000000000000       0.000000000000000E+000   3.00000000000000     
           1           1   7.00000000000000     
   7.50000000000000      -0.500000000000000        2.50000000000000     
           2           2   7.00000000000000     
  0.000000000000000E+000  -1.00000000000000        1.00000000000000     
           3           1  -1.00000000000000     
  0.500000000000000       -1.50000000000000       0.500000000000000     
           4           2  -1.00000000000000     
  0.000000000000000E+000  0.000000000000000E+000  0.000000000000000E+000
           5           1  0.000000000000000E+000
  0.500000000000000      -0.500000000000000       0.500000000000000     
           6           2  0.000000000000000E+000
   1.50000000000000      -0.500000000000000       0.500000000000000     
           7           2   1.00000000000000     
   1.00000000000000       0.000000000000000E+000   1.00000000000000     
           8           1   1.00000000000000     
   2.00000000000000       0.000000000000000E+000   2.00000000000000     
           9           1   2.00000000000000     
   2.50000000000000      -0.500000000000000        1.50000000000000     
          10           2   2.00000000000000     
   3.00000000000000       0.000000000000000E+000   2.00000000000000     
          11           1   3.00000000000000     
   3.50000000000000      -0.500000000000000        1.50000000000000     
          12           2   3.00000000000000     
