===========================================================================
|                       Total Energy                                      |
===========================================================================
Total energy of system:     -8107.9071729511
===========================================================================
|                       Band Energy                                       |
===========================================================================
Band energy of system:    -1.9728620034
===========================================================================
|                     Magnetization                                       |
===========================================================================
Total magnetization:     0.0890149987
Spin moment of atom   1:  0.089015
Spin moment projections of atom   1:  0.000000  0.000000  0.089015
Magnetic force on atom   1:       -0.000000       -0.000000     -153.975948
===========================================================================
|                       Charge Transfer                                   |
===========================================================================
Charge at atom   1:  7.748357
Charge transfer at atom   1: -0.251643
===========================================================================
|                       Fermi Energy                                      |
===========================================================================
Fermi energy:  -0.034366
