 irec           1           1
 irec type           3
 ndi=        3044
 3044
 LATTICE COORDINATES
    1  1.2360  0.7136  1.0053    2  1.2360 -0.7136  3.0159
    3  0.0000  1.4272  3.0159    4  2.4720  1.4272  3.0159
    5  1.2360 -0.7136 -1.0053    6  0.0000  1.4272 -1.0053
    7  2.4720  1.4272 -1.0053    8  0.0000  2.8544  1.0053
    9  2.4720  2.8544  1.0053   10  0.0000 -1.4272  1.0053
   11  2.4720 -1.4272  1.0053   12 -1.2360  0.7136  1.0053
   13  3.7080  0.7136  1.0053   14  3.7080 -0.7136  3.0159
   15 -1.2360 -0.7136  3.0159   16  3.7080 -0.7136 -1.0053
   17 -1.2360 -0.7136 -1.0053   18  1.2360  3.5680  3.0159
   19  1.2360  3.5680 -1.0053
 ndi=        3044
 remd
 outmap          19           1
 NEAREST NEIGHBOUR MAP
      ATOM   TYPE  CONNECTIVITY     NEIGHBOURS
    1   3  19      2    3    4   14   15   18    8   10    9   11   12   13    5    6    7
                                17   16   19
    2   2  19      4    1   13    3   14   11   12   21   51   10   15   47   49   23   43
                                22   35   73
    3   2  19     18    8    9   28    4    1   38   41   45   12   26   21   79    2   49
                                15   10   43
    4   2  19     29    9   36   18   27   13    8   45   75    1    3   51   41   14   21
                                 2   11   47
    5   2  19      7   20   50    6   16   46   48    1   13   42   17   11   12   25   10
                                24   72   35
    6   2  19     19   40   44   32    7   20   78    8    9   48   30    1   38    5   12
                                17   42   10
    7   2  19     33   44   74   19   31   50   40    9   36   20    6   13    8   16    1
                                 5   46   11
    8   1  19      3   28   18    4   26   66   52   12   34    1   38    9    6   32   19
                                30    7   68
    9   1  19      4   18   29   27    3   67   34    1   54   13    8   36    7   19   33
                                 6   31   69
   10   1  19     22   15    2   23   58    3   12   53    1   35   39   11   24   17    5
                                62   25    6
   11   1  19     23    2   14   59   22    4    1   35   13   55   10   37   25    5   16
                                24   63    7
   12   1  19     15   26    3    2   60   28   38   39    8   10   56    1   17   30    6
                                64    5   32
   13   1  19     14    4   27   61    2   29    9   11   36   37    1   57   16    7   31
                                 5   65   33
   14   2  19     27   13   57    4   61   37    1   51  105   11    2   77   21   59   47
                                23   55  101
   15   2  19      3   12    1   26    2   10   56   49   21   39   60   43  103   22   81
                                58   53   97
   16   2  19     31   50  104    7   65   76   20   13   57   46    5   37    1   63   11
                                25  100   55
   17   2  19      6   48   20   30    5   42  102   12    1   80   64   10   56   24   39
                                62   96   53
   18   2  19     67   34   54   66   29    9   52   71   99    8   28   45   95    4   41
                                 3    1   21
   19   2  19     69   70   98   68   33   44   94   34   54   40   32    9   52    7    8
                                 6   20    1
 3044   19
 Sbar atom no:    1 Ntot:    2
  389
  0.0000  0.0000  0.0000
  0.0000  0.0000  4.0211
  0.0000 -1.4272  6.0317
 -1.2360  0.7136  6.0317
  1.2360  0.7136  6.0317
  0.0000 -1.4272  2.0106
 -1.2360  0.7136  2.0106
  1.2360  0.7136  2.0106
 -1.2360  2.1408  4.0211
  1.2360  2.1408  4.0211
 -1.2360 -2.1408  4.0211
  1.2360 -2.1408  4.0211
 -2.4720 -0.0000  4.0211
  2.4720  0.0000  4.0211
  2.4720 -1.4272  6.0317
 -2.4720 -1.4272  6.0317
  2.4720 -1.4272  2.0106
 -2.4720 -1.4272  2.0106
  0.0000  2.8544  6.0317
  0.0000  2.8544  2.0106
  0.0000  0.0000  8.0423
 -1.2360 -3.5680  6.0317
  1.2360 -3.5680  6.0317
 -1.2360 -3.5680  2.0106
  1.2360 -3.5680  2.0106
 -3.7080  0.7136  6.0317
  3.7080  0.7136  6.0317
 -2.4720  2.8544  6.0317
  2.4720  2.8544  6.0317
 -3.7080  0.7136  2.0106
  3.7080  0.7136  2.0106
 -2.4720  2.8544  2.0106
  2.4720  2.8544  2.0106
  0.0000  4.2816  4.0211
  0.0000 -4.2816  4.0211
  3.7080  2.1408  4.0211
  3.7080 -2.1408  4.0211
 -3.7080  2.1408  4.0211
 -3.7080 -2.1408  4.0211
 -1.2360  2.1408  0.0000
 -1.2360  2.1408  8.0423
 -1.2360 -2.1408  0.0000
 -1.2360 -2.1408  8.0423
  1.2360  2.1408  0.0000
  1.2360  2.1408  8.0423
  1.2360 -2.1408  0.0000
  1.2360 -2.1408  8.0423
 -2.4720 -0.0000  0.0000
 -2.4720 -0.0000  8.0423
  2.4720  0.0000  0.0000
  2.4720  0.0000  8.0423
 -2.4720  4.2816  4.0211
 -2.4720 -4.2816  4.0211
  2.4720  4.2816  4.0211
  2.4720 -4.2816  4.0211
 -4.9440  0.0000  4.0211
  4.9440  0.0000  4.0211
 -3.7080 -3.5680  6.0317
  3.7080 -3.5680  6.0317
 -4.9440 -1.4272  6.0317
  4.9440 -1.4272  6.0317
 -3.7080 -3.5680  2.0106
  3.7080 -3.5680  2.0106
 -4.9440 -1.4272  2.0106
  4.9440 -1.4272  2.0106
 -1.2360  4.9952  6.0317
  1.2360  4.9952  6.0317
 -1.2360  4.9952  2.0106
  1.2360  4.9952  2.0106
  0.0000  4.2816  0.0000
  0.0000  4.2816  8.0423
  0.0000 -4.2816  0.0000
  0.0000 -4.2816  8.0423
  3.7080  2.1408  0.0000
  3.7080  2.1408  8.0423
  3.7080 -2.1408  0.0000
  3.7080 -2.1408  8.0423
 -3.7080  2.1408  0.0000
 -3.7080  2.1408  8.0423
 -3.7080 -2.1408  0.0000
 -3.7080 -2.1408  8.0423
  0.0000 -5.7088  6.0317
  0.0000 -5.7088  2.0106
 -4.9440  2.8544  6.0317
  4.9440  2.8544  6.0317
 -4.9440  2.8544  2.0106
  4.9440  2.8544  2.0106
  0.0000 -1.4272 -2.0106
 -1.2360  0.7136 -2.0106
  1.2360  0.7136 -2.0106
 -2.4720  4.2816  0.0000
 -2.4720  4.2816  8.0423
 -2.4720 -4.2816  0.0000
 -2.4720 -4.2816  8.0423
  2.4720  4.2816  0.0000
  2.4720  4.2816  8.0423
  2.4720 -4.2816  0.0000
  2.4720 -4.2816  8.0423
 -4.9440  0.0000  0.0000
 -4.9440  0.0000  8.0423
  4.9440  0.0000  0.0000
  4.9440  0.0000  8.0423
 -2.4720 -5.7088  6.0317
  2.4720 -5.7088  6.0317
 -2.4720 -5.7088  2.0106
  2.4720 -5.7088  2.0106
 -6.1800  0.7136  6.0317
  6.1800  0.7136  6.0317
 -6.1800  0.7136  2.0106
  6.1800  0.7136  2.0106
 -3.7080  4.9952  6.0317
  3.7080  4.9952  6.0317
 -3.7080  4.9952  2.0106
  3.7080  4.9952  2.0106
 -1.2360  6.4224  4.0211
  1.2360  6.4224  4.0211
  1.2360 -6.4224  4.0211
 -6.1800  2.1408  4.0211
 -4.9440  4.2816  4.0211
 -6.1800 -2.1408  4.0211
 -4.9440 -4.2816  4.0211
 -1.2360 -6.4224  4.0211
  4.9440  4.2816  4.0211
  6.1800  2.1408  4.0211
  4.9440 -4.2816  4.0211
  6.1800 -2.1408  4.0211
 -2.4720 -1.4272 -2.0106
  2.4720 -1.4272 -2.0106
  0.0000  2.8544 -2.0106
 -1.2360 -3.5680 -2.0106
  1.2360 -3.5680 -2.0106
 -3.7080  0.7136 -2.0106
  3.7080  0.7136 -2.0106
 -2.4720  2.8544 -2.0106
  2.4720  2.8544 -2.0106
 -6.1800 -3.5680  6.0317
  6.1800 -3.5680  6.0317
 -6.1800 -3.5680  2.0106
  6.1800 -3.5680  2.0106
  0.0000  7.1360  6.0317
  0.0000  7.1360  2.0106
 -3.7080  6.4224  4.0211
  3.7080  6.4224  4.0211
 -7.4160 -0.0000  4.0211
 -3.7080 -6.4224  4.0211
  3.7080 -6.4224  4.0211
  7.4160 -0.0000  4.0211
 -1.2360  6.4224  0.0000
  1.2360  6.4224  0.0000
  1.2360 -6.4224  0.0000
 -6.1800  2.1408  0.0000
 -4.9440  4.2816  0.0000
 -6.1800 -2.1408  0.0000
 -4.9440 -4.2816  0.0000
 -1.2360 -6.4224  0.0000
  4.9440  4.2816  0.0000
  6.1800  2.1408  0.0000
  4.9440 -4.2816  0.0000
  6.1800 -2.1408  0.0000
 -4.9440 -5.7088  6.0317
  4.9440 -5.7088  6.0317
 -4.9440 -5.7088  2.0106
  4.9440 -5.7088  2.0106
 -7.4160 -1.4272  6.0317
  7.4160 -1.4272  6.0317
 -7.4160 -1.4272  2.0106
  7.4160 -1.4272  2.0106
  2.4720  7.1360  6.0317
 -2.4720  7.1360  6.0317
  2.4720  7.1360  2.0106
 -2.4720  7.1360  2.0106
 -3.7080 -3.5680 -2.0106
  3.7080 -3.5680 -2.0106
 -4.9440 -1.4272 -2.0106
  4.9440 -1.4272 -2.0106
 -1.2360  4.9952 -2.0106
  1.2360  4.9952 -2.0106
  0.0000  0.0000 -4.0211
 -1.2360 -7.8497  2.0106
  1.2360 -7.8497  2.0106
 -7.4160  2.8544  2.0106
  7.4160  2.8544  2.0106
 -6.1800  4.9952  2.0106
  6.1800  4.9952  2.0106
  0.0000 -5.7088 -2.0106
 -4.9440  2.8544 -2.0106
  4.9440  2.8544 -2.0106
 -1.2360  2.1408 -4.0211
  1.2360  2.1408 -4.0211
 -2.4720 -0.0000 -4.0211
 -1.2360 -2.1408 -4.0211
  1.2360 -2.1408 -4.0211
  2.4720  0.0000 -4.0211
 -3.7080  6.4224  0.0000
  3.7080  6.4224  0.0000
 -7.4160 -0.0000  0.0000
 -3.7080 -6.4224  0.0000
  3.7080 -6.4224  0.0000
  7.4160 -0.0000  0.0000
  0.0000  8.5633  4.0211
  0.0000 -8.5633  4.0211
 -7.4160  4.2816  4.0211
 -7.4160 -4.2816  4.0211
  7.4160  4.2816  4.0211
  7.4160 -4.2816  4.0211
 -2.4720 -5.7088 -2.0106
  2.4720 -5.7088 -2.0106
 -6.1800  0.7136 -2.0106
  6.1800  0.7136 -2.0106
 -3.7080  4.9952 -2.0106
  3.7080  4.9952 -2.0106
 -3.7080 -7.8497  2.0106
  3.7080 -7.8497  2.0106
 -8.6520  0.7136  2.0106
  8.6520  0.7136  2.0106
 -4.9440  7.1360  2.0106
  4.9440  7.1360  2.0106
 -2.4720  8.5633  4.0211
  2.4720  8.5633  4.0211
 -6.1800  6.4224  4.0211
 -2.4720 -8.5633  4.0211
  6.1800  6.4224  4.0211
  6.1800 -6.4224  4.0211
 -8.6520  2.1408  4.0211
 -8.6520 -2.1408  4.0211
 -6.1800 -6.4224  4.0211
  8.6520  2.1408  4.0211
  8.6520 -2.1408  4.0211
  2.4720 -8.5633  4.0211
  0.0000  4.2816 -4.0211
  0.0000 -4.2816 -4.0211
  3.7080  2.1408 -4.0211
  3.7080 -2.1408 -4.0211
 -3.7080  2.1408 -4.0211
 -3.7080 -2.1408 -4.0211
 -6.1800 -3.5680 -2.0106
  6.1800 -3.5680 -2.0106
  0.0000  7.1360 -2.0106
 -2.4720  4.2816 -4.0211
 -2.4720 -4.2816 -4.0211
  2.4720  4.2816 -4.0211
  2.4720 -4.2816 -4.0211
 -4.9440  0.0000 -4.0211
  4.9440  0.0000 -4.0211
  0.0000  8.5633  0.0000
  0.0000 -8.5633  0.0000
 -7.4160  4.2816  0.0000
 -7.4160 -4.2816  0.0000
  7.4160  4.2816  0.0000
  7.4160 -4.2816  0.0000
 -7.4160 -5.7088  2.0106
  7.4160 -5.7088  2.0106
 -8.6520 -3.5680  2.0106
  8.6520 -3.5680  2.0106
 -1.2360  9.2769  2.0106
  1.2360  9.2769  2.0106
 -4.9440 -5.7088 -2.0106
  4.9440 -5.7088 -2.0106
 -7.4160 -1.4272 -2.0106
  7.4160 -1.4272 -2.0106
  2.4720  7.1360 -2.0106
 -2.4720  7.1360 -2.0106
 -2.4720  8.5633  0.0000
  2.4720  8.5633  0.0000
 -6.1800  6.4224  0.0000
 -2.4720 -8.5633  0.0000
  6.1800  6.4224  0.0000
  6.1800 -6.4224  0.0000
 -8.6520  2.1408  0.0000
 -8.6520 -2.1408  0.0000
 -6.1800 -6.4224  0.0000
  8.6520  2.1408  0.0000
  8.6520 -2.1408  0.0000
  2.4720 -8.5633  0.0000
 -1.2360 -7.8497 -2.0106
  1.2360 -7.8497 -2.0106
 -7.4160  2.8544 -2.0106
  7.4160  2.8544 -2.0106
 -6.1800  4.9952 -2.0106
  6.1800  4.9952 -2.0106
  0.0000 -1.4272 -6.0317
 -1.2360  0.7136 -6.0317
  1.2360  0.7136 -6.0317
 -1.2360  6.4224 -4.0211
  1.2360  6.4224 -4.0211
  1.2360 -6.4224 -4.0211
 -6.1800  2.1408 -4.0211
 -4.9440  4.2816 -4.0211
 -6.1800 -2.1408 -4.0211
 -4.9440 -4.2816 -4.0211
 -1.2360 -6.4224 -4.0211
  4.9440  4.2816 -4.0211
  6.1800  2.1408 -4.0211
  4.9440 -4.2816 -4.0211
  6.1800 -2.1408 -4.0211
  2.4720 -1.4272 -6.0317
 -2.4720 -1.4272 -6.0317
  0.0000  2.8544 -6.0317
 -3.7080 -7.8497 -2.0106
  3.7080 -7.8497 -2.0106
 -8.6520  0.7136 -2.0106
  8.6520  0.7136 -2.0106
 -4.9440  7.1360 -2.0106
  4.9440  7.1360 -2.0106
 -9.8880  0.0000  0.0000
 -4.9440  8.5633  0.0000
 -4.9440 -8.5633  0.0000
  4.9440  8.5633  0.0000
  4.9440 -8.5633  0.0000
  9.8880  0.0000  0.0000
 -1.2360 -3.5680 -6.0317
  1.2360 -3.5680 -6.0317
 -3.7080  0.7136 -6.0317
  3.7080  0.7136 -6.0317
 -2.4720  2.8544 -6.0317
  2.4720  2.8544 -6.0317
 -3.7080  6.4224 -4.0211
  3.7080  6.4224 -4.0211
 -7.4160 -0.0000 -4.0211
 -3.7080 -6.4224 -4.0211
  3.7080 -6.4224 -4.0211
  7.4160 -0.0000 -4.0211
 -7.4160 -5.7088 -2.0106
  7.4160 -5.7088 -2.0106
 -8.6520 -3.5680 -2.0106
  8.6520 -3.5680 -2.0106
 -1.2360  9.2769 -2.0106
  1.2360  9.2769 -2.0106
 -3.7080 -3.5680 -6.0317
  3.7080 -3.5680 -6.0317
 -4.9440 -1.4272 -6.0317
  4.9440 -1.4272 -6.0317
 -1.2360  4.9952 -6.0317
  1.2360  4.9952 -6.0317
  0.0000 -5.7088 -6.0317
 -4.9440  2.8544 -6.0317
  4.9440  2.8544 -6.0317
  0.0000  8.5633 -4.0211
  0.0000 -8.5633 -4.0211
 -7.4160  4.2816 -4.0211
 -7.4160 -4.2816 -4.0211
  7.4160  4.2816 -4.0211
  7.4160 -4.2816 -4.0211
 -2.4720 -5.7088 -6.0317
  2.4720 -5.7088 -6.0317
 -6.1800  0.7136 -6.0317
  6.1800  0.7136 -6.0317
 -3.7080  4.9952 -6.0317
  3.7080  4.9952 -6.0317
 -2.4720  8.5633 -4.0211
  2.4720  8.5633 -4.0211
 -6.1800  6.4224 -4.0211
 -2.4720 -8.5633 -4.0211
  6.1800  6.4224 -4.0211
  6.1800 -6.4224 -4.0211
 -8.6520  2.1408 -4.0211
 -8.6520 -2.1408 -4.0211
 -6.1800 -6.4224 -4.0211
  2.4720 -8.5633 -4.0211
  8.6520  2.1408 -4.0211
  8.6520 -2.1408 -4.0211
  0.0000  0.0000 -8.0423
 -2.4720 -0.0000 -8.0423
 -1.2360  2.1408 -8.0423
 -1.2360 -2.1408 -8.0423
  1.2360  2.1408 -8.0423
  1.2360 -2.1408 -8.0423
  2.4720  0.0000 -8.0423
 -6.1800 -3.5680 -6.0317
  6.1800 -3.5680 -6.0317
  0.0000  7.1360 -6.0317
 -4.9440 -5.7088 -6.0317
  4.9440 -5.7088 -6.0317
 -7.4160 -1.4272 -6.0317
  7.4160 -1.4272 -6.0317
  2.4720  7.1360 -6.0317
 -2.4720  7.1360 -6.0317
 -3.7080  2.1408 -8.0423
 -3.7080 -2.1408 -8.0423
  0.0000  4.2816 -8.0423
  0.0000 -4.2816 -8.0423
  3.7080  2.1408 -8.0423
  3.7080 -2.1408 -8.0423
 -4.9440  0.0000 -8.0423
 -2.4720  4.2816 -8.0423
 -2.4720 -4.2816 -8.0423
  2.4720  4.2816 -8.0423
  2.4720 -4.2816 -8.0423
  4.9440  0.0000 -8.0423
 LMAX= 2   Q=  0.697000  0.106060  0.021428
 NDEF=         0
 Sbar atom no:    2 Ntot:    2
  389
  0.0000  0.0000  0.0000
  1.2360  3.5680 -2.0106
  1.2360  2.1408  0.0000
  0.0000  4.2816  0.0000
  2.4720  4.2816  0.0000
  1.2360  2.1408 -4.0211
  0.0000  4.2816 -4.0211
  2.4720  4.2816 -4.0211
  0.0000  5.7088 -2.0106
  2.4720  5.7088 -2.0106
  0.0000  1.4272 -2.0106
  2.4720  1.4272 -2.0106
 -1.2360  3.5680 -2.0106
  3.7080  3.5680 -2.0106
  3.7080  2.1408  0.0000
 -1.2360  2.1408  0.0000
  3.7080  2.1408 -4.0211
 -1.2360  2.1408 -4.0211
  1.2360  6.4224  0.0000
  1.2360  6.4224 -4.0211
  1.2360  3.5680 -6.0317
  1.2360  3.5680  2.0106
  2.4720  0.0000  0.0000
  0.0000  0.0000 -4.0211
  2.4720  0.0000 -4.0211
 -2.4720  4.2816  0.0000
  4.9440  4.2816  0.0000
 -1.2360  6.4224  0.0000
  3.7080  6.4224  0.0000
 -2.4720  4.2816 -4.0211
  4.9440  4.2816 -4.0211
 -1.2360  6.4224 -4.0211
  3.7080  6.4224 -4.0211
  1.2360  7.8497 -2.0106
  1.2360 -0.7136 -2.0106
  4.9440  5.7088 -2.0106
  4.9440  1.4272 -2.0106
 -2.4720  5.7088 -2.0106
 -2.4720  1.4272 -2.0106
  0.0000  5.7088 -6.0317
  0.0000  5.7088  2.0106
  0.0000  1.4272 -6.0317
  0.0000  1.4272  2.0106
  2.4720  5.7088 -6.0317
  2.4720  5.7088  2.0106
  2.4720  1.4272 -6.0317
  2.4720  1.4272  2.0106
 -1.2360  3.5680 -6.0317
 -1.2360  3.5680  2.0106
  3.7080  3.5680 -6.0317
  3.7080  3.5680  2.0106
 -1.2360  7.8497 -2.0106
 -1.2360 -0.7136 -2.0106
  3.7080  7.8497 -2.0106
  3.7080 -0.7136 -2.0106
 -3.7080  3.5680 -2.0106
  6.1800  3.5680 -2.0106
 -2.4720  0.0000  0.0000
  4.9440 -0.0000  0.0000
 -3.7080  2.1408  0.0000
  6.1800  2.1408  0.0000
 -2.4720  0.0000 -4.0211
  4.9440 -0.0000 -4.0211
 -3.7080  2.1408 -4.0211
  6.1800  2.1408 -4.0211
  0.0000  8.5633  0.0000
  2.4720  8.5633  0.0000
  0.0000  8.5633 -4.0211
  2.4720  8.5633 -4.0211
  1.2360  7.8497  2.0106
  1.2360 -0.7136 -6.0317
  1.2360 -0.7136  2.0106
  4.9440  5.7088 -6.0317
  4.9440  5.7088  2.0106
  4.9440  1.4272 -6.0317
  4.9440  1.4272  2.0106
 -2.4720  5.7088 -6.0317
 -2.4720  5.7088  2.0106
 -2.4720  1.4272 -6.0317
 -2.4720  1.4272  2.0106
  1.2360 -2.1408  0.0000
  1.2360 -2.1408 -4.0211
 -3.7080  6.4224  0.0000
  6.1800  6.4224  0.0000
 -3.7080  6.4224 -4.0211
  6.1800  6.4224 -4.0211
  1.2360  2.1408  4.0211
  0.0000  4.2816  4.0211
  2.4720  4.2816  4.0211
  1.2360  2.1408 -8.0423
  0.0000  4.2816 -8.0423
  2.4720  4.2816 -8.0423
 -1.2360  7.8497  2.0106
 -1.2360 -0.7136 -6.0317
 -1.2360 -0.7136  2.0106
  3.7080  7.8497  2.0106
  3.7080 -0.7136 -6.0317
  3.7080 -0.7136  2.0106
 -3.7080  3.5680 -6.0317
 -3.7080  3.5680  2.0106
  6.1800  3.5680 -6.0317
  6.1800  3.5680  2.0106
 -1.2360 -2.1408  0.0000
  3.7080 -2.1408  0.0000
 -1.2360 -2.1408 -4.0211
  3.7080 -2.1408 -4.0211
 -4.9440  4.2816  0.0000
  7.4160  4.2816  0.0000
 -4.9440  4.2816 -4.0211
  7.4160  4.2816 -4.0211
 -2.4720  8.5633  0.0000
  4.9440  8.5633  0.0000
 -2.4720  8.5633 -4.0211
  2.4720 -2.8544 -2.0106
 -4.9440  5.7088 -2.0106
 -3.7080  7.8497 -2.0106
 -4.9440  1.4272 -2.0106
 -3.7080 -0.7136 -2.0106
  0.0000 -2.8544 -2.0106
  7.4160  5.7088 -2.0106
  6.1800 -0.7136 -2.0106
  7.4160  1.4272 -2.0106
  3.7080  2.1408  4.0211
 -1.2360  2.1408  4.0211
  1.2360  6.4224  4.0211
 -1.2360  2.1408 -8.0423
  3.7080  2.1408 -8.0423
  0.0000  0.0000  4.0211
  2.4720  0.0000  4.0211
 -2.4720  4.2816  4.0211
  4.9440  4.2816  4.0211
 -1.2360  6.4224  4.0211
  3.7080  6.4224  4.0211
  0.0000  0.0000 -8.0423
  2.4720  0.0000 -8.0423
 -2.4720  4.2816 -8.0423
 -4.9440 -0.0000  0.0000
  7.4160  0.0000  0.0000
 -4.9440 -0.0000 -4.0211
  7.4160  0.0000 -4.0211
 -6.1800  3.5680 -2.0106
 -2.4720 -2.8544 -2.0106
  4.9440 -2.8544 -2.0106
  8.6520  3.5680 -2.0106
  2.4720 -2.8544 -6.0317
  2.4720 -2.8544  2.0106
 -4.9440  5.7088 -6.0317
 -4.9440  5.7088  2.0106
 -3.7080  7.8497  2.0106
 -4.9440  1.4272 -6.0317
 -4.9440  1.4272  2.0106
 -3.7080 -0.7136 -6.0317
 -3.7080 -0.7136  2.0106
  0.0000 -2.8544 -6.0317
  0.0000 -2.8544  2.0106
  7.4160  5.7088  2.0106
  6.1800 -0.7136 -6.0317
  6.1800 -0.7136  2.0106
  7.4160  1.4272 -6.0317
  7.4160  1.4272  2.0106
 -3.7080 -2.1408  0.0000
  6.1800 -2.1408  0.0000
 -3.7080 -2.1408 -4.0211
  6.1800 -2.1408 -4.0211
 -6.1800  2.1408  0.0000
  8.6520  2.1408  0.0000
 -6.1800  2.1408 -4.0211
  8.6520  2.1408 -4.0211
 -2.4720  0.0000  4.0211
  4.9440 -0.0000  4.0211
 -3.7080  2.1408  4.0211
  6.1800  2.1408  4.0211
 -2.4720  0.0000 -8.0423
  4.9440 -0.0000 -8.0423
  0.0000  8.5633  4.0211
  2.4720  8.5633  4.0211
 -3.7080  2.1408 -8.0423
  1.2360  3.5680  6.0317
  0.0000 -4.2816  0.0000
  2.4720 -4.2816  0.0000
  0.0000 -4.2816 -4.0211
  2.4720 -4.2816 -4.0211
 -6.1800  6.4224  0.0000
 -4.9440  8.5633  0.0000
 -6.1800  6.4224 -4.0211
  1.2360 -2.1408  4.0211
  1.2360 -2.1408 -8.0423
 -3.7080  6.4224  4.0211
  6.1800  6.4224  4.0211
  0.0000  5.7088  6.0317
  2.4720  5.7088  6.0317
 -1.2360  3.5680  6.0317
  0.0000  1.4272  6.0317
  2.4720  1.4272  6.0317
  3.7080  3.5680  6.0317
 -6.1800  3.5680 -6.0317
 -6.1800  3.5680  2.0106
 -2.4720 -2.8544 -6.0317
 -2.4720 -2.8544  2.0106
  4.9440 -2.8544 -6.0317
  4.9440 -2.8544  2.0106
  8.6520  3.5680  2.0106
  1.2360 -4.9952 -2.0106
 -6.1800 -0.7136 -2.0106
  8.6520 -0.7136 -2.0106
 -1.2360 -2.1408  4.0211
  3.7080 -2.1408  4.0211
 -4.9440  4.2816  4.0211
  7.4160  4.2816  4.0211
 -1.2360 -2.1408 -8.0423
  3.7080 -2.1408 -8.0423
 -2.4720  8.5633  4.0211
 -2.4720 -4.2816  0.0000
  4.9440 -4.2816  0.0000
 -2.4720 -4.2816 -4.0211
  4.9440 -4.2816 -4.0211
 -7.4160  4.2816  0.0000
 -7.4160  4.2816 -4.0211
 -1.2360 -4.9952 -2.0106
  7.4160 -2.8544 -2.0106
 -7.4160  5.7088 -2.0106
 -7.4160  1.4272 -2.0106
 -4.9440 -2.8544 -2.0106
  3.7080 -4.9952 -2.0106
  1.2360 -0.7136  6.0317
  4.9440  5.7088  6.0317
  4.9440  1.4272  6.0317
 -2.4720  5.7088  6.0317
 -2.4720  1.4272  6.0317
 -4.9440 -0.0000  4.0211
  7.4160  0.0000  4.0211
 -4.9440 -0.0000 -8.0423
 -1.2360 -0.7136  6.0317
  3.7080 -0.7136  6.0317
 -3.7080  3.5680  6.0317
  6.1800  3.5680  6.0317
  1.2360 -4.9952 -6.0317
  1.2360 -4.9952  2.0106
 -6.1800 -0.7136 -6.0317
 -6.1800 -0.7136  2.0106
  8.6520 -0.7136  2.0106
 -6.1800 -2.1408  0.0000
  8.6520 -2.1408  0.0000
 -7.4160  0.0000  0.0000
  9.8880 -0.0000  0.0000
 -6.1800 -2.1408 -4.0211
  8.6520 -2.1408 -4.0211
 -7.4160  0.0000 -4.0211
 -3.7080 -2.1408  4.0211
  6.1800 -2.1408  4.0211
 -6.1800  2.1408  4.0211
  8.6520  2.1408  4.0211
 -3.7080 -2.1408 -8.0423
 -1.2360 -4.9952 -6.0317
 -1.2360 -4.9952  2.0106
  7.4160 -2.8544  2.0106
 -7.4160  5.7088  2.0106
 -7.4160  1.4272 -6.0317
 -7.4160  1.4272  2.0106
 -4.9440 -2.8544 -6.0317
 -4.9440 -2.8544  2.0106
  3.7080 -4.9952 -6.0317
  3.7080 -4.9952  2.0106
 -3.7080 -4.9952 -2.0106
  6.1800 -4.9952 -2.0106
 -8.6520  3.5680 -2.0106
  0.0000 -4.2816  4.0211
  2.4720 -4.2816  4.0211
  0.0000 -4.2816 -8.0423
  2.4720 -4.2816 -8.0423
 -6.1800  6.4224  4.0211
  1.2360  2.1408  8.0423
  0.0000  4.2816  8.0423
  2.4720  4.2816  8.0423
  1.2360 -6.4224  0.0000
 -4.9440 -4.2816  0.0000
  7.4160 -4.2816  0.0000
  1.2360 -6.4224 -4.0211
 -4.9440 -4.2816 -4.0211
  7.4160 -4.2816 -4.0211
 -8.6520  2.1408  0.0000
 -8.6520  2.1408 -4.0211
  2.4720 -2.8544  6.0317
 -4.9440  5.7088  6.0317
 -4.9440  1.4272  6.0317
 -3.7080 -0.7136  6.0317
  0.0000 -2.8544  6.0317
  6.1800 -0.7136  6.0317
  7.4160  1.4272  6.0317
 -1.2360  2.1408  8.0423
  3.7080  2.1408  8.0423
 -1.2360 -6.4224  0.0000
  3.7080 -6.4224  0.0000
 -1.2360 -6.4224 -4.0211
  3.7080 -6.4224 -4.0211
 -2.4720 -4.2816  4.0211
  4.9440 -4.2816  4.0211
 -2.4720 -4.2816 -8.0423
 -7.4160  4.2816  4.0211
 -8.6520  3.5680  2.0106
 -3.7080 -4.9952 -6.0317
 -3.7080 -4.9952  2.0106
  6.1800 -4.9952  2.0106
  0.0000  0.0000  8.0423
  2.4720  0.0000  8.0423
 -2.4720  4.2816  8.0423
 -7.4160 -2.8544 -2.0106
  0.0000 -7.1360 -2.0106
  2.4720 -7.1360 -2.0106
 -8.6520 -0.7136 -2.0106
 -6.1800  3.5680  6.0317
 -2.4720 -2.8544  6.0317
  4.9440 -2.8544  6.0317
 -6.1800 -2.1408  4.0211
  8.6520 -2.1408  4.0211
 -7.4160  0.0000  4.0211
 -2.4720  0.0000  8.0423
  4.9440 -0.0000  8.0423
 -3.7080  2.1408  8.0423
 -3.7080 -6.4224  0.0000
  6.1800 -6.4224  0.0000
 -3.7080 -6.4224 -4.0211
  6.1800 -6.4224 -4.0211
 -2.4720 -7.1360 -2.0106
  4.9440 -7.1360 -2.0106
 -6.1800 -4.9952 -2.0106
 -7.4160 -2.8544  2.0106
  0.0000 -7.1360 -6.0317
  0.0000 -7.1360  2.0106
  2.4720 -7.1360 -6.0317
  2.4720 -7.1360  2.0106
 -8.6520 -0.7136  2.0106
  1.2360 -2.1408  8.0423
 -8.6520 -2.1408  0.0000
 -8.6520 -2.1408 -4.0211
  1.2360 -6.4224  4.0211
 -4.9440 -4.2816  4.0211
  7.4160 -4.2816  4.0211
 -8.6520  2.1408  4.0211
  1.2360 -4.9952  6.0317
 -6.1800 -0.7136  6.0317
 -1.2360 -2.1408  8.0423
  3.7080 -2.1408  8.0423
 -7.4160 -4.2816  0.0000
 -7.4160 -4.2816 -4.0211
 -9.8880 -0.0000  0.0000
 -1.2360 -6.4224  4.0211
  3.7080 -6.4224  4.0211
 -1.2360 -4.9952  6.0317
 -7.4160  1.4272  6.0317
 -4.9440 -2.8544  6.0317
  3.7080 -4.9952  6.0317
 -2.4720 -7.1360 -6.0317
 -2.4720 -7.1360  2.0106
  4.9440 -7.1360  2.0106
 -6.1800 -4.9952  2.0106
 -4.9440 -0.0000  8.0423
  2.4720 -8.5633  0.0000
  0.0000 -8.5633  0.0000
  2.4720 -8.5633 -4.0211
  0.0000 -8.5633 -4.0211
 -4.9440 -7.1360 -2.0106
 -3.7080 -2.1408  8.0423
 -6.1800 -6.4224  0.0000
 -6.1800 -6.4224 -4.0211
 -3.7080 -6.4224  4.0211
  6.1800 -6.4224  4.0211
 -3.7080 -4.9952  6.0317
  0.0000 -4.2816  8.0423
  2.4720 -4.2816  8.0423
 -2.4720 -8.5633  0.0000
  4.9440 -8.5633  0.0000
 -2.4720 -8.5633 -4.0211
  1.2360 -9.2769 -2.0106
 -8.6520 -2.1408  4.0211
 -4.9440 -7.1360  2.0106
 -1.2360 -9.2769 -2.0106
 -7.4160 -4.2816  4.0211
 -2.4720 -4.2816  8.0423
  0.0000 -7.1360  6.0317
  2.4720 -7.1360  6.0317
  1.2360 -9.2769  2.0106
  2.4720 -8.5633  4.0211
  0.0000 -8.5633  4.0211
 -1.2360 -9.2769  2.0106
 -4.9440 -8.5633  0.0000
 -6.1800 -6.4224  4.0211
 -2.4720 -7.1360  6.0317
 -2.4720 -8.5633  4.0211
 LMAX= 2   Q=  0.697000  0.106060  0.021428
 NDEF=         0
