===========================================================================
|                       Total Energy                                      |
===========================================================================
Total energy of system:     -2542.3358826289
===========================================================================
|                       Band Energy                                       |
===========================================================================
Band energy of system:    -2.7758227707
===========================================================================
|                     Magnetization                                       |
===========================================================================
Total magnetization:     2.3898549592
Spin moment of atom   1:  2.389855
Spin moment projections of atom   1:  0.000000  0.000000  2.389855
Magnetic force on atom   1:       -0.000000       -0.000000   -60900.542060
===========================================================================
|                       Charge Transfer                                   |
===========================================================================
Charge at atom   1:  8.000000
Charge transfer at atom   1:  0.000000
===========================================================================
|                       Fermi Energy                                      |
===========================================================================
Fermi energy:  -0.163285
