===========================================================================
|                       Total Energy                                      |
===========================================================================
Total energy of system:     -2542.3366996187
===========================================================================
|                       Band Energy                                       |
===========================================================================
Band energy of system:    -2.7797698100
===========================================================================
|                     Magnetization                                       |
===========================================================================
Total magnetization:     2.3846391366
Spin moment of atom   1:  2.384639
Spin moment projections of atom   1:  0.000000 -0.000000  2.384639
Magnetic force on atom   1:       -0.000000        0.000000   -60621.055143
===========================================================================
|                       Charge Transfer                                   |
===========================================================================
Charge at atom   1:  8.000000
Charge transfer at atom   1:  0.000000
===========================================================================
|                       Fermi Energy                                      |
===========================================================================
Fermi energy:  -0.163560
