 irec           1           1
 irec type           1
 ndi=        5984
 5984
 LATTICE COORDINATES
    1  0.0000  0.0000  0.0000
 ndi=        5984
 remd
 outmap           0           1
 NEAREST NEIGHBOUR MAP
      ATOM   TYPE  CONNECTIVITY     NEIGHBOURS
    1   1  15   2634 2635 2654 2655 2973 2974 2993 2994 3013 3014 3332 3333 3352 3353
 5984   15
 Sbar atom no:    1 Ntot:    1
  259
  0.0000  0.0000  0.0000
 -2.8612 -5.7224 -5.7224
 -1.4306 -4.2918 -7.1530
 -1.4306 -7.1530 -4.2918
  0.0000 -5.7224 -5.7224
  1.4306 -4.2918 -7.1530
  1.4306 -7.1530 -4.2918
  2.8612 -5.7224 -5.7224
 -5.7224 -2.8612 -5.7224
 -4.2918 -1.4306 -7.1530
 -5.7224 -5.7224 -2.8612
 -4.2918 -4.2918 -4.2918
 -2.8612 -2.8612 -5.7224
 -1.4306 -1.4306 -7.1530
  0.0000  0.0000 -8.5836
 -4.2918 -7.1530 -1.4306
 -2.8612 -5.7224 -2.8612
 -1.4306 -4.2918 -4.2918
  0.0000 -2.8612 -5.7224
  1.4306 -1.4306 -7.1530
 -1.4306 -7.1530 -1.4306
  0.0000 -5.7224 -2.8612
  1.4306 -4.2918 -4.2918
  2.8612 -2.8612 -5.7224
  4.2918 -1.4306 -7.1530
  0.0000 -8.5836  0.0000
  1.4306 -7.1530 -1.4306
  2.8612 -5.7224 -2.8612
  4.2918 -4.2918 -4.2918
  5.7224 -2.8612 -5.7224
  4.2918 -7.1530 -1.4306
  5.7224 -5.7224 -2.8612
 -7.1530 -1.4306 -4.2918
 -5.7224  0.0000 -5.7224
 -4.2918  1.4306 -7.1530
 -7.1530 -4.2918 -1.4306
 -5.7224 -2.8612 -2.8612
 -4.2918 -1.4306 -4.2918
 -2.8612  0.0000 -5.7224
 -1.4306  1.4306 -7.1530
 -5.7224 -5.7224  0.0000
 -4.2918 -4.2918 -1.4306
 -2.8612 -2.8612 -2.8612
 -1.4306 -1.4306 -4.2918
  0.0000  0.0000 -5.7224
  1.4306  1.4306 -7.1530
 -4.2918 -7.1530  1.4306
 -2.8612 -5.7224  0.0000
 -1.4306 -4.2918 -1.4306
  0.0000 -2.8612 -2.8612
  1.4306 -1.4306 -4.2918
  2.8612  0.0000 -5.7224
  4.2918  1.4306 -7.1530
 -1.4306 -7.1530  1.4306
  0.0000 -5.7224  0.0000
  1.4306 -4.2918 -1.4306
  2.8612 -2.8612 -2.8612
  4.2918 -1.4306 -4.2918
  5.7224  0.0000 -5.7224
  1.4306 -7.1530  1.4306
  2.8612 -5.7224  0.0000
  4.2918 -4.2918 -1.4306
  5.7224 -2.8612 -2.8612
  7.1530 -1.4306 -4.2918
  4.2918 -7.1530  1.4306
  5.7224 -5.7224  0.0000
  7.1530 -4.2918 -1.4306
 -7.1530  1.4306 -4.2918
 -5.7224  2.8612 -5.7224
 -7.1530 -1.4306 -1.4306
 -5.7224  0.0000 -2.8612
 -4.2918  1.4306 -4.2918
 -2.8612  2.8612 -5.7224
 -1.4306  4.2918 -7.1530
 -7.1530 -4.2918  1.4306
 -5.7224 -2.8612  0.0000
 -4.2918 -1.4306 -1.4306
 -2.8612  0.0000 -2.8612
 -1.4306  1.4306 -4.2918
  0.0000  2.8612 -5.7224
  1.4306  4.2918 -7.1530
 -5.7224 -5.7224  2.8612
 -4.2918 -4.2918  1.4306
 -2.8612 -2.8612  0.0000
 -1.4306 -1.4306 -1.4306
  0.0000  0.0000 -2.8612
  1.4306  1.4306 -4.2918
  2.8612  2.8612 -5.7224
 -2.8612 -5.7224  2.8612
 -1.4306 -4.2918  1.4306
  0.0000 -2.8612  0.0000
  1.4306 -1.4306 -1.4306
  2.8612  0.0000 -2.8612
  4.2918  1.4306 -4.2918
  5.7224  2.8612 -5.7224
 -1.4306 -7.1530  4.2918
  0.0000 -5.7224  2.8612
  1.4306 -4.2918  1.4306
  2.8612 -2.8612  0.0000
  4.2918 -1.4306 -1.4306
  5.7224  0.0000 -2.8612
  7.1530  1.4306 -4.2918
  1.4306 -7.1530  4.2918
  2.8612 -5.7224  2.8612
  4.2918 -4.2918  1.4306
  5.7224 -2.8612  0.0000
  7.1530 -1.4306 -1.4306
  5.7224 -5.7224  2.8612
  7.1530 -4.2918  1.4306
 -8.5836  0.0000  0.0000
 -7.1530  1.4306 -1.4306
 -5.7224  2.8612 -2.8612
 -4.2918  4.2918 -4.2918
 -2.8612  5.7224 -5.7224
 -7.1530 -1.4306  1.4306
 -5.7224  0.0000  0.0000
 -4.2918  1.4306 -1.4306
 -2.8612  2.8612 -2.8612
 -1.4306  4.2918 -4.2918
  0.0000  5.7224 -5.7224
 -5.7224 -2.8612  2.8612
 -4.2918 -1.4306  1.4306
 -2.8612  0.0000  0.0000
 -1.4306  1.4306 -1.4306
  0.0000  2.8612 -2.8612
  1.4306  4.2918 -4.2918
  2.8612  5.7224 -5.7224
 -4.2918 -4.2918  4.2918
 -2.8612 -2.8612  2.8612
 -1.4306 -1.4306  1.4306
  1.4306  1.4306 -1.4306
  2.8612  2.8612 -2.8612
  4.2918  4.2918 -4.2918
 -2.8612 -5.7224  5.7224
 -1.4306 -4.2918  4.2918
  0.0000 -2.8612  2.8612
  1.4306 -1.4306  1.4306
  2.8612  0.0000  0.0000
  4.2918  1.4306 -1.4306
  5.7224  2.8612 -2.8612
  0.0000 -5.7224  5.7224
  1.4306 -4.2918  4.2918
  2.8612 -2.8612  2.8612
  4.2918 -1.4306  1.4306
  5.7224  0.0000  0.0000
  7.1530  1.4306 -1.4306
  2.8612 -5.7224  5.7224
  4.2918 -4.2918  4.2918
  5.7224 -2.8612  2.8612
  7.1530 -1.4306  1.4306
  8.5836  0.0000  0.0000
 -7.1530  4.2918 -1.4306
 -5.7224  5.7224 -2.8612
 -7.1530  1.4306  1.4306
 -5.7224  2.8612  0.0000
 -4.2918  4.2918 -1.4306
 -2.8612  5.7224 -2.8612
 -1.4306  7.1530 -4.2918
 -7.1530 -1.4306  4.2918
 -5.7224  0.0000  2.8612
 -4.2918  1.4306  1.4306
 -2.8612  2.8612  0.0000
 -1.4306  4.2918 -1.4306
  0.0000  5.7224 -2.8612
  1.4306  7.1530 -4.2918
 -5.7224 -2.8612  5.7224
 -4.2918 -1.4306  4.2918
 -2.8612  0.0000  2.8612
 -1.4306  1.4306  1.4306
  0.0000  2.8612  0.0000
  1.4306  4.2918 -1.4306
  2.8612  5.7224 -2.8612
 -2.8612 -2.8612  5.7224
 -1.4306 -1.4306  4.2918
  0.0000  0.0000  2.8612
  1.4306  1.4306  1.4306
  2.8612  2.8612  0.0000
  4.2918  4.2918 -1.4306
  5.7224  5.7224 -2.8612
 -1.4306 -4.2918  7.1530
  0.0000 -2.8612  5.7224
  1.4306 -1.4306  4.2918
  2.8612  0.0000  2.8612
  4.2918  1.4306  1.4306
  5.7224  2.8612  0.0000
  7.1530  4.2918 -1.4306
  1.4306 -4.2918  7.1530
  2.8612 -2.8612  5.7224
  4.2918 -1.4306  4.2918
  5.7224  0.0000  2.8612
  7.1530  1.4306  1.4306
  5.7224 -2.8612  5.7224
  7.1530 -1.4306  4.2918
 -7.1530  4.2918  1.4306
 -5.7224  5.7224  0.0000
 -4.2918  7.1530 -1.4306
 -7.1530  1.4306  4.2918
 -5.7224  2.8612  2.8612
 -4.2918  4.2918  1.4306
 -2.8612  5.7224  0.0000
 -1.4306  7.1530 -1.4306
 -5.7224  0.0000  5.7224
 -4.2918  1.4306  4.2918
 -2.8612  2.8612  2.8612
 -1.4306  4.2918  1.4306
  0.0000  5.7224  0.0000
  1.4306  7.1530 -1.4306
 -4.2918 -1.4306  7.1530
 -2.8612  0.0000  5.7224
 -1.4306  1.4306  4.2918
  0.0000  2.8612  2.8612
  1.4306  4.2918  1.4306
  2.8612  5.7224  0.0000
  4.2918  7.1530 -1.4306
 -1.4306 -1.4306  7.1530
  0.0000  0.0000  5.7224
  1.4306  1.4306  4.2918
  2.8612  2.8612  2.8612
  4.2918  4.2918  1.4306
  5.7224  5.7224  0.0000
  1.4306 -1.4306  7.1530
  2.8612  0.0000  5.7224
  4.2918  1.4306  4.2918
  5.7224  2.8612  2.8612
  7.1530  4.2918  1.4306
  4.2918 -1.4306  7.1530
  5.7224  0.0000  5.7224
  7.1530  1.4306  4.2918
 -5.7224  5.7224  2.8612
 -4.2918  7.1530  1.4306
 -5.7224  2.8612  5.7224
 -4.2918  4.2918  4.2918
 -2.8612  5.7224  2.8612
 -1.4306  7.1530  1.4306
  0.0000  8.5836  0.0000
 -4.2918  1.4306  7.1530
 -2.8612  2.8612  5.7224
 -1.4306  4.2918  4.2918
  0.0000  5.7224  2.8612
  1.4306  7.1530  1.4306
 -1.4306  1.4306  7.1530
  0.0000  2.8612  5.7224
  1.4306  4.2918  4.2918
  2.8612  5.7224  2.8612
  4.2918  7.1530  1.4306
  0.0000  0.0000  8.5836
  1.4306  1.4306  7.1530
  2.8612  2.8612  5.7224
  4.2918  4.2918  4.2918
  5.7224  5.7224  2.8612
  4.2918  1.4306  7.1530
  5.7224  2.8612  5.7224
 -2.8612  5.7224  5.7224
 -1.4306  7.1530  4.2918
 -1.4306  4.2918  7.1530
  0.0000  5.7224  5.7224
  1.4306  7.1530  4.2918
  1.4306  4.2918  7.1530
  2.8612  5.7224  5.7224
 LMAX= 2   Q=  0.697000  0.106060  0.021428
 NDEF=         0
