===========================================================================
|                       Total Energy                                      |
===========================================================================
Total energy of system:     -5084.6629478499
===========================================================================
|                       Band Energy                                       |
===========================================================================
Band energy of system:    -2.8080302781
===========================================================================
|                     Magnetization                                       |
===========================================================================
Total magnetization:     2.0676125130
Spin moment of atom   1:  2.067613
Spin moment projections of atom   1:  0.000000  0.000000  2.067613
Magnetic force on atom   1:       -0.000000       -0.000000   -45669.100354
===========================================================================
|                       Charge Transfer                                   |
===========================================================================
Charge at atom   1:  7.999786
Charge transfer at atom   1: -0.000214
===========================================================================
|                       Fermi Energy                                      |
===========================================================================
Fermi energy:  -0.163559
