 irec           1           1
 irec type           2
 ndi=        8392
 8392
 LATTICE COORDINATES
    1  0.0000  0.0000  0.0000    2 -1.4306 -1.4306 -1.4306
    3  1.4306 -1.4306 -1.4306    4 -1.4306  1.4306 -1.4306
    5 -1.4306 -1.4306  1.4306    6  1.4306  1.4306 -1.4306
    7  1.4306 -1.4306  1.4306    8 -1.4306  1.4306  1.4306
    9  1.4306  1.4306  1.4306   10  0.0000  0.0000 -2.8612
   11  0.0000 -2.8612  0.0000   12 -2.8612  0.0000  0.0000
   13  2.8612  0.0000  0.0000   14  0.0000  2.8612  0.0000
   15  0.0000  0.0000  2.8612
 ndi=        8392
 remd
 outmap          15           1
 NEAREST NEIGHBOUR MAP
      ATOM   TYPE  CONNECTIVITY     NEIGHBOURS
    1   2  15      8    9   14   15    4    5    6    7   12   13    2    3   10   11
    2   1  15     12    1    4    5   17   18   10   11   32    3   52   16   28   29
    3   1  15      1   13    6    7   10   11   19   20    2   37   16   53   30   31
    4   1  15     23   14   43    8   54   12   21    1   38    6   17   10   33    2
    5   1  15     24   15    8   45   12   55    1   22   39    7   18   11    2   35
    6   1  15     14   25   44    9   21    1   56   13    4   40   10   19   34    3
    7   1  15     15   26    9   46    1   22   13   57    5   41   11   20    3   36
    8   1  15     58   27   48   49   23   24   14   15   42    9   12    1    4    5
    9   1  15     27   59   50   51   14   15   25   26    8   47    1   13    6    7
   10   1  15      4    6   21    1   33    2   34    3   17   19   28   30   60   16
   11   1  15      5    7    1   22    2   35    3   36   18   20   29   31   16   61
   12   1  15     42    8   23   24   38   39    4    5   62    1   32    2   17   18
   13   1  15      9   47   25   26    6    7   40   41    1   63    3   37   19   20
   14   1  15     48   50   64   27   43    8   44    9   23   25    4    6   21    1
   15   1  15     49   51   27   65    8   45    9   46   24   26    5    7    1   22
 8392   15
 Sbar atom no:    1 Ntot:    1
  259
  0.0000  0.0000  0.0000
  0.0000  2.8612  2.8612
 -1.4306  1.4306  1.4306
  1.4306  1.4306  1.4306
 -1.4306  4.2918  1.4306
 -1.4306  1.4306  4.2918
  1.4306  4.2918  1.4306
  1.4306  1.4306  4.2918
 -1.4306  4.2918  4.2918
  1.4306  4.2918  4.2918
  0.0000  2.8612  0.0000
  0.0000  0.0000  2.8612
 -2.8612  2.8612  2.8612
  2.8612  2.8612  2.8612
  0.0000  5.7224  2.8612
  0.0000  2.8612  5.7224
 -2.8612  2.8612  0.0000
 -2.8612  0.0000  2.8612
  2.8612  2.8612  0.0000
  2.8612  0.0000  2.8612
  0.0000  5.7224  0.0000
  0.0000  0.0000  5.7224
 -2.8612  5.7224  2.8612
 -2.8612  2.8612  5.7224
  2.8612  5.7224  2.8612
  2.8612  2.8612  5.7224
  0.0000  5.7224  5.7224
 -1.4306  1.4306 -1.4306
 -1.4306 -1.4306  1.4306
  1.4306  1.4306 -1.4306
  1.4306 -1.4306  1.4306
 -4.2918  1.4306  1.4306
 -1.4306  4.2918 -1.4306
  1.4306  4.2918 -1.4306
 -1.4306 -1.4306  4.2918
  1.4306 -1.4306  4.2918
  4.2918  1.4306  1.4306
 -4.2918  4.2918  1.4306
 -4.2918  1.4306  4.2918
  4.2918  4.2918  1.4306
  4.2918  1.4306  4.2918
 -4.2918  4.2918  4.2918
 -1.4306  7.1530  1.4306
  1.4306  7.1530  1.4306
 -1.4306  1.4306  7.1530
  1.4306  1.4306  7.1530
  4.2918  4.2918  4.2918
 -1.4306  7.1530  4.2918
 -1.4306  4.2918  7.1530
  1.4306  7.1530  4.2918
  1.4306  4.2918  7.1530
 -2.8612  0.0000  0.0000
  2.8612  0.0000  0.0000
 -2.8612  5.7224  0.0000
 -2.8612  0.0000  5.7224
  2.8612  5.7224  0.0000
  2.8612  0.0000  5.7224
 -2.8612  5.7224  5.7224
  2.8612  5.7224  5.7224
  0.0000  2.8612 -2.8612
  0.0000 -2.8612  2.8612
 -5.7224  2.8612  2.8612
  5.7224  2.8612  2.8612
 -1.4306 -1.4306 -1.4306
  1.4306 -1.4306 -1.4306
 -4.2918  1.4306 -1.4306
 -4.2918 -1.4306  1.4306
  4.2918  1.4306 -1.4306
  4.2918 -1.4306  1.4306
 -4.2918  4.2918 -1.4306
 -4.2918 -1.4306  4.2918
  4.2918  4.2918 -1.4306
  4.2918 -1.4306  4.2918
 -1.4306  7.1530 -1.4306
  1.4306  7.1530 -1.4306
 -1.4306 -1.4306  7.1530
  1.4306 -1.4306  7.1530
 -4.2918  7.1530  1.4306
 -4.2918  1.4306  7.1530
  4.2918  7.1530  1.4306
  4.2918  1.4306  7.1530
  0.0000  0.0000 -2.8612
  0.0000 -2.8612  0.0000
 -2.8612  2.8612 -2.8612
 -2.8612 -2.8612  2.8612
  2.8612  2.8612 -2.8612
  2.8612 -2.8612  2.8612
 -5.7224  2.8612  0.0000
 -5.7224  0.0000  2.8612
  0.0000  5.7224 -2.8612
  0.0000 -2.8612  5.7224
  5.7224  2.8612  0.0000
  5.7224  0.0000  2.8612
 -5.7224  5.7224  2.8612
 -5.7224  2.8612  5.7224
  0.0000  8.5836  0.0000
  0.0000  0.0000  8.5836
  5.7224  5.7224  2.8612
  5.7224  2.8612  5.7224
 -2.8612  0.0000 -2.8612
 -2.8612 -2.8612  0.0000
  2.8612  0.0000 -2.8612
  2.8612 -2.8612  0.0000
 -5.7224  0.0000  0.0000
  5.7224  0.0000  0.0000
 -2.8612  5.7224 -2.8612
  2.8612  5.7224 -2.8612
 -2.8612 -2.8612  5.7224
  2.8612 -2.8612  5.7224
 -5.7224  5.7224  0.0000
 -5.7224  0.0000  5.7224
  5.7224  5.7224  0.0000
  5.7224  0.0000  5.7224
 -4.2918 -1.4306 -1.4306
 -1.4306  1.4306 -4.2918
  1.4306  1.4306 -4.2918
 -1.4306 -4.2918  1.4306
  1.4306 -4.2918  1.4306
  4.2918 -1.4306 -1.4306
 -1.4306  4.2918 -4.2918
  1.4306  4.2918 -4.2918
 -1.4306 -4.2918  4.2918
  1.4306 -4.2918  4.2918
 -7.1530  1.4306  1.4306
  7.1530  1.4306  1.4306
 -7.1530  4.2918  1.4306
 -4.2918  7.1530 -1.4306
 -7.1530  1.4306  4.2918
 -4.2918 -1.4306  7.1530
  4.2918  7.1530 -1.4306
  7.1530  4.2918  1.4306
  4.2918 -1.4306  7.1530
  7.1530  1.4306  4.2918
  0.0000 -2.8612 -2.8612
 -5.7224  2.8612 -2.8612
 -5.7224 -2.8612  2.8612
  5.7224  2.8612 -2.8612
  5.7224 -2.8612  2.8612
 -1.4306 -1.4306 -4.2918
 -1.4306 -4.2918 -1.4306
  1.4306 -1.4306 -4.2918
  1.4306 -4.2918 -1.4306
 -4.2918  1.4306 -4.2918
 -4.2918 -4.2918  1.4306
  4.2918  1.4306 -4.2918
  4.2918 -4.2918  1.4306
 -7.1530  1.4306 -1.4306
 -4.2918  4.2918 -4.2918
 -7.1530 -1.4306  1.4306
 -4.2918 -4.2918  4.2918
  4.2918  4.2918 -4.2918
  7.1530  1.4306 -1.4306
  4.2918 -4.2918  4.2918
  7.1530 -1.4306  1.4306
 -7.1530  4.2918 -1.4306
 -1.4306  7.1530 -4.2918
 -7.1530 -1.4306  4.2918
  1.4306  7.1530 -4.2918
 -1.4306 -4.2918  7.1530
  7.1530  4.2918 -1.4306
  1.4306 -4.2918  7.1530
  7.1530 -1.4306  4.2918
 -2.8612 -2.8612 -2.8612
  2.8612 -2.8612 -2.8612
 -5.7224  0.0000 -2.8612
 -5.7224 -2.8612  0.0000
  0.0000  2.8612 -5.7224
  0.0000 -5.7224  2.8612
  5.7224  0.0000 -2.8612
  5.7224 -2.8612  0.0000
 -5.7224  5.7224 -2.8612
 -5.7224 -2.8612  5.7224
  5.7224  5.7224 -2.8612
  5.7224 -2.8612  5.7224
  0.0000  0.0000 -5.7224
  0.0000 -5.7224  0.0000
 -2.8612  2.8612 -5.7224
  2.8612  2.8612 -5.7224
 -2.8612 -5.7224  2.8612
  2.8612 -5.7224  2.8612
  0.0000  5.7224 -5.7224
  0.0000 -5.7224  5.7224
 -4.2918 -1.4306 -4.2918
 -4.2918 -4.2918 -1.4306
  4.2918 -1.4306 -4.2918
  4.2918 -4.2918 -1.4306
 -7.1530 -1.4306 -1.4306
  7.1530 -1.4306 -1.4306
 -2.8612  0.0000 -5.7224
 -2.8612 -5.7224  0.0000
  2.8612  0.0000 -5.7224
  2.8612 -5.7224  0.0000
 -8.5836  0.0000  0.0000
 -2.8612  5.7224 -5.7224
  2.8612  5.7224 -5.7224
 -2.8612 -5.7224  5.7224
  2.8612 -5.7224  5.7224
  8.5836  0.0000  0.0000
 -5.7224 -2.8612 -2.8612
  5.7224 -2.8612 -2.8612
 -1.4306 -4.2918 -4.2918
  1.4306 -4.2918 -4.2918
 -1.4306  1.4306 -7.1530
  1.4306  1.4306 -7.1530
 -1.4306 -7.1530  1.4306
  1.4306 -7.1530  1.4306
 -7.1530  1.4306 -4.2918
 -1.4306  4.2918 -7.1530
 -7.1530 -4.2918  1.4306
  1.4306  4.2918 -7.1530
 -1.4306 -7.1530  4.2918
  7.1530  1.4306 -4.2918
  1.4306 -7.1530  4.2918
  7.1530 -4.2918  1.4306
  0.0000 -2.8612 -5.7224
  0.0000 -5.7224 -2.8612
 -5.7224  2.8612 -5.7224
 -5.7224 -5.7224  2.8612
  5.7224  2.8612 -5.7224
  5.7224 -5.7224  2.8612
 -2.8612 -2.8612 -5.7224
 -2.8612 -5.7224 -2.8612
  2.8612 -2.8612 -5.7224
  2.8612 -5.7224 -2.8612
 -5.7224  0.0000 -5.7224
 -5.7224 -5.7224  0.0000
  5.7224  0.0000 -5.7224
  5.7224 -5.7224  0.0000
 -4.2918 -4.2918 -4.2918
 -1.4306 -1.4306 -7.1530
  1.4306 -1.4306 -7.1530
 -1.4306 -7.1530 -1.4306
  1.4306 -7.1530 -1.4306
  4.2918 -4.2918 -4.2918
 -7.1530 -1.4306 -4.2918
 -4.2918  1.4306 -7.1530
 -7.1530 -4.2918 -1.4306
 -4.2918 -7.1530  1.4306
  4.2918  1.4306 -7.1530
  7.1530 -1.4306 -4.2918
  4.2918 -7.1530  1.4306
  7.1530 -4.2918 -1.4306
 -4.2918 -1.4306 -7.1530
 -4.2918 -7.1530 -1.4306
  4.2918 -1.4306 -7.1530
  4.2918 -7.1530 -1.4306
 -5.7224 -2.8612 -5.7224
 -5.7224 -5.7224 -2.8612
  0.0000  0.0000 -8.5836
  0.0000 -8.5836  0.0000
  5.7224 -2.8612 -5.7224
  5.7224 -5.7224 -2.8612
  0.0000 -5.7224 -5.7224
 -1.4306 -4.2918 -7.1530
 -1.4306 -7.1530 -4.2918
  1.4306 -4.2918 -7.1530
  1.4306 -7.1530 -4.2918
 -2.8612 -5.7224 -5.7224
  2.8612 -5.7224 -5.7224
 LMAX= 2   Q=  0.697000  0.106060  0.021428
 NDEF=         0
