===========================================================================
|                       Total Energy                                      |
===========================================================================
Total energy of system:     -5084.6729568100
===========================================================================
|                       Band Energy                                       |
===========================================================================
Band energy of system:    -2.7816582223
===========================================================================
|                     Magnetization                                       |
===========================================================================
Total magnetization:     2.3800971545
Spin moment of atom   1:  2.380097
Spin moment projections of atom   1:  0.000000 -0.000000  2.380097
Magnetic force on atom   1:       -0.000000        0.000000   -60376.901101
===========================================================================
|                       Charge Transfer                                   |
===========================================================================
Charge at atom   1:  7.999290
Charge transfer at atom   1: -0.000710
===========================================================================
|                       Fermi Energy                                      |
===========================================================================
Fermi energy:  -0.163560
