===========================================================================
|                       Total Energy                                      |
===========================================================================
Total energy of system:     -5083.9637875070
===========================================================================
|                       Band Energy                                       |
===========================================================================
Band energy of system:    -3.9955638114
===========================================================================
|                     Magnetization                                       |
===========================================================================
Total magnetization:     4.2079090069
Spin moment of atom   1:  2.103955
Spin moment projections of atom   1:  0.000000  0.000000  2.103955
Magnetic force on atom   1:       -0.000000       -0.000000   -59277.451109
Spin moment of atom   2:  2.103955
Spin moment projections of atom   2:  0.000000  0.000000  2.103955
Magnetic force on atom   2:       -0.000000       -0.000000   -59277.451183
===========================================================================
|                       Charge Transfer                                   |
===========================================================================
Charge at atom   1:  8.000000
Charge transfer at atom   1:  0.000000
Charge at atom   2:  8.000000
Charge transfer at atom   2: -0.000000
===========================================================================
|                       Fermi Energy                                      |
===========================================================================
Fermi energy:  -0.069282
