 irec           2           1           2
 irec type           1           2
 ndi=        8940
 8940
 LATTICE COORDINATES
    1  0.0000  0.0000  0.0000    2  1.4306  1.4306  1.4306
 ndi=        8940
 remd
 outmap           0           2
 NEAREST NEIGHBOUR MAP
      ATOM   TYPE  CONNECTIVITY     NEIGHBOURS
    1   1  15      2 1818 2124 2144 2145 2164 2470 6452 6453 6472 6473 6778 6779 6798
    2   2  15      1 2145 2164 2165 2470 2471 2490 2491 6473 6779 6798 6799 6819 7125
 8940   15
 Sbar atom no:    1 Ntot:    2
  259
  0.0000  0.0000  0.0000
  1.4306  1.4306  1.4306
 -8.5836  0.0000  0.0000
 -5.7224 -5.7224 -2.8612
 -5.7224 -5.7224  0.0000
 -5.7224 -5.7224  2.8612
 -5.7224 -2.8612 -5.7224
 -5.7224 -2.8612 -2.8612
 -5.7224 -2.8612  0.0000
 -5.7224 -2.8612  2.8612
 -5.7224 -2.8612  5.7224
 -5.7224  0.0000 -5.7224
 -5.7224  0.0000 -2.8612
 -5.7224  0.0000  0.0000
 -5.7224  0.0000  2.8612
 -5.7224  0.0000  5.7224
 -5.7224  2.8612 -5.7224
 -5.7224  2.8612 -2.8612
 -5.7224  2.8612  0.0000
 -5.7224  2.8612  2.8612
 -5.7224  2.8612  5.7224
 -5.7224  5.7224 -2.8612
 -5.7224  5.7224  0.0000
 -5.7224  5.7224  2.8612
 -2.8612 -5.7224 -5.7224
 -2.8612 -5.7224 -2.8612
 -2.8612 -5.7224  0.0000
 -2.8612 -5.7224  2.8612
 -2.8612 -5.7224  5.7224
 -2.8612 -2.8612 -5.7224
 -2.8612 -2.8612 -2.8612
 -2.8612 -2.8612  0.0000
 -2.8612 -2.8612  2.8612
 -2.8612 -2.8612  5.7224
 -2.8612  0.0000 -5.7224
 -2.8612  0.0000 -2.8612
 -2.8612  0.0000  0.0000
 -2.8612  0.0000  2.8612
 -2.8612  0.0000  5.7224
 -2.8612  2.8612 -5.7224
 -2.8612  2.8612 -2.8612
 -2.8612  2.8612  0.0000
 -2.8612  2.8612  2.8612
 -2.8612  2.8612  5.7224
 -2.8612  5.7224 -5.7224
 -2.8612  5.7224 -2.8612
 -2.8612  5.7224  0.0000
 -2.8612  5.7224  2.8612
 -2.8612  5.7224  5.7224
  0.0000 -8.5836  0.0000
  0.0000 -5.7224 -5.7224
  0.0000 -5.7224 -2.8612
  0.0000 -5.7224  0.0000
  0.0000 -5.7224  2.8612
  0.0000 -5.7224  5.7224
  0.0000 -2.8612 -5.7224
  0.0000 -2.8612 -2.8612
  0.0000 -2.8612  0.0000
  0.0000 -2.8612  2.8612
  0.0000 -2.8612  5.7224
  0.0000  0.0000 -8.5836
  0.0000  0.0000 -5.7224
  0.0000  0.0000 -2.8612
  0.0000  0.0000  2.8612
  0.0000  0.0000  5.7224
  0.0000  0.0000  8.5836
  0.0000  2.8612 -5.7224
  0.0000  2.8612 -2.8612
  0.0000  2.8612  0.0000
  0.0000  2.8612  2.8612
  0.0000  2.8612  5.7224
  0.0000  5.7224 -5.7224
  0.0000  5.7224 -2.8612
  0.0000  5.7224  0.0000
  0.0000  5.7224  2.8612
  0.0000  5.7224  5.7224
  0.0000  8.5836  0.0000
  2.8612 -5.7224 -5.7224
  2.8612 -5.7224 -2.8612
  2.8612 -5.7224  0.0000
  2.8612 -5.7224  2.8612
  2.8612 -5.7224  5.7224
  2.8612 -2.8612 -5.7224
  2.8612 -2.8612 -2.8612
  2.8612 -2.8612  0.0000
  2.8612 -2.8612  2.8612
  2.8612 -2.8612  5.7224
  2.8612  0.0000 -5.7224
  2.8612  0.0000 -2.8612
  2.8612  0.0000  0.0000
  2.8612  0.0000  2.8612
  2.8612  0.0000  5.7224
  2.8612  2.8612 -5.7224
  2.8612  2.8612 -2.8612
  2.8612  2.8612  0.0000
  2.8612  2.8612  2.8612
  2.8612  2.8612  5.7224
  2.8612  5.7224 -5.7224
  2.8612  5.7224 -2.8612
  2.8612  5.7224  0.0000
  2.8612  5.7224  2.8612
  2.8612  5.7224  5.7224
  5.7224 -5.7224 -2.8612
  5.7224 -5.7224  0.0000
  5.7224 -5.7224  2.8612
  5.7224 -2.8612 -5.7224
  5.7224 -2.8612 -2.8612
  5.7224 -2.8612  0.0000
  5.7224 -2.8612  2.8612
  5.7224 -2.8612  5.7224
  5.7224  0.0000 -5.7224
  5.7224  0.0000 -2.8612
  5.7224  0.0000  0.0000
  5.7224  0.0000  2.8612
  5.7224  0.0000  5.7224
  5.7224  2.8612 -5.7224
  5.7224  2.8612 -2.8612
  5.7224  2.8612  0.0000
  5.7224  2.8612  2.8612
  5.7224  2.8612  5.7224
  5.7224  5.7224 -2.8612
  5.7224  5.7224  0.0000
  5.7224  5.7224  2.8612
  8.5836  0.0000  0.0000
 -7.1530 -4.2918 -1.4306
 -7.1530 -4.2918  1.4306
 -7.1530 -1.4306 -4.2918
 -7.1530 -1.4306 -1.4306
 -7.1530 -1.4306  1.4306
 -7.1530 -1.4306  4.2918
 -7.1530  1.4306 -4.2918
 -7.1530  1.4306 -1.4306
 -7.1530  1.4306  1.4306
 -7.1530  1.4306  4.2918
 -7.1530  4.2918 -1.4306
 -7.1530  4.2918  1.4306
 -4.2918 -7.1530 -1.4306
 -4.2918 -7.1530  1.4306
 -4.2918 -4.2918 -4.2918
 -4.2918 -4.2918 -1.4306
 -4.2918 -4.2918  1.4306
 -4.2918 -4.2918  4.2918
 -4.2918 -1.4306 -7.1530
 -4.2918 -1.4306 -4.2918
 -4.2918 -1.4306 -1.4306
 -4.2918 -1.4306  1.4306
 -4.2918 -1.4306  4.2918
 -4.2918 -1.4306  7.1530
 -4.2918  1.4306 -7.1530
 -4.2918  1.4306 -4.2918
 -4.2918  1.4306 -1.4306
 -4.2918  1.4306  1.4306
 -4.2918  1.4306  4.2918
 -4.2918  1.4306  7.1530
 -4.2918  4.2918 -4.2918
 -4.2918  4.2918 -1.4306
 -4.2918  4.2918  1.4306
 -4.2918  4.2918  4.2918
 -4.2918  7.1530 -1.4306
 -4.2918  7.1530  1.4306
 -1.4306 -7.1530 -4.2918
 -1.4306 -7.1530 -1.4306
 -1.4306 -7.1530  1.4306
 -1.4306 -7.1530  4.2918
 -1.4306 -4.2918 -7.1530
 -1.4306 -4.2918 -4.2918
 -1.4306 -4.2918 -1.4306
 -1.4306 -4.2918  1.4306
 -1.4306 -4.2918  4.2918
 -1.4306 -4.2918  7.1530
 -1.4306 -1.4306 -7.1530
 -1.4306 -1.4306 -4.2918
 -1.4306 -1.4306 -1.4306
 -1.4306 -1.4306  1.4306
 -1.4306 -1.4306  4.2918
 -1.4306 -1.4306  7.1530
 -1.4306  1.4306 -7.1530
 -1.4306  1.4306 -4.2918
 -1.4306  1.4306 -1.4306
 -1.4306  1.4306  1.4306
 -1.4306  1.4306  4.2918
 -1.4306  1.4306  7.1530
 -1.4306  4.2918 -7.1530
 -1.4306  4.2918 -4.2918
 -1.4306  4.2918 -1.4306
 -1.4306  4.2918  1.4306
 -1.4306  4.2918  4.2918
 -1.4306  4.2918  7.1530
 -1.4306  7.1530 -4.2918
 -1.4306  7.1530 -1.4306
 -1.4306  7.1530  1.4306
 -1.4306  7.1530  4.2918
  1.4306 -7.1530 -4.2918
  1.4306 -7.1530 -1.4306
  1.4306 -7.1530  1.4306
  1.4306 -7.1530  4.2918
  1.4306 -4.2918 -7.1530
  1.4306 -4.2918 -4.2918
  1.4306 -4.2918 -1.4306
  1.4306 -4.2918  1.4306
  1.4306 -4.2918  4.2918
  1.4306 -4.2918  7.1530
  1.4306 -1.4306 -7.1530
  1.4306 -1.4306 -4.2918
  1.4306 -1.4306 -1.4306
  1.4306 -1.4306  1.4306
  1.4306 -1.4306  4.2918
  1.4306 -1.4306  7.1530
  1.4306  1.4306 -7.1530
  1.4306  1.4306 -4.2918
  1.4306  1.4306 -1.4306
  1.4306  1.4306  4.2918
  1.4306  1.4306  7.1530
  1.4306  4.2918 -7.1530
  1.4306  4.2918 -4.2918
  1.4306  4.2918 -1.4306
  1.4306  4.2918  1.4306
  1.4306  4.2918  4.2918
  1.4306  4.2918  7.1530
  1.4306  7.1530 -4.2918
  1.4306  7.1530 -1.4306
  1.4306  7.1530  1.4306
  1.4306  7.1530  4.2918
  4.2918 -7.1530 -1.4306
  4.2918 -7.1530  1.4306
  4.2918 -4.2918 -4.2918
  4.2918 -4.2918 -1.4306
  4.2918 -4.2918  1.4306
  4.2918 -4.2918  4.2918
  4.2918 -1.4306 -7.1530
  4.2918 -1.4306 -4.2918
  4.2918 -1.4306 -1.4306
  4.2918 -1.4306  1.4306
  4.2918 -1.4306  4.2918
  4.2918 -1.4306  7.1530
  4.2918  1.4306 -7.1530
  4.2918  1.4306 -4.2918
  4.2918  1.4306 -1.4306
  4.2918  1.4306  1.4306
  4.2918  1.4306  4.2918
  4.2918  1.4306  7.1530
  4.2918  4.2918 -4.2918
  4.2918  4.2918 -1.4306
  4.2918  4.2918  1.4306
  4.2918  4.2918  4.2918
  4.2918  7.1530 -1.4306
  4.2918  7.1530  1.4306
  7.1530 -4.2918 -1.4306
  7.1530 -4.2918  1.4306
  7.1530 -1.4306 -4.2918
  7.1530 -1.4306 -1.4306
  7.1530 -1.4306  1.4306
  7.1530 -1.4306  4.2918
  7.1530  1.4306 -4.2918
  7.1530  1.4306 -1.4306
  7.1530  1.4306  1.4306
  7.1530  1.4306  4.2918
  7.1530  4.2918 -1.4306
  7.1530  4.2918  1.4306
 LMAX= 2   Q=  0.697000  0.106060  0.021428
 NDEF=         0
 Sbar atom no:    2 Ntot:    2
  259
  0.0000  0.0000  0.0000
 -1.4306 -1.4306 -1.4306
 -7.1530 -4.2918 -1.4306
 -7.1530 -4.2918  1.4306
 -7.1530 -1.4306 -4.2918
 -7.1530 -1.4306 -1.4306
 -7.1530 -1.4306  1.4306
 -7.1530 -1.4306  4.2918
 -7.1530  1.4306 -4.2918
 -7.1530  1.4306 -1.4306
 -7.1530  1.4306  1.4306
 -7.1530  1.4306  4.2918
 -7.1530  4.2918 -1.4306
 -7.1530  4.2918  1.4306
 -4.2918 -7.1530 -1.4306
 -4.2918 -7.1530  1.4306
 -4.2918 -4.2918 -4.2918
 -4.2918 -4.2918 -1.4306
 -4.2918 -4.2918  1.4306
 -4.2918 -4.2918  4.2918
 -4.2918 -1.4306 -7.1530
 -4.2918 -1.4306 -4.2918
 -4.2918 -1.4306 -1.4306
 -4.2918 -1.4306  1.4306
 -4.2918 -1.4306  4.2918
 -4.2918 -1.4306  7.1530
 -4.2918  1.4306 -7.1530
 -4.2918  1.4306 -4.2918
 -4.2918  1.4306 -1.4306
 -4.2918  1.4306  1.4306
 -4.2918  1.4306  4.2918
 -4.2918  1.4306  7.1530
 -4.2918  4.2918 -4.2918
 -4.2918  4.2918 -1.4306
 -4.2918  4.2918  1.4306
 -4.2918  4.2918  4.2918
 -4.2918  7.1530 -1.4306
 -4.2918  7.1530  1.4306
 -1.4306 -7.1530 -4.2918
 -1.4306 -7.1530 -1.4306
 -1.4306 -7.1530  1.4306
 -1.4306 -7.1530  4.2918
 -1.4306 -4.2918 -7.1530
 -1.4306 -4.2918 -4.2918
 -1.4306 -4.2918 -1.4306
 -1.4306 -4.2918  1.4306
 -1.4306 -4.2918  4.2918
 -1.4306 -4.2918  7.1530
 -1.4306 -1.4306 -7.1530
 -1.4306 -1.4306 -4.2918
 -1.4306 -1.4306  1.4306
 -1.4306 -1.4306  4.2918
 -1.4306 -1.4306  7.1530
 -1.4306  1.4306 -7.1530
 -1.4306  1.4306 -4.2918
 -1.4306  1.4306 -1.4306
 -1.4306  1.4306  1.4306
 -1.4306  1.4306  4.2918
 -1.4306  1.4306  7.1530
 -1.4306  4.2918 -7.1530
 -1.4306  4.2918 -4.2918
 -1.4306  4.2918 -1.4306
 -1.4306  4.2918  1.4306
 -1.4306  4.2918  4.2918
 -1.4306  4.2918  7.1530
 -1.4306  7.1530 -4.2918
 -1.4306  7.1530 -1.4306
 -1.4306  7.1530  1.4306
 -1.4306  7.1530  4.2918
  1.4306 -7.1530 -4.2918
  1.4306 -7.1530 -1.4306
  1.4306 -7.1530  1.4306
  1.4306 -7.1530  4.2918
  1.4306 -4.2918 -7.1530
  1.4306 -4.2918 -4.2918
  1.4306 -4.2918 -1.4306
  1.4306 -4.2918  1.4306
  1.4306 -4.2918  4.2918
  1.4306 -4.2918  7.1530
  1.4306 -1.4306 -7.1530
  1.4306 -1.4306 -4.2918
  1.4306 -1.4306 -1.4306
  1.4306 -1.4306  1.4306
  1.4306 -1.4306  4.2918
  1.4306 -1.4306  7.1530
  1.4306  1.4306 -7.1530
  1.4306  1.4306 -4.2918
  1.4306  1.4306 -1.4306
  1.4306  1.4306  1.4306
  1.4306  1.4306  4.2918
  1.4306  1.4306  7.1530
  1.4306  4.2918 -7.1530
  1.4306  4.2918 -4.2918
  1.4306  4.2918 -1.4306
  1.4306  4.2918  1.4306
  1.4306  4.2918  4.2918
  1.4306  4.2918  7.1530
  1.4306  7.1530 -4.2918
  1.4306  7.1530 -1.4306
  1.4306  7.1530  1.4306
  1.4306  7.1530  4.2918
  4.2918 -7.1530 -1.4306
  4.2918 -7.1530  1.4306
  4.2918 -4.2918 -4.2918
  4.2918 -4.2918 -1.4306
  4.2918 -4.2918  1.4306
  4.2918 -4.2918  4.2918
  4.2918 -1.4306 -7.1530
  4.2918 -1.4306 -4.2918
  4.2918 -1.4306 -1.4306
  4.2918 -1.4306  1.4306
  4.2918 -1.4306  4.2918
  4.2918 -1.4306  7.1530
  4.2918  1.4306 -7.1530
  4.2918  1.4306 -4.2918
  4.2918  1.4306 -1.4306
  4.2918  1.4306  1.4306
  4.2918  1.4306  4.2918
  4.2918  1.4306  7.1530
  4.2918  4.2918 -4.2918
  4.2918  4.2918 -1.4306
  4.2918  4.2918  1.4306
  4.2918  4.2918  4.2918
  4.2918  7.1530 -1.4306
  4.2918  7.1530  1.4306
  7.1530 -4.2918 -1.4306
  7.1530 -4.2918  1.4306
  7.1530 -1.4306 -4.2918
  7.1530 -1.4306 -1.4306
  7.1530 -1.4306  1.4306
  7.1530 -1.4306  4.2918
  7.1530  1.4306 -4.2918
  7.1530  1.4306 -1.4306
  7.1530  1.4306  1.4306
  7.1530  1.4306  4.2918
  7.1530  4.2918 -1.4306
  7.1530  4.2918  1.4306
 -8.5836  0.0000  0.0000
 -5.7224 -5.7224 -2.8612
 -5.7224 -5.7224  0.0000
 -5.7224 -5.7224  2.8612
 -5.7224 -2.8612 -5.7224
 -5.7224 -2.8612 -2.8612
 -5.7224 -2.8612  0.0000
 -5.7224 -2.8612  2.8612
 -5.7224 -2.8612  5.7224
 -5.7224  0.0000 -5.7224
 -5.7224  0.0000 -2.8612
 -5.7224  0.0000  0.0000
 -5.7224  0.0000  2.8612
 -5.7224  0.0000  5.7224
 -5.7224  2.8612 -5.7224
 -5.7224  2.8612 -2.8612
 -5.7224  2.8612  0.0000
 -5.7224  2.8612  2.8612
 -5.7224  2.8612  5.7224
 -5.7224  5.7224 -2.8612
 -5.7224  5.7224  0.0000
 -5.7224  5.7224  2.8612
 -2.8612 -5.7224 -5.7224
 -2.8612 -5.7224 -2.8612
 -2.8612 -5.7224  0.0000
 -2.8612 -5.7224  2.8612
 -2.8612 -5.7224  5.7224
 -2.8612 -2.8612 -5.7224
 -2.8612 -2.8612 -2.8612
 -2.8612 -2.8612  0.0000
 -2.8612 -2.8612  2.8612
 -2.8612 -2.8612  5.7224
 -2.8612  0.0000 -5.7224
 -2.8612  0.0000 -2.8612
 -2.8612  0.0000  0.0000
 -2.8612  0.0000  2.8612
 -2.8612  0.0000  5.7224
 -2.8612  2.8612 -5.7224
 -2.8612  2.8612 -2.8612
 -2.8612  2.8612  0.0000
 -2.8612  2.8612  2.8612
 -2.8612  2.8612  5.7224
 -2.8612  5.7224 -5.7224
 -2.8612  5.7224 -2.8612
 -2.8612  5.7224  0.0000
 -2.8612  5.7224  2.8612
 -2.8612  5.7224  5.7224
  0.0000 -8.5836  0.0000
  0.0000 -5.7224 -5.7224
  0.0000 -5.7224 -2.8612
  0.0000 -5.7224  0.0000
  0.0000 -5.7224  2.8612
  0.0000 -5.7224  5.7224
  0.0000 -2.8612 -5.7224
  0.0000 -2.8612 -2.8612
  0.0000 -2.8612  0.0000
  0.0000 -2.8612  2.8612
  0.0000 -2.8612  5.7224
  0.0000  0.0000 -8.5836
  0.0000  0.0000 -5.7224
  0.0000  0.0000 -2.8612
  0.0000  0.0000  2.8612
  0.0000  0.0000  5.7224
  0.0000  0.0000  8.5836
  0.0000  2.8612 -5.7224
  0.0000  2.8612 -2.8612
  0.0000  2.8612  0.0000
  0.0000  2.8612  2.8612
  0.0000  2.8612  5.7224
  0.0000  5.7224 -5.7224
  0.0000  5.7224 -2.8612
  0.0000  5.7224  0.0000
  0.0000  5.7224  2.8612
  0.0000  5.7224  5.7224
  0.0000  8.5836  0.0000
  2.8612 -5.7224 -5.7224
  2.8612 -5.7224 -2.8612
  2.8612 -5.7224  0.0000
  2.8612 -5.7224  2.8612
  2.8612 -5.7224  5.7224
  2.8612 -2.8612 -5.7224
  2.8612 -2.8612 -2.8612
  2.8612 -2.8612  0.0000
  2.8612 -2.8612  2.8612
  2.8612 -2.8612  5.7224
  2.8612  0.0000 -5.7224
  2.8612  0.0000 -2.8612
  2.8612  0.0000  0.0000
  2.8612  0.0000  2.8612
  2.8612  0.0000  5.7224
  2.8612  2.8612 -5.7224
  2.8612  2.8612 -2.8612
  2.8612  2.8612  0.0000
  2.8612  2.8612  2.8612
  2.8612  2.8612  5.7224
  2.8612  5.7224 -5.7224
  2.8612  5.7224 -2.8612
  2.8612  5.7224  0.0000
  2.8612  5.7224  2.8612
  2.8612  5.7224  5.7224
  5.7224 -5.7224 -2.8612
  5.7224 -5.7224  0.0000
  5.7224 -5.7224  2.8612
  5.7224 -2.8612 -5.7224
  5.7224 -2.8612 -2.8612
  5.7224 -2.8612  0.0000
  5.7224 -2.8612  2.8612
  5.7224 -2.8612  5.7224
  5.7224  0.0000 -5.7224
  5.7224  0.0000 -2.8612
  5.7224  0.0000  0.0000
  5.7224  0.0000  2.8612
  5.7224  0.0000  5.7224
  5.7224  2.8612 -5.7224
  5.7224  2.8612 -2.8612
  5.7224  2.8612  0.0000
  5.7224  2.8612  2.8612
  5.7224  2.8612  5.7224
  5.7224  5.7224 -2.8612
  5.7224  5.7224  0.0000
  5.7224  5.7224  2.8612
  8.5836  0.0000  0.0000
 LMAX= 2   Q=  0.697000  0.106060  0.021428
 NDEF=         0
